[ 2018-08-09T12:36:45+08:00 ] ::1 ::1 GET /jobmana/public/index.php/admin/index/index.html
[ log ] localhost:81/jobmana/public/index.php/admin/index/index.html [ËøêË°åÊó∂Èó¥Ôºö1.058061s][ÂêûÂêêÁéáÔºö0.95req/s] [ÂÜÖÂ≠òÊ∂àËÄóÔºö5,335.19kb] [Êñá‰ª∂Âä†ËΩΩÔºö75]
[ info ] [ LANG ] E:\phpstudy\WWW\jobmana\thinkphp\lang\zh-cn.php
[ info ] [ ROUTE ] array (
  'type' => 'module',
  'module' => 
  array (
    0 => 'admin',
    1 => 'index',
    2 => 'index',
  ),
)
[ info ] [ HEADER ] array (
  'host' => 'localhost:81',
  'connection' => 'keep-alive',
  'cache-control' => 'max-age=0',
  'upgrade-insecure-requests' => '1',
  'user-agent' => 'Mozilla/5.0 (Windows NT 6.1; WOW64) AppleWebKit/537.36 (KHTML, like Gecko) Chrome/64.0.3282.140 Safari/537.36',
  'accept' => 'text/html,application/xhtml+xml,application/xml;q=0.9,image/webp,image/apng,*/*;q=0.8',
  'referer' => 'http://localhost:81/jobmana/public/index.php/admin/pub/login.html',
  'accept-encoding' => 'gzip, deflate, br',
  'accept-language' => 'zh-CN,zh;q=0.9',
  'cookie' => 'thinkphp_show_page_trace=0|0; PHPSESSID=bnv6eit3sn0lviurhnnrk25j97',
)
[ info ] [ PARAM ] array (
)
[ info ] [ SESSION ] INIT array (
  'id' => '',
  'var_session_id' => '',
  'prefix' => 'think',
  'type' => '',
  'auto_start' => true,
)
[ info ] [ BEHAVIOR ] Run \app\common\behavior\WebLog @module_init [ RunTime:0.043002s ]
[ info ] [ RUN ] app\admin\controller\Index->index[ E:\phpstudy\WWW\jobmana\application\admin\controller\Index.php ]
[ info ] [ DB ] INIT mysql
[ info ] [ VIEW ] E:\phpstudy\WWW\jobmana\public/../application/admin\view\index\index.html [ array (
  0 => 'groups',
  1 => 'menu',
) ]
[ info ] [ RUN ] app\admin\widget\Index->menu[ E:\phpstudy\WWW\jobmana\application\admin\widget\Index.php ]
[ info ] [ RUN ] app\admin\widget\Index->menu[ E:\phpstudy\WWW\jobmana\application\admin\widget\Index.php ]
[ info ] [ RUN ] app\admin\widget\Index->menu[ E:\phpstudy\WWW\jobmana\application\admin\widget\Index.php ]
[ info ] [ RUN ] app\admin\widget\Index->menu[ E:\phpstudy\WWW\jobmana\application\admin\widget\Index.php ]
[ info ] [ RUN ] app\admin\widget\Index->menu[ E:\phpstudy\WWW\jobmana\application\admin\widget\Index.php ]
[ info ] [ RUN ] app\admin\widget\Index->menu[ E:\phpstudy\WWW\jobmana\application\admin\widget\Index.php ]
[ info ] [ RUN ] app\admin\widget\Index->menu[ E:\phpstudy\WWW\jobmana\application\admin\widget\Index.php ]
[ info ] [ RUN ] app\admin\widget\Index->menu[ E:\phpstudy\WWW\jobmana\application\admin\widget\Index.php ]
[ info ] [ RUN ] app\admin\widget\Index->menu[ E:\phpstudy\WWW\jobmana\application\admin\widget\Index.php ]
[ info ] [ RUN ] app\admin\widget\Index->menu[ E:\phpstudy\WWW\jobmana\application\admin\widget\Index.php ]
[ info ] [ RUN ] app\admin\widget\Index->menu[ E:\phpstudy\WWW\jobmana\application\admin\widget\Index.php ]
[ info ] [ RUN ] app\admin\widget\Index->menu[ E:\phpstudy\WWW\jobmana\application\admin\widget\Index.php ]
[ info ] [ BEHAVIOR ] Run \app\common\behavior\WebLog @app_end [ RunTime:0.030002s ]
[ info ] [ LOG ] INIT File
[ sql ] [ DB ] CONNECT:[ UseTime:0.015001s ] mysql:dbname=tpadmin;host=127.0.0.1;charset=utf8
[ sql ] [ SQL ] SHOW COLUMNS FROM `tp_admin_node` [ RunTime:0.020001s ]
[ sql ] [ SQL ] SELECT `id`,`pid`,`name`,`group_id`,`title`,`type` FROM `tp_admin_node` WHERE  (  status=1 AND group_id > 0 ) [ RunTime:0.001000s ]
[ sql ] [ SQL ] SHOW COLUMNS FROM `tp_admin_group` [ RunTime:0.013001s ]
[ sql ] [ SQL ] SELECT `id`,`name`,`icon` FROM `tp_admin_group` WHERE  `id` IN (1,2,3,4,5,6)  AND `status` = 1 ORDER BY sort asc,id asc [ RunTime:0.001000s ]
[ sql ] [ SQL ] SHOW COLUMNS FROM `tp_web_log_all` [ RunTime:0.027002s ]
[ sql ] [ SQL ] INSERT INTO `tp_web_log_all` (`uid` , `ip` , `location` , `os` , `browser` , `url` , `module` , `controller` , `action` , `method` , `data` , `create_at`) VALUES (1 , '0.0.0.0' , '‰øùÁïôÂú∞ÂùÄ ‰øùÁïôÂú∞ÂùÄ  ' , 'Windows 7' , 'Chrome(64.0.3282.140)' , 'http://localhost:81/jobmana/public/index.php/admin/index/index.html' , 'admin' , 'Index' , 'index' , 'GET' , 'a:0:{}' , 1533789404) [ RunTime:0.001000s ]

---------------------------------------------------------------
[ 2018-08-09T12:36:46+08:00 ] ::1 ::1 GET /jobmana/public/index.php/admin/index/welcome.html
[ log ] localhost:81/jobmana/public/index.php/admin/index/welcome.html [ËøêË°åÊó∂Èó¥Ôºö0.923053s][ÂêûÂêêÁéáÔºö1.08req/s] [ÂÜÖÂ≠òÊ∂àËÄóÔºö5,309.89kb] [Êñá‰ª∂Âä†ËΩΩÔºö73]
[ info ] [ LANG ] E:\phpstudy\WWW\jobmana\thinkphp\lang\zh-cn.php
[ info ] [ ROUTE ] array (
  'type' => 'module',
  'module' => 
  array (
    0 => 'admin',
    1 => 'index',
    2 => 'welcome',
  ),
)
[ info ] [ HEADER ] array (
  'host' => 'localhost:81',
  'connection' => 'keep-alive',
  'upgrade-insecure-requests' => '1',
  'user-agent' => 'Mozilla/5.0 (Windows NT 6.1; WOW64) AppleWebKit/537.36 (KHTML, like Gecko) Chrome/64.0.3282.140 Safari/537.36',
  'accept' => 'text/html,application/xhtml+xml,application/xml;q=0.9,image/webp,image/apng,*/*;q=0.8',
  'referer' => 'http://localhost:81/jobmana/public/index.php/admin/index/index.html',
  'accept-encoding' => 'gzip, deflate, br',
  'accept-language' => 'zh-CN,zh;q=0.9',
  'cookie' => 'thinkphp_show_page_trace=0|0; PHPSESSID=bnv6eit3sn0lviurhnnrk25j97',
)
[ info ] [ PARAM ] array (
)
[ info ] [ SESSION ] INIT array (
  'id' => '',
  'var_session_id' => '',
  'prefix' => 'think',
  'type' => '',
  'auto_start' => true,
)
[ info ] [ BEHAVIOR ] Run \app\common\behavior\WebLog @module_init [ RunTime:0.044003s ]
[ info ] [ RUN ] app\admin\controller\Index->welcome[ E:\phpstudy\WWW\jobmana\application\admin\controller\Index.php ]
[ info ] [ DB ] INIT mysql
[ info ] [ VIEW ] E:\phpstudy\WWW\jobmana\public/../application/admin\view\index\welcome.html [ array (
  0 => 'last_login_ip',
  1 => 'last_login_loc',
  2 => 'current_login_ip',
  3 => 'current_login_loc',
  4 => 'info',
) ]
[ info ] [ BEHAVIOR ] Run \app\common\behavior\WebLog @app_end [ RunTime:0.042003s ]
[ info ] [ LOG ] INIT File
[ sql ] [ DB ] CONNECT:[ UseTime:0.017001s ] mysql:dbname=tpadmin;host=127.0.0.1;charset=utf8
[ sql ] [ SQL ] SHOW COLUMNS FROM `tp_admin_user` [ RunTime:0.016001s ]
[ sql ] [ SQL ] SELECT * FROM `tp_admin_user` WHERE  `id` = 1 LIMIT 1 [ RunTime:0.001000s ]
[ sql ] [ SQL ] SHOW COLUMNS FROM `tp_web_log_all` [ RunTime:0.037002s ]
[ sql ] [ SQL ] INSERT INTO `tp_web_log_all` (`uid` , `ip` , `location` , `os` , `browser` , `url` , `module` , `controller` , `action` , `method` , `data` , `create_at`) VALUES (1 , '0.0.0.0' , '‰øùÁïôÂú∞ÂùÄ ‰øùÁïôÂú∞ÂùÄ  ' , 'Windows 7' , 'Chrome(64.0.3282.140)' , 'http://localhost:81/jobmana/public/index.php/admin/index/welcome.html' , 'admin' , 'Index' , 'welcome' , 'GET' , 'a:0:{}' , 1533789405) [ RunTime:0.001000s ]

---------------------------------------------------------------
[ 2018-08-09T12:36:51+08:00 ] ::1 ::1 GET /jobmana/public/index.php/admin/companyman/index.html
[ log ] localhost:81/jobmana/public/index.php/admin/companyman/index.html [ËøêË°åÊó∂Èó¥Ôºö0.983056s][ÂêûÂêêÁéáÔºö1.02req/s] [ÂÜÖÂ≠òÊ∂àËÄóÔºö5,712.91kb] [Êñá‰ª∂Âä†ËΩΩÔºö79]
[ info ] [ LANG ] E:\phpstudy\WWW\jobmana\thinkphp\lang\zh-cn.php
[ info ] [ ROUTE ] array (
  'type' => 'module',
  'module' => 
  array (
    0 => 'admin',
    1 => 'companyman',
    2 => 'index',
  ),
)
[ info ] [ HEADER ] array (
  'host' => 'localhost:81',
  'connection' => 'keep-alive',
  'upgrade-insecure-requests' => '1',
  'user-agent' => 'Mozilla/5.0 (Windows NT 6.1; WOW64) AppleWebKit/537.36 (KHTML, like Gecko) Chrome/64.0.3282.140 Safari/537.36',
  'accept' => 'text/html,application/xhtml+xml,application/xml;q=0.9,image/webp,image/apng,*/*;q=0.8',
  'referer' => 'http://localhost:81/jobmana/public/index.php/admin/index/index.html',
  'accept-encoding' => 'gzip, deflate, br',
  'accept-language' => 'zh-CN,zh;q=0.9',
  'cookie' => 'thinkphp_show_page_trace=0|0; PHPSESSID=bnv6eit3sn0lviurhnnrk25j97',
)
[ info ] [ PARAM ] array (
)
[ info ] [ SESSION ] INIT array (
  'id' => '',
  'var_session_id' => '',
  'prefix' => 'think',
  'type' => '',
  'auto_start' => true,
)
[ info ] [ BEHAVIOR ] Run \app\common\behavior\WebLog @module_init [ RunTime:0.046002s ]
[ info ] [ RUN ] app\admin\controller\Companyman->index[ E:\phpstudy\WWW\jobmana\application\admin\traits\controller\Controller.php ]
[ info ] [ DB ] INIT mysql
[ info ] [ VIEW ] E:\phpstudy\WWW\jobmana\public/../application/admin\view\companyman\index.html [ array (
  0 => 'list',
  1 => 'count',
  2 => 'page',
  3 => 'numPerPage',
) ]
[ info ] [ BEHAVIOR ] Run \app\common\behavior\WebLog @app_end [ RunTime:0.020001s ]
[ info ] [ LOG ] INIT File
[ sql ] [ DB ] CONNECT:[ UseTime:0.016000s ] mysql:dbname=tpadmin;host=127.0.0.1;charset=utf8
[ sql ] [ SQL ] SHOW COLUMNS FROM `tp_companyman` [ RunTime:0.017000s ]
[ sql ] [ SQL ] SELECT COUNT(*) AS tp_count FROM `tp_companyman` WHERE  `isdelete` = 0 LIMIT 1 [ RunTime:0.001000s ]
[ sql ] [ SQL ] SELECT * FROM `tp_companyman` WHERE  `isdelete` = 0 ORDER BY id desc LIMIT 0,20 [ RunTime:0.001000s ]
[ sql ] [ SQL ] SHOW COLUMNS FROM `tp_web_log_all` [ RunTime:0.016001s ]
[ sql ] [ SQL ] INSERT INTO `tp_web_log_all` (`uid` , `ip` , `location` , `os` , `browser` , `url` , `module` , `controller` , `action` , `method` , `data` , `create_at`) VALUES (1 , '0.0.0.0' , '‰øùÁïôÂú∞ÂùÄ ‰øùÁïôÂú∞ÂùÄ  ' , 'Windows 7' , 'Chrome(64.0.3282.140)' , 'http://localhost:81/jobmana/public/index.php/admin/companyman/index.html' , 'admin' , 'Companyman' , 'index' , 'GET' , 'a:0:{}' , 1533789411) [ RunTime:0.001000s ]

---------------------------------------------------------------
[ 2018-08-09T12:36:58+08:00 ] ::1 ::1 GET /jobmana/public/index.php/admin/companyman/detail/id/1.html
[ log ] localhost:81/jobmana/public/index.php/admin/companyman/detail/id/1.html [ËøêË°åÊó∂Èó¥Ôºö1.117064s][ÂêûÂêêÁéáÔºö0.90req/s] [ÂÜÖÂ≠òÊ∂àËÄóÔºö5,624.52kb] [Êñá‰ª∂Âä†ËΩΩÔºö76]
[ info ] [ LANG ] E:\phpstudy\WWW\jobmana\thinkphp\lang\zh-cn.php
[ info ] [ ROUTE ] array (
  'type' => 'module',
  'module' => 
  array (
    0 => 'admin',
    1 => 'companyman',
    2 => 'detail',
  ),
)
[ info ] [ HEADER ] array (
  'host' => 'localhost:81',
  'connection' => 'keep-alive',
  'upgrade-insecure-requests' => '1',
  'user-agent' => 'Mozilla/5.0 (Windows NT 6.1; WOW64) AppleWebKit/537.36 (KHTML, like Gecko) Chrome/64.0.3282.140 Safari/537.36',
  'accept' => 'text/html,application/xhtml+xml,application/xml;q=0.9,image/webp,image/apng,*/*;q=0.8',
  'referer' => 'http://localhost:81/jobmana/public/index.php/admin/companyman/index.html',
  'accept-encoding' => 'gzip, deflate, br',
  'accept-language' => 'zh-CN,zh;q=0.9',
  'cookie' => 'thinkphp_show_page_trace=0|0; thinkphp_show_page_trace=0|0; PHPSESSID=bnv6eit3sn0lviurhnnrk25j97',
)
[ info ] [ PARAM ] array (
  'id' => '1',
)
[ info ] [ SESSION ] INIT array (
  'id' => '',
  'var_session_id' => '',
  'prefix' => 'think',
  'type' => '',
  'auto_start' => true,
)
[ info ] [ BEHAVIOR ] Run \app\common\behavior\WebLog @module_init [ RunTime:0.064003s ]
[ info ] [ RUN ] app\admin\controller\Companyman->detail[ E:\phpstudy\WWW\jobmana\application\admin\controller\Companyman.php ]
[ info ] [ DB ] INIT mysql
[ info ] [ VIEW ] E:\phpstudy\WWW\jobmana\public/../application/admin\view\companyman\detail.html [ array (
  0 => 'vo',
) ]
[ info ] [ BEHAVIOR ] Run \app\common\behavior\WebLog @app_end [ RunTime:0.035002s ]
[ info ] [ LOG ] INIT File
[ sql ] [ DB ] CONNECT:[ UseTime:0.007001s ] mysql:dbname=tpadmin;host=127.0.0.1;charset=utf8
[ sql ] [ SQL ] SHOW COLUMNS FROM `tp_companyman` [ RunTime:0.017001s ]
[ sql ] [ SQL ] SELECT `w`.* FROM `tp_companyman` `w` WHERE  `w`.`id` = '1' LIMIT 1 [ RunTime:0.001000s ]
[ sql ] [ SQL ] SHOW COLUMNS FROM `tp_web_log_all` [ RunTime:0.026001s ]
[ sql ] [ SQL ] INSERT INTO `tp_web_log_all` (`uid` , `ip` , `location` , `os` , `browser` , `url` , `module` , `controller` , `action` , `method` , `data` , `create_at`) VALUES (1 , '0.0.0.0' , '‰øùÁïôÂú∞ÂùÄ ‰øùÁïôÂú∞ÂùÄ  ' , 'Windows 7' , 'Chrome(64.0.3282.140)' , 'http://localhost:81/jobmana/public/index.php/admin/companyman/detail/id/1.html' , 'admin' , 'Companyman' , 'detail' , 'GET' , 'a:1:{s:2:\"id\";s:1:\"1\";}' , 1533789418) [ RunTime:0.006001s ]

---------------------------------------------------------------
[ 2018-08-09T12:39:41+08:00 ] ::1 ::1 GET /jobmana/public/index.php/admin/companyman/index.html
[ log ] localhost:81/jobmana/public/index.php/admin/companyman/index.html [ËøêË°åÊó∂Èó¥Ôºö0.908052s][ÂêûÂêêÁéáÔºö1.10req/s] [ÂÜÖÂ≠òÊ∂àËÄóÔºö5,504.10kb] [Êñá‰ª∂Âä†ËΩΩÔºö76]
[ info ] [ LANG ] E:\phpstudy\WWW\jobmana\thinkphp\lang\zh-cn.php
[ info ] [ ROUTE ] array (
  'type' => 'module',
  'module' => 
  array (
    0 => 'admin',
    1 => 'companyman',
    2 => 'index',
  ),
)
[ info ] [ HEADER ] array (
  'host' => 'localhost:81',
  'connection' => 'keep-alive',
  'upgrade-insecure-requests' => '1',
  'user-agent' => 'Mozilla/5.0 (Windows NT 6.1; WOW64) AppleWebKit/537.36 (KHTML, like Gecko) Chrome/64.0.3282.140 Safari/537.36',
  'accept' => 'text/html,application/xhtml+xml,application/xml;q=0.9,image/webp,image/apng,*/*;q=0.8',
  'referer' => 'http://localhost:81/jobmana/public/index.php/admin/index/index.html',
  'accept-encoding' => 'gzip, deflate, br',
  'accept-language' => 'zh-CN,zh;q=0.9',
  'cookie' => 'thinkphp_show_page_trace=0|0; PHPSESSID=bnv6eit3sn0lviurhnnrk25j97',
)
[ info ] [ PARAM ] array (
)
[ info ] [ SESSION ] INIT array (
  'id' => '',
  'var_session_id' => '',
  'prefix' => 'think',
  'type' => '',
  'auto_start' => true,
)
[ info ] [ BEHAVIOR ] Run \app\common\behavior\WebLog @module_init [ RunTime:0.046003s ]
[ info ] [ RUN ] app\admin\controller\Companyman->index[ E:\phpstudy\WWW\jobmana\application\admin\traits\controller\Controller.php ]
[ info ] [ DB ] INIT mysql
[ info ] [ VIEW ] E:\phpstudy\WWW\jobmana\public/../application/admin\view\companyman\index.html [ array (
  0 => 'list',
  1 => 'count',
  2 => 'page',
  3 => 'numPerPage',
) ]
[ info ] [ BEHAVIOR ] Run \app\common\behavior\WebLog @app_end [ RunTime:0.020001s ]
[ info ] [ LOG ] INIT File
[ sql ] [ DB ] CONNECT:[ UseTime:0.005000s ] mysql:dbname=tpadmin;host=127.0.0.1;charset=utf8
[ sql ] [ SQL ] SHOW COLUMNS FROM `tp_companyman` [ RunTime:0.018001s ]
[ sql ] [ SQL ] SELECT COUNT(*) AS tp_count FROM `tp_companyman` WHERE  `isdelete` = 0 LIMIT 1 [ RunTime:0.001000s ]
[ sql ] [ SQL ] SELECT * FROM `tp_companyman` WHERE  `isdelete` = 0 ORDER BY id desc LIMIT 0,20 [ RunTime:0.001001s ]
[ sql ] [ SQL ] SHOW COLUMNS FROM `tp_web_log_all` [ RunTime:0.016001s ]
[ sql ] [ SQL ] INSERT INTO `tp_web_log_all` (`uid` , `ip` , `location` , `os` , `browser` , `url` , `module` , `controller` , `action` , `method` , `data` , `create_at`) VALUES (1 , '0.0.0.0' , '‰øùÁïôÂú∞ÂùÄ ‰øùÁïôÂú∞ÂùÄ  ' , 'Windows 7' , 'Chrome(64.0.3282.140)' , 'http://localhost:81/jobmana/public/index.php/admin/companyman/index.html' , 'admin' , 'Companyman' , 'index' , 'GET' , 'a:0:{}' , 1533789580) [ RunTime:0.001000s ]

---------------------------------------------------------------
[ 2018-08-09T12:39:43+08:00 ] ::1 ::1 GET /jobmana/public/index.php/admin/companyman/detail/id/1.html
[ log ] localhost:81/jobmana/public/index.php/admin/companyman/detail/id/1.html [ËøêË°åÊó∂Èó¥Ôºö1.113064s][ÂêûÂêêÁéáÔºö0.90req/s] [ÂÜÖÂ≠òÊ∂àËÄóÔºö5,622.48kb] [Êñá‰ª∂Âä†ËΩΩÔºö76]
[ info ] [ LANG ] E:\phpstudy\WWW\jobmana\thinkphp\lang\zh-cn.php
[ info ] [ ROUTE ] array (
  'type' => 'module',
  'module' => 
  array (
    0 => 'admin',
    1 => 'companyman',
    2 => 'detail',
  ),
)
[ info ] [ HEADER ] array (
  'host' => 'localhost:81',
  'connection' => 'keep-alive',
  'upgrade-insecure-requests' => '1',
  'user-agent' => 'Mozilla/5.0 (Windows NT 6.1; WOW64) AppleWebKit/537.36 (KHTML, like Gecko) Chrome/64.0.3282.140 Safari/537.36',
  'accept' => 'text/html,application/xhtml+xml,application/xml;q=0.9,image/webp,image/apng,*/*;q=0.8',
  'referer' => 'http://localhost:81/jobmana/public/index.php/admin/companyman/index.html',
  'accept-encoding' => 'gzip, deflate, br',
  'accept-language' => 'zh-CN,zh;q=0.9',
  'cookie' => 'thinkphp_show_page_trace=0|0; thinkphp_show_page_trace=0|0; PHPSESSID=bnv6eit3sn0lviurhnnrk25j97',
)
[ info ] [ PARAM ] array (
  'id' => '1',
)
[ info ] [ SESSION ] INIT array (
  'id' => '',
  'var_session_id' => '',
  'prefix' => 'think',
  'type' => '',
  'auto_start' => true,
)
[ info ] [ BEHAVIOR ] Run \app\common\behavior\WebLog @module_init [ RunTime:0.055003s ]
[ info ] [ RUN ] app\admin\controller\Companyman->detail[ E:\phpstudy\WWW\jobmana\application\admin\controller\Companyman.php ]
[ info ] [ DB ] INIT mysql
[ info ] [ VIEW ] E:\phpstudy\WWW\jobmana\public/../application/admin\view\companyman\detail.html [ array (
  0 => 'vo',
) ]
[ info ] [ BEHAVIOR ] Run \app\common\behavior\WebLog @app_end [ RunTime:0.023001s ]
[ info ] [ LOG ] INIT File
[ sql ] [ DB ] CONNECT:[ UseTime:0.004000s ] mysql:dbname=tpadmin;host=127.0.0.1;charset=utf8
[ sql ] [ SQL ] SHOW COLUMNS FROM `tp_companyman` [ RunTime:0.019001s ]
[ sql ] [ SQL ] SELECT `w`.* FROM `tp_companyman` `w` WHERE  `w`.`id` = '1' LIMIT 1 [ RunTime:0.001000s ]
[ sql ] [ SQL ] SHOW COLUMNS FROM `tp_web_log_all` [ RunTime:0.019001s ]
[ sql ] [ SQL ] INSERT INTO `tp_web_log_all` (`uid` , `ip` , `location` , `os` , `browser` , `url` , `module` , `controller` , `action` , `method` , `data` , `create_at`) VALUES (1 , '0.0.0.0' , '‰øùÁïôÂú∞ÂùÄ ‰øùÁïôÂú∞ÂùÄ  ' , 'Windows 7' , 'Chrome(64.0.3282.140)' , 'http://localhost:81/jobmana/public/index.php/admin/companyman/detail/id/1.html' , 'admin' , 'Companyman' , 'detail' , 'GET' , 'a:1:{s:2:\"id\";s:1:\"1\";}' , 1533789582) [ RunTime:0.000000s ]

---------------------------------------------------------------
[ 2018-08-09T12:46:44+08:00 ] ::1 ::1 GET /jobmana/public/index.php/admin/companyman/index.html
[ log ] localhost:81/jobmana/public/index.php/admin/companyman/index.html [ËøêË°åÊó∂Èó¥Ôºö0.820047s][ÂêûÂêêÁéáÔºö1.22req/s] [ÂÜÖÂ≠òÊ∂àËÄóÔºö5,504.10kb] [Êñá‰ª∂Âä†ËΩΩÔºö76]
[ info ] [ LANG ] E:\phpstudy\WWW\jobmana\thinkphp\lang\zh-cn.php
[ info ] [ ROUTE ] array (
  'type' => 'module',
  'module' => 
  array (
    0 => 'admin',
    1 => 'companyman',
    2 => 'index',
  ),
)
[ info ] [ HEADER ] array (
  'host' => 'localhost:81',
  'connection' => 'keep-alive',
  'upgrade-insecure-requests' => '1',
  'user-agent' => 'Mozilla/5.0 (Windows NT 6.1; WOW64) AppleWebKit/537.36 (KHTML, like Gecko) Chrome/64.0.3282.140 Safari/537.36',
  'accept' => 'text/html,application/xhtml+xml,application/xml;q=0.9,image/webp,image/apng,*/*;q=0.8',
  'referer' => 'http://localhost:81/jobmana/public/index.php/admin/index/index.html',
  'accept-encoding' => 'gzip, deflate, br',
  'accept-language' => 'zh-CN,zh;q=0.9',
  'cookie' => 'thinkphp_show_page_trace=0|0; PHPSESSID=bnv6eit3sn0lviurhnnrk25j97',
)
[ info ] [ PARAM ] array (
)
[ info ] [ SESSION ] INIT array (
  'id' => '',
  'var_session_id' => '',
  'prefix' => 'think',
  'type' => '',
  'auto_start' => true,
)
[ info ] [ BEHAVIOR ] Run \app\common\behavior\WebLog @module_init [ RunTime:0.043002s ]
[ info ] [ RUN ] app\admin\controller\Companyman->index[ E:\phpstudy\WWW\jobmana\application\admin\traits\controller\Controller.php ]
[ info ] [ DB ] INIT mysql
[ info ] [ VIEW ] E:\phpstudy\WWW\jobmana\public/../application/admin\view\companyman\index.html [ array (
  0 => 'list',
  1 => 'count',
  2 => 'page',
  3 => 'numPerPage',
) ]
[ info ] [ BEHAVIOR ] Run \app\common\behavior\WebLog @app_end [ RunTime:0.020001s ]
[ info ] [ LOG ] INIT File
[ sql ] [ DB ] CONNECT:[ UseTime:0.006000s ] mysql:dbname=tpadmin;host=127.0.0.1;charset=utf8
[ sql ] [ SQL ] SHOW COLUMNS FROM `tp_companyman` [ RunTime:0.016001s ]
[ sql ] [ SQL ] SELECT COUNT(*) AS tp_count FROM `tp_companyman` WHERE  `isdelete` = 0 LIMIT 1 [ RunTime:0.001000s ]
[ sql ] [ SQL ] SELECT * FROM `tp_companyman` WHERE  `isdelete` = 0 ORDER BY id desc LIMIT 0,20 [ RunTime:0.001000s ]
[ sql ] [ SQL ] SHOW COLUMNS FROM `tp_web_log_all` [ RunTime:0.017001s ]
[ sql ] [ SQL ] INSERT INTO `tp_web_log_all` (`uid` , `ip` , `location` , `os` , `browser` , `url` , `module` , `controller` , `action` , `method` , `data` , `create_at`) VALUES (1 , '0.0.0.0' , '‰øùÁïôÂú∞ÂùÄ ‰øùÁïôÂú∞ÂùÄ  ' , 'Windows 7' , 'Chrome(64.0.3282.140)' , 'http://localhost:81/jobmana/public/index.php/admin/companyman/index.html' , 'admin' , 'Companyman' , 'index' , 'GET' , 'a:0:{}' , 1533790003) [ RunTime:0.001000s ]

---------------------------------------------------------------
[ 2018-08-09T12:46:47+08:00 ] ::1 ::1 GET /jobmana/public/index.php/admin/companyman/detail/id/1.html
[ log ] localhost:81/jobmana/public/index.php/admin/companyman/detail/id/1.html [ËøêË°åÊó∂Èó¥Ôºö1.089062s][ÂêûÂêêÁéáÔºö0.92req/s] [ÂÜÖÂ≠òÊ∂àËÄóÔºö5,623.22kb] [Êñá‰ª∂Âä†ËΩΩÔºö76]
[ info ] [ LANG ] E:\phpstudy\WWW\jobmana\thinkphp\lang\zh-cn.php
[ info ] [ ROUTE ] array (
  'type' => 'module',
  'module' => 
  array (
    0 => 'admin',
    1 => 'companyman',
    2 => 'detail',
  ),
)
[ info ] [ HEADER ] array (
  'host' => 'localhost:81',
  'connection' => 'keep-alive',
  'upgrade-insecure-requests' => '1',
  'user-agent' => 'Mozilla/5.0 (Windows NT 6.1; WOW64) AppleWebKit/537.36 (KHTML, like Gecko) Chrome/64.0.3282.140 Safari/537.36',
  'accept' => 'text/html,application/xhtml+xml,application/xml;q=0.9,image/webp,image/apng,*/*;q=0.8',
  'referer' => 'http://localhost:81/jobmana/public/index.php/admin/companyman/index.html',
  'accept-encoding' => 'gzip, deflate, br',
  'accept-language' => 'zh-CN,zh;q=0.9',
  'cookie' => 'thinkphp_show_page_trace=0|0; thinkphp_show_page_trace=0|0; PHPSESSID=bnv6eit3sn0lviurhnnrk25j97',
)
[ info ] [ PARAM ] array (
  'id' => '1',
)
[ info ] [ SESSION ] INIT array (
  'id' => '',
  'var_session_id' => '',
  'prefix' => 'think',
  'type' => '',
  'auto_start' => true,
)
[ info ] [ BEHAVIOR ] Run \app\common\behavior\WebLog @module_init [ RunTime:0.045003s ]
[ info ] [ RUN ] app\admin\controller\Companyman->detail[ E:\phpstudy\WWW\jobmana\application\admin\controller\Companyman.php ]
[ info ] [ DB ] INIT mysql
[ info ] [ VIEW ] E:\phpstudy\WWW\jobmana\public/../application/admin\view\companyman\detail.html [ array (
  0 => 'vo',
) ]
[ info ] [ BEHAVIOR ] Run \app\common\behavior\WebLog @app_end [ RunTime:0.021001s ]
[ info ] [ LOG ] INIT File
[ sql ] [ DB ] CONNECT:[ UseTime:0.006000s ] mysql:dbname=tpadmin;host=127.0.0.1;charset=utf8
[ sql ] [ SQL ] SHOW COLUMNS FROM `tp_companyman` [ RunTime:0.019001s ]
[ sql ] [ SQL ] SELECT `w`.* FROM `tp_companyman` `w` WHERE  `w`.`id` = '1' LIMIT 1 [ RunTime:0.001000s ]
[ sql ] [ SQL ] SHOW COLUMNS FROM `tp_web_log_all` [ RunTime:0.018001s ]
[ sql ] [ SQL ] INSERT INTO `tp_web_log_all` (`uid` , `ip` , `location` , `os` , `browser` , `url` , `module` , `controller` , `action` , `method` , `data` , `create_at`) VALUES (1 , '0.0.0.0' , '‰øùÁïôÂú∞ÂùÄ ‰øùÁïôÂú∞ÂùÄ  ' , 'Windows 7' , 'Chrome(64.0.3282.140)' , 'http://localhost:81/jobmana/public/index.php/admin/companyman/detail/id/1.html' , 'admin' , 'Companyman' , 'detail' , 'GET' , 'a:1:{s:2:\"id\";s:1:\"1\";}' , 1533790006) [ RunTime:0.000000s ]

---------------------------------------------------------------
[ 2018-08-09T12:48:43+08:00 ] ::1 ::1 GET /jobmana/public/index.php/admin/companyman/index.html
[ log ] localhost:81/jobmana/public/index.php/admin/companyman/index.html [ËøêË°åÊó∂Èó¥Ôºö0.884051s][ÂêûÂêêÁéáÔºö1.13req/s] [ÂÜÖÂ≠òÊ∂àËÄóÔºö5,504.10kb] [Êñá‰ª∂Âä†ËΩΩÔºö76]
[ info ] [ LANG ] E:\phpstudy\WWW\jobmana\thinkphp\lang\zh-cn.php
[ info ] [ ROUTE ] array (
  'type' => 'module',
  'module' => 
  array (
    0 => 'admin',
    1 => 'companyman',
    2 => 'index',
  ),
)
[ info ] [ HEADER ] array (
  'host' => 'localhost:81',
  'connection' => 'keep-alive',
  'upgrade-insecure-requests' => '1',
  'user-agent' => 'Mozilla/5.0 (Windows NT 6.1; WOW64) AppleWebKit/537.36 (KHTML, like Gecko) Chrome/64.0.3282.140 Safari/537.36',
  'accept' => 'text/html,application/xhtml+xml,application/xml;q=0.9,image/webp,image/apng,*/*;q=0.8',
  'referer' => 'http://localhost:81/jobmana/public/index.php/admin/index/index.html',
  'accept-encoding' => 'gzip, deflate, br',
  'accept-language' => 'zh-CN,zh;q=0.9',
  'cookie' => 'thinkphp_show_page_trace=0|0; PHPSESSID=bnv6eit3sn0lviurhnnrk25j97',
)
[ info ] [ PARAM ] array (
)
[ info ] [ SESSION ] INIT array (
  'id' => '',
  'var_session_id' => '',
  'prefix' => 'think',
  'type' => '',
  'auto_start' => true,
)
[ info ] [ BEHAVIOR ] Run \app\common\behavior\WebLog @module_init [ RunTime:0.046003s ]
[ info ] [ RUN ] app\admin\controller\Companyman->index[ E:\phpstudy\WWW\jobmana\application\admin\traits\controller\Controller.php ]
[ info ] [ DB ] INIT mysql
[ info ] [ VIEW ] E:\phpstudy\WWW\jobmana\public/../application/admin\view\companyman\index.html [ array (
  0 => 'list',
  1 => 'count',
  2 => 'page',
  3 => 'numPerPage',
) ]
[ info ] [ BEHAVIOR ] Run \app\common\behavior\WebLog @app_end [ RunTime:0.022002s ]
[ info ] [ LOG ] INIT File
[ sql ] [ DB ] CONNECT:[ UseTime:0.017001s ] mysql:dbname=tpadmin;host=127.0.0.1;charset=utf8
[ sql ] [ SQL ] SHOW COLUMNS FROM `tp_companyman` [ RunTime:0.017001s ]
[ sql ] [ SQL ] SELECT COUNT(*) AS tp_count FROM `tp_companyman` WHERE  `isdelete` = 0 LIMIT 1 [ RunTime:0.001000s ]
[ sql ] [ SQL ] SELECT * FROM `tp_companyman` WHERE  `isdelete` = 0 ORDER BY id desc LIMIT 0,20 [ RunTime:0.000000s ]
[ sql ] [ SQL ] SHOW COLUMNS FROM `tp_web_log_all` [ RunTime:0.018001s ]
[ sql ] [ SQL ] INSERT INTO `tp_web_log_all` (`uid` , `ip` , `location` , `os` , `browser` , `url` , `module` , `controller` , `action` , `method` , `data` , `create_at`) VALUES (1 , '0.0.0.0' , '‰øùÁïôÂú∞ÂùÄ ‰øùÁïôÂú∞ÂùÄ  ' , 'Windows 7' , 'Chrome(64.0.3282.140)' , 'http://localhost:81/jobmana/public/index.php/admin/companyman/index.html' , 'admin' , 'Companyman' , 'index' , 'GET' , 'a:0:{}' , 1533790122) [ RunTime:0.001000s ]

---------------------------------------------------------------
[ 2018-08-09T12:48:46+08:00 ] ::1 ::1 GET /jobmana/public/index.php/admin/companyman/detail/id/1.html
[ log ] localhost:81/jobmana/public/index.php/admin/companyman/detail/id/1.html [ËøêË°åÊó∂Èó¥Ôºö1.242071s][ÂêûÂêêÁéáÔºö0.81req/s] [ÂÜÖÂ≠òÊ∂àËÄóÔºö5,623.36kb] [Êñá‰ª∂Âä†ËΩΩÔºö76]
[ info ] [ LANG ] E:\phpstudy\WWW\jobmana\thinkphp\lang\zh-cn.php
[ info ] [ ROUTE ] array (
  'type' => 'module',
  'module' => 
  array (
    0 => 'admin',
    1 => 'companyman',
    2 => 'detail',
  ),
)
[ info ] [ HEADER ] array (
  'host' => 'localhost:81',
  'connection' => 'keep-alive',
  'upgrade-insecure-requests' => '1',
  'user-agent' => 'Mozilla/5.0 (Windows NT 6.1; WOW64) AppleWebKit/537.36 (KHTML, like Gecko) Chrome/64.0.3282.140 Safari/537.36',
  'accept' => 'text/html,application/xhtml+xml,application/xml;q=0.9,image/webp,image/apng,*/*;q=0.8',
  'referer' => 'http://localhost:81/jobmana/public/index.php/admin/companyman/index.html',
  'accept-encoding' => 'gzip, deflate, br',
  'accept-language' => 'zh-CN,zh;q=0.9',
  'cookie' => 'thinkphp_show_page_trace=0|0; thinkphp_show_page_trace=0|0; PHPSESSID=bnv6eit3sn0lviurhnnrk25j97',
)
[ info ] [ PARAM ] array (
  'id' => '1',
)
[ info ] [ SESSION ] INIT array (
  'id' => '',
  'var_session_id' => '',
  'prefix' => 'think',
  'type' => '',
  'auto_start' => true,
)
[ info ] [ BEHAVIOR ] Run \app\common\behavior\WebLog @module_init [ RunTime:0.060003s ]
[ info ] [ RUN ] app\admin\controller\Companyman->detail[ E:\phpstudy\WWW\jobmana\application\admin\controller\Companyman.php ]
[ info ] [ DB ] INIT mysql
[ info ] [ VIEW ] E:\phpstudy\WWW\jobmana\public/../application/admin\view\companyman\detail.html [ array (
  0 => 'vo',
) ]
[ info ] [ BEHAVIOR ] Run \app\common\behavior\WebLog @app_end [ RunTime:0.021001s ]
[ info ] [ LOG ] INIT File
[ sql ] [ DB ] CONNECT:[ UseTime:0.005000s ] mysql:dbname=tpadmin;host=127.0.0.1;charset=utf8
[ sql ] [ SQL ] SHOW COLUMNS FROM `tp_companyman` [ RunTime:0.022001s ]
[ sql ] [ SQL ] SELECT `w`.* FROM `tp_companyman` `w` WHERE  `w`.`id` = '1' LIMIT 1 [ RunTime:0.001000s ]
[ sql ] [ SQL ] SHOW COLUMNS FROM `tp_web_log_all` [ RunTime:0.018001s ]
[ sql ] [ SQL ] INSERT INTO `tp_web_log_all` (`uid` , `ip` , `location` , `os` , `browser` , `url` , `module` , `controller` , `action` , `method` , `data` , `create_at`) VALUES (1 , '0.0.0.0' , '‰øùÁïôÂú∞ÂùÄ ‰øùÁïôÂú∞ÂùÄ  ' , 'Windows 7' , 'Chrome(64.0.3282.140)' , 'http://localhost:81/jobmana/public/index.php/admin/companyman/detail/id/1.html' , 'admin' , 'Companyman' , 'detail' , 'GET' , 'a:1:{s:2:\"id\";s:1:\"1\";}' , 1533790125) [ RunTime:0.001000s ]

---------------------------------------------------------------
[ 2018-08-09T12:49:00+08:00 ] ::1 ::1 GET /jobmana/public/index.php/admin/companyman/index.html
[ log ] localhost:81/jobmana/public/index.php/admin/companyman/index.html [ËøêË°åÊó∂Èó¥Ôºö0.881051s][ÂêûÂêêÁéáÔºö1.14req/s] [ÂÜÖÂ≠òÊ∂àËÄóÔºö5,504.10kb] [Êñá‰ª∂Âä†ËΩΩÔºö76]
[ info ] [ LANG ] E:\phpstudy\WWW\jobmana\thinkphp\lang\zh-cn.php
[ info ] [ ROUTE ] array (
  'type' => 'module',
  'module' => 
  array (
    0 => 'admin',
    1 => 'companyman',
    2 => 'index',
  ),
)
[ info ] [ HEADER ] array (
  'host' => 'localhost:81',
  'connection' => 'keep-alive',
  'upgrade-insecure-requests' => '1',
  'user-agent' => 'Mozilla/5.0 (Windows NT 6.1; WOW64) AppleWebKit/537.36 (KHTML, like Gecko) Chrome/64.0.3282.140 Safari/537.36',
  'accept' => 'text/html,application/xhtml+xml,application/xml;q=0.9,image/webp,image/apng,*/*;q=0.8',
  'referer' => 'http://localhost:81/jobmana/public/index.php/admin/index/index.html',
  'accept-encoding' => 'gzip, deflate, br',
  'accept-language' => 'zh-CN,zh;q=0.9',
  'cookie' => 'thinkphp_show_page_trace=0|0; PHPSESSID=bnv6eit3sn0lviurhnnrk25j97',
)
[ info ] [ PARAM ] array (
)
[ info ] [ SESSION ] INIT array (
  'id' => '',
  'var_session_id' => '',
  'prefix' => 'think',
  'type' => '',
  'auto_start' => true,
)
[ info ] [ BEHAVIOR ] Run \app\common\behavior\WebLog @module_init [ RunTime:0.040003s ]
[ info ] [ RUN ] app\admin\controller\Companyman->index[ E:\phpstudy\WWW\jobmana\application\admin\traits\controller\Controller.php ]
[ info ] [ DB ] INIT mysql
[ info ] [ VIEW ] E:\phpstudy\WWW\jobmana\public/../application/admin\view\companyman\index.html [ array (
  0 => 'list',
  1 => 'count',
  2 => 'page',
  3 => 'numPerPage',
) ]
[ info ] [ BEHAVIOR ] Run \app\common\behavior\WebLog @app_end [ RunTime:0.020001s ]
[ info ] [ LOG ] INIT File
[ sql ] [ DB ] CONNECT:[ UseTime:0.017001s ] mysql:dbname=tpadmin;host=127.0.0.1;charset=utf8
[ sql ] [ SQL ] SHOW COLUMNS FROM `tp_companyman` [ RunTime:0.018001s ]
[ sql ] [ SQL ] SELECT COUNT(*) AS tp_count FROM `tp_companyman` WHERE  `isdelete` = 0 LIMIT 1 [ RunTime:0.000000s ]
[ sql ] [ SQL ] SELECT * FROM `tp_companyman` WHERE  `isdelete` = 0 ORDER BY id desc LIMIT 0,20 [ RunTime:0.000000s ]
[ sql ] [ SQL ] SHOW COLUMNS FROM `tp_web_log_all` [ RunTime:0.017001s ]
[ sql ] [ SQL ] INSERT INTO `tp_web_log_all` (`uid` , `ip` , `location` , `os` , `browser` , `url` , `module` , `controller` , `action` , `method` , `data` , `create_at`) VALUES (1 , '0.0.0.0' , '‰øùÁïôÂú∞ÂùÄ ‰øùÁïôÂú∞ÂùÄ  ' , 'Windows 7' , 'Chrome(64.0.3282.140)' , 'http://localhost:81/jobmana/public/index.php/admin/companyman/index.html' , 'admin' , 'Companyman' , 'index' , 'GET' , 'a:0:{}' , 1533790139) [ RunTime:0.001000s ]

---------------------------------------------------------------
[ 2018-08-09T12:49:03+08:00 ] ::1 ::1 GET /jobmana/public/index.php/admin/companyman/detail/id/1.html
[ log ] localhost:81/jobmana/public/index.php/admin/companyman/detail/id/1.html [ËøêË°åÊó∂Èó¥Ôºö1.090062s][ÂêûÂêêÁéáÔºö0.92req/s] [ÂÜÖÂ≠òÊ∂àËÄóÔºö5,618.05kb] [Êñá‰ª∂Âä†ËΩΩÔºö76]
[ info ] [ LANG ] E:\phpstudy\WWW\jobmana\thinkphp\lang\zh-cn.php
[ info ] [ ROUTE ] array (
  'type' => 'module',
  'module' => 
  array (
    0 => 'admin',
    1 => 'companyman',
    2 => 'detail',
  ),
)
[ info ] [ HEADER ] array (
  'host' => 'localhost:81',
  'connection' => 'keep-alive',
  'upgrade-insecure-requests' => '1',
  'user-agent' => 'Mozilla/5.0 (Windows NT 6.1; WOW64) AppleWebKit/537.36 (KHTML, like Gecko) Chrome/64.0.3282.140 Safari/537.36',
  'accept' => 'text/html,application/xhtml+xml,application/xml;q=0.9,image/webp,image/apng,*/*;q=0.8',
  'referer' => 'http://localhost:81/jobmana/public/index.php/admin/companyman/index.html',
  'accept-encoding' => 'gzip, deflate, br',
  'accept-language' => 'zh-CN,zh;q=0.9',
  'cookie' => 'thinkphp_show_page_trace=0|0; thinkphp_show_page_trace=0|0; PHPSESSID=bnv6eit3sn0lviurhnnrk25j97',
)
[ info ] [ PARAM ] array (
  'id' => '1',
)
[ info ] [ SESSION ] INIT array (
  'id' => '',
  'var_session_id' => '',
  'prefix' => 'think',
  'type' => '',
  'auto_start' => true,
)
[ info ] [ BEHAVIOR ] Run \app\common\behavior\WebLog @module_init [ RunTime:0.048003s ]
[ info ] [ RUN ] app\admin\controller\Companyman->detail[ E:\phpstudy\WWW\jobmana\application\admin\controller\Companyman.php ]
[ info ] [ DB ] INIT mysql
[ info ] [ VIEW ] E:\phpstudy\WWW\jobmana\public/../application/admin\view\companyman\detail.html [ array (
  0 => 'vo',
) ]
[ info ] [ BEHAVIOR ] Run \app\common\behavior\WebLog @app_end [ RunTime:0.025001s ]
[ info ] [ LOG ] INIT File
[ sql ] [ DB ] CONNECT:[ UseTime:0.014001s ] mysql:dbname=tpadmin;host=127.0.0.1;charset=utf8
[ sql ] [ SQL ] SHOW COLUMNS FROM `tp_companyman` [ RunTime:0.024001s ]
[ sql ] [ SQL ] SELECT `w`.* FROM `tp_companyman` `w` WHERE  `w`.`id` = '1' LIMIT 1 [ RunTime:0.001000s ]
[ sql ] [ SQL ] SHOW COLUMNS FROM `tp_web_log_all` [ RunTime:0.021001s ]
[ sql ] [ SQL ] INSERT INTO `tp_web_log_all` (`uid` , `ip` , `location` , `os` , `browser` , `url` , `module` , `controller` , `action` , `method` , `data` , `create_at`) VALUES (1 , '0.0.0.0' , '‰øùÁïôÂú∞ÂùÄ ‰øùÁïôÂú∞ÂùÄ  ' , 'Windows 7' , 'Chrome(64.0.3282.140)' , 'http://localhost:81/jobmana/public/index.php/admin/companyman/detail/id/1.html' , 'admin' , 'Companyman' , 'detail' , 'GET' , 'a:1:{s:2:\"id\";s:1:\"1\";}' , 1533790142) [ RunTime:0.000000s ]

---------------------------------------------------------------
[ 2018-08-09T12:50:50+08:00 ] ::1 ::1 GET /jobmana/public/index.php/admin/companyman/edit/id/1.html
[ log ] localhost:81/jobmana/public/index.php/admin/companyman/edit/id/1.html [ËøêË°åÊó∂Èó¥Ôºö1.169066s][ÂêûÂêêÁéáÔºö0.86req/s] [ÂÜÖÂ≠òÊ∂àËÄóÔºö5,633.91kb] [Êñá‰ª∂Âä†ËΩΩÔºö76]
[ info ] [ LANG ] E:\phpstudy\WWW\jobmana\thinkphp\lang\zh-cn.php
[ info ] [ ROUTE ] array (
  'type' => 'module',
  'module' => 
  array (
    0 => 'admin',
    1 => 'companyman',
    2 => 'edit',
  ),
)
[ info ] [ HEADER ] array (
  'host' => 'localhost:81',
  'connection' => 'keep-alive',
  'upgrade-insecure-requests' => '1',
  'user-agent' => 'Mozilla/5.0 (Windows NT 6.1; WOW64) AppleWebKit/537.36 (KHTML, like Gecko) Chrome/64.0.3282.140 Safari/537.36',
  'accept' => 'text/html,application/xhtml+xml,application/xml;q=0.9,image/webp,image/apng,*/*;q=0.8',
  'referer' => 'http://localhost:81/jobmana/public/index.php/admin/companyman/index.html',
  'accept-encoding' => 'gzip, deflate, br',
  'accept-language' => 'zh-CN,zh;q=0.9',
  'cookie' => 'thinkphp_show_page_trace=0|0; thinkphp_show_page_trace=0|0; PHPSESSID=bnv6eit3sn0lviurhnnrk25j97',
)
[ info ] [ PARAM ] array (
  'id' => '1',
)
[ info ] [ SESSION ] INIT array (
  'id' => '',
  'var_session_id' => '',
  'prefix' => 'think',
  'type' => '',
  'auto_start' => true,
)
[ info ] [ BEHAVIOR ] Run \app\common\behavior\WebLog @module_init [ RunTime:0.061003s ]
[ info ] [ RUN ] app\admin\controller\Companyman->edit[ E:\phpstudy\WWW\jobmana\application\admin\traits\controller\Controller.php ]
[ info ] [ DB ] INIT mysql
[ info ] [ VIEW ] E:\phpstudy\WWW\jobmana\public/../application/admin\view\companyman\edit.html [ array (
  0 => 'vo',
) ]
[ info ] [ BEHAVIOR ] Run \app\common\behavior\WebLog @app_end [ RunTime:0.018001s ]
[ info ] [ LOG ] INIT File
[ sql ] [ DB ] CONNECT:[ UseTime:0.005000s ] mysql:dbname=tpadmin;host=127.0.0.1;charset=utf8
[ sql ] [ SQL ] SHOW COLUMNS FROM `tp_companyman` [ RunTime:0.015001s ]
[ sql ] [ SQL ] SELECT * FROM `tp_companyman` WHERE  `id` = 1 LIMIT 1 [ RunTime:0.001000s ]
[ sql ] [ SQL ] SHOW COLUMNS FROM `tp_web_log_all` [ RunTime:0.015001s ]
[ sql ] [ SQL ] INSERT INTO `tp_web_log_all` (`uid` , `ip` , `location` , `os` , `browser` , `url` , `module` , `controller` , `action` , `method` , `data` , `create_at`) VALUES (1 , '0.0.0.0' , '‰øùÁïôÂú∞ÂùÄ ‰øùÁïôÂú∞ÂùÄ  ' , 'Windows 7' , 'Chrome(64.0.3282.140)' , 'http://localhost:81/jobmana/public/index.php/admin/companyman/edit/id/1.html' , 'admin' , 'Companyman' , 'edit' , 'GET' , 'a:1:{s:2:\"id\";s:1:\"1\";}' , 1533790249) [ RunTime:0.001000s ]

---------------------------------------------------------------
[ 2018-08-09T13:00:19+08:00 ] ::1 ::1 POST /jobmana/public/index.php/admin/companyman/edit/id/1.html
[ log ] localhost:81/jobmana/public/index.php/admin/companyman/edit/id/1.html [ËøêË°åÊó∂Èó¥Ôºö0.898052s][ÂêûÂêêÁéáÔºö1.11req/s] [ÂÜÖÂ≠òÊ∂àËÄóÔºö5,399.29kb] [Êñá‰ª∂Âä†ËΩΩÔºö74]
[ info ] [ LANG ] E:\phpstudy\WWW\jobmana\thinkphp\lang\zh-cn.php
[ info ] [ ROUTE ] array (
  'type' => 'module',
  'module' => 
  array (
    0 => 'admin',
    1 => 'companyman',
    2 => 'edit',
  ),
)
[ info ] [ HEADER ] array (
  'host' => 'localhost:81',
  'connection' => 'keep-alive',
  'content-length' => '2292',
  'accept' => 'application/json, text/javascript, */*; q=0.01',
  'origin' => 'http://localhost:81',
  'x-requested-with' => 'XMLHttpRequest',
  'user-agent' => 'Mozilla/5.0 (Windows NT 6.1; WOW64) AppleWebKit/537.36 (KHTML, like Gecko) Chrome/64.0.3282.140 Safari/537.36',
  'content-type' => 'application/x-www-form-urlencoded; charset=UTF-8',
  'referer' => 'http://localhost:81/jobmana/public/index.php/admin/companyman/edit/id/1.html',
  'accept-encoding' => 'gzip, deflate, br',
  'accept-language' => 'zh-CN,zh;q=0.9',
  'cookie' => 'thinkphp_show_page_trace=0|0; thinkphp_show_page_trace=0|0; PHPSESSID=bnv6eit3sn0lviurhnnrk25j97',
)
[ info ] [ PARAM ] array (
  'id' => '1',
  'comcode' => 'JWKLX130321',
  'comname' => 'Ê≤≥ÂåóÂ∑•Á®ãÊäÄÊúØÂ≠¶Èô¢',
  'comadress' => 'Ê≤≥ÂåóÁúÅÁü≥ÂÆ∂Â∫ÑÂ∏ÇÁ∫¢ÊóóÂ§ßË°óÂÆ´ÂåóË∑Ø11Âè∑',
  'compeople' => 'Êùú‰ª≤',
  'comtelphone' => '155033202310',
  'comdesc' => 'Ê≤≥ÂåóÂ∑•Á®ãÊäÄÊúØÂ≠¶Èô¢ÊòØÁªèÂõΩÂÆ∂ÊïôËÇ≤ÈÉ®ÊâπÂáÜÊàêÁ´ãÁöÑÂÖ®Êó•Âà∂ÊôÆÈÄöÊú¨ÁßëÈô¢Ê†°„ÄÇ Â≠¶Ê†°ÊàêÁ´ã‰∫é1997Âπ¥Ôºå2001Âπ¥ÊîπÂª∫‰∏∫Áü≥ÂÆ∂Â∫ÑÊ≥ïÂïÜËÅå‰∏öÂ≠¶Èô¢Ôºå2011Âπ¥Â≠¶Èô¢Êõ¥Âêç‰∏∫Áü≥ÂÆ∂Â∫ÑÂüéÂ∏ÇËÅå‰∏öÂ≠¶Èô¢Ôºå2014Âπ¥ÂçáÊ†º‰∏∫Êú¨ÁßëÈô¢Ê†°ÔºåÊõ¥Âêç‰∏∫Ê≤≥ÂåóÂ∑•Á®ãÊäÄÊúØÂ≠¶Èô¢„ÄÇ [1]  Êà™Ëá≥2013Âπ¥9Êúà30Êó•ÔºåÂ≠¶Èô¢ËµÑ‰∫ßÊÄªÈ¢ù‰∏∫5.3‰∫øÂÖÉÔºåÂç†Âú∞805.36‰∫©ÔºåÂª∫ÊàêÊ†°ËàçÂª∫Á≠ëÈù¢ÁßØ26.66‰∏áÂπ≥ÊñπÁ±≥ÔºåÊïôÂ≠¶‰ª™Âô®ËÆæÂ§áÊÄªÂÄº6552.95‰∏áÂÖÉÔºåÂõæ‰π¶72‰∏áÂÜåÔºõÂÖ±ÊúâÂÖ®Êó•Âà∂Âú®Ê†°Áîü8000‰Ωô‰∫∫Ôºå‰∏ì‰ªªÊïôÂ∏à460‰∫∫„ÄÇ [2]  ÊçÆ2016Âπ¥9ÊúàÂ≠¶Ê†°ÂÆòÁΩëÊòæÁ§∫ÔºåÂ≠¶Ê†°ÂºÄËÆæ8‰∏™‰∫åÁ∫ßÂ≠¶Èô¢ÔºåÂºÄÂäû10‰∏™Êú¨Áßë‰∏ì‰∏ö',
  'comqua' => '0',
  'comcategory' => 'È´òÁ≠âÊïôËÇ≤',
  'comscale' => '300000',
  'comlicense' => '9153011232522488898',
  'comtaxreg' => '1',
  'commecode' => '1',
  'comhome' => 'www.baidu.com',
  'comtfpass' => '1',
  'commissioner' => 'Âº†ËÄÅÂ∏à',
  'comlogo' => '1',
  'comthumb' => '1',
  'comtfthumb' => '2',
  'comtfexcellent' => '1',
  'loginid' => '1',
)
[ info ] [ SESSION ] INIT array (
  'id' => '',
  'var_session_id' => '',
  'prefix' => 'think',
  'type' => '',
  'auto_start' => true,
)
[ info ] [ BEHAVIOR ] Run \app\common\behavior\WebLog @module_init [ RunTime:0.085005s ]
[ info ] [ RUN ] app\admin\controller\Companyman->edit[ E:\phpstudy\WWW\jobmana\application\admin\traits\controller\Controller.php ]
[ info ] [ DB ] INIT mysql
[ info ] [ CACHE ] INIT File
[ info ] [ BEHAVIOR ] Run \app\common\behavior\WebLog @app_end [ RunTime:0.047002s ]
[ info ] [ LOG ] INIT File
[ sql ] [ DB ] CONNECT:[ UseTime:0.006000s ] mysql:dbname=tpadmin;host=127.0.0.1;charset=utf8
[ sql ] [ SQL ] SHOW COLUMNS FROM `tp_companyman` [ RunTime:0.025002s ]
[ sql ] [ SQL ] UPDATE `tp_companyman`  SET `comcode`='JWKLX130321',`comname`='Ê≤≥ÂåóÂ∑•Á®ãÊäÄÊúØÂ≠¶Èô¢',`comadress`='Ê≤≥ÂåóÁúÅÁü≥ÂÆ∂Â∫ÑÂ∏ÇÁ∫¢ÊóóÂ§ßË°óÂÆ´ÂåóË∑Ø11Âè∑',`compeople`='Êùú‰ª≤',`comtelphone`='155033202310',`comdesc`='Ê≤≥ÂåóÂ∑•Á®ãÊäÄÊúØÂ≠¶Èô¢ÊòØÁªèÂõΩÂÆ∂ÊïôËÇ≤ÈÉ®ÊâπÂáÜÊàêÁ´ãÁöÑÂÖ®Êó•Âà∂ÊôÆÈÄöÊú¨ÁßëÈô¢Ê†°„ÄÇ Â≠¶Ê†°ÊàêÁ´ã‰∫é1997Âπ¥Ôºå2001Âπ¥ÊîπÂª∫‰∏∫Áü≥ÂÆ∂Â∫ÑÊ≥ïÂïÜËÅå‰∏öÂ≠¶Èô¢Ôºå2011Âπ¥Â≠¶Èô¢Êõ¥Âêç‰∏∫Áü≥ÂÆ∂Â∫ÑÂüéÂ∏ÇËÅå‰∏öÂ≠¶Èô¢Ôºå2014Âπ¥ÂçáÊ†º‰∏∫Êú¨ÁßëÈô¢Ê†°ÔºåÊõ¥Âêç‰∏∫Ê≤≥ÂåóÂ∑•Á®ãÊäÄÊúØÂ≠¶Èô¢„ÄÇ [1]  Êà™Ëá≥2013Âπ¥9Êúà30Êó•ÔºåÂ≠¶Èô¢ËµÑ‰∫ßÊÄªÈ¢ù‰∏∫5.3‰∫øÂÖÉÔºåÂç†Âú∞805.36‰∫©ÔºåÂª∫ÊàêÊ†°ËàçÂª∫Á≠ëÈù¢ÁßØ26.66‰∏áÂπ≥ÊñπÁ±≥ÔºåÊïôÂ≠¶‰ª™Âô®ËÆæÂ§áÊÄªÂÄº6552.95‰∏áÂÖÉÔºåÂõæ‰π¶72‰∏áÂÜåÔºõÂÖ±ÊúâÂÖ®Êó•Âà∂Âú®Ê†°Áîü8000‰Ωô‰∫∫Ôºå‰∏ì‰ªªÊïôÂ∏à460‰∫∫„ÄÇ [2]  ÊçÆ2016Âπ¥9ÊúàÂ≠¶Ê†°ÂÆòÁΩëÊòæÁ§∫ÔºåÂ≠¶Ê†°ÂºÄËÆæ8‰∏™‰∫åÁ∫ßÂ≠¶Èô¢ÔºåÂºÄÂäû10‰∏™Êú¨Áßë‰∏ì‰∏ö',`comqua`='0',`comcategory`='È´òÁ≠âÊïôËÇ≤',`comscale`='300000',`comlicense`='9153011232522488898',`comtaxreg`='1',`commecode`='1',`comhome`='www.baidu.com',`comtfpass`='1',`commissioner`='Âº†ËÄÅÂ∏à',`comlogo`='1',`comthumb`='1',`comtfthumb`='2',`comtfexcellent`='1',`loginid`='1'  WHERE  `id` = 1 [ RunTime:0.021001s ]
[ sql ] [ SQL ] SHOW COLUMNS FROM `tp_web_log_all` [ RunTime:0.043002s ]
[ sql ] [ SQL ] INSERT INTO `tp_web_log_all` (`uid` , `ip` , `location` , `os` , `browser` , `url` , `module` , `controller` , `action` , `method` , `data` , `create_at`) VALUES (1 , '0.0.0.0' , '‰øùÁïôÂú∞ÂùÄ ‰øùÁïôÂú∞ÂùÄ  ' , 'Windows 7' , 'Chrome(64.0.3282.140)' , 'http://localhost:81/jobmana/public/index.php/admin/companyman/edit/id/1.html' , 'admin' , 'Companyman' , 'edit' , 'POST' , 'a:21:{s:2:\"id\";s:1:\"1\";s:7:\"comcode\";s:11:\"JWKLX130321\";s:7:\"comname\";s:24:\"Ê≤≥ÂåóÂ∑•Á®ãÊäÄÊúØÂ≠¶Èô¢\";s:9:\"comadress\";s:47:\"Ê≤≥ÂåóÁúÅÁü≥ÂÆ∂Â∫ÑÂ∏ÇÁ∫¢ÊóóÂ§ßË°óÂÆ´ÂåóË∑Ø11Âè∑\";s:9:\"compeople\";s:6:\"Êùú‰ª≤\";s:11:\"comtelphone\";s:12:\"155033202310\";s:7:\"comdesc\";s:200:\"Ê≤≥ÂåóÂ∑•Á®ãÊäÄÊúØÂ≠¶Èô¢ÊòØÁªèÂõΩÂÆ∂ÊïôËÇ≤ÈÉ®ÊâπÂáÜÊàêÁ´ãÁöÑÂÖ®Êó•Âà∂ÊôÆÈÄöÊú¨ÁßëÈô¢Ê†°„ÄÇ Â≠¶Ê†°ÊàêÁ´ã‰∫é1997Âπ¥Ôºå2001Âπ¥ÊîπÂª∫‰∏∫Áü≥ÂÆ∂Â∫ÑÊ≥ïÂïÜËÅå‰∏öÂ≠¶Èô¢Ôºå2011Âπ¥Â≠¶Èô¢Êõ¥Âêç‰∏∫Áü≥ÂÆ∂Â∫ÑÂüéÂ∏ÇË\";s:6:\"comqua\";s:1:\"0\";s:11:\"comcategory\";s:12:\"È´òÁ≠âÊïôËÇ≤\";s:8:\"comscale\";s:6:\"300000\";s:10:\"comlicense\";s:19:\"9153011232522488898\";s:9:\"comtaxreg\";s:1:\"1\";s:9:\"commecode\";s:1:\"1\";s:7:\"comhome\";s:13:\"www.baidu.com\";s:9:\"comtfpass\";s:1:\"1\";s:12:\"commissioner\";s:9:\"Âº†ËÄÅÂ∏à\";s:7:\"comlogo\";s:1:\"1\";s:8:\"comthumb\";s:1:\"1\";s:10:\"comtfthumb\";s:1:\"2\";s:14:\"comtfexcellent\";s:1:\"1\";s:7:\"loginid\";s:1:\"1\";}' , 1533790819) [ RunTime:0.000000s ]

---------------------------------------------------------------
[ 2018-08-09T13:00:21+08:00 ] ::1 ::1 GET /jobmana/public/index.php/admin/companyman/index.html
[ log ] localhost:81/jobmana/public/index.php/admin/companyman/index.html [ËøêË°åÊó∂Èó¥Ôºö0.993057s][ÂêûÂêêÁéáÔºö1.01req/s] [ÂÜÖÂ≠òÊ∂àËÄóÔºö5,504.46kb] [Êñá‰ª∂Âä†ËΩΩÔºö76]
[ info ] [ LANG ] E:\phpstudy\WWW\jobmana\thinkphp\lang\zh-cn.php
[ info ] [ ROUTE ] array (
  'type' => 'module',
  'module' => 
  array (
    0 => 'admin',
    1 => 'companyman',
    2 => 'index',
  ),
)
[ info ] [ HEADER ] array (
  'host' => 'localhost:81',
  'connection' => 'keep-alive',
  'cache-control' => 'max-age=0',
  'upgrade-insecure-requests' => '1',
  'user-agent' => 'Mozilla/5.0 (Windows NT 6.1; WOW64) AppleWebKit/537.36 (KHTML, like Gecko) Chrome/64.0.3282.140 Safari/537.36',
  'accept' => 'text/html,application/xhtml+xml,application/xml;q=0.9,image/webp,image/apng,*/*;q=0.8',
  'referer' => 'http://localhost:81/jobmana/public/index.php/admin/companyman/index.html',
  'accept-encoding' => 'gzip, deflate, br',
  'accept-language' => 'zh-CN,zh;q=0.9',
  'cookie' => 'thinkphp_show_page_trace=0|0; PHPSESSID=bnv6eit3sn0lviurhnnrk25j97',
)
[ info ] [ PARAM ] array (
)
[ info ] [ SESSION ] INIT array (
  'id' => '',
  'var_session_id' => '',
  'prefix' => 'think',
  'type' => '',
  'auto_start' => true,
)
[ info ] [ BEHAVIOR ] Run \app\common\behavior\WebLog @module_init [ RunTime:0.054003s ]
[ info ] [ RUN ] app\admin\controller\Companyman->index[ E:\phpstudy\WWW\jobmana\application\admin\traits\controller\Controller.php ]
[ info ] [ DB ] INIT mysql
[ info ] [ VIEW ] E:\phpstudy\WWW\jobmana\public/../application/admin\view\companyman\index.html [ array (
  0 => 'list',
  1 => 'count',
  2 => 'page',
  3 => 'numPerPage',
) ]
[ info ] [ BEHAVIOR ] Run \app\common\behavior\WebLog @app_end [ RunTime:0.021001s ]
[ info ] [ LOG ] INIT File
[ sql ] [ DB ] CONNECT:[ UseTime:0.014001s ] mysql:dbname=tpadmin;host=127.0.0.1;charset=utf8
[ sql ] [ SQL ] SHOW COLUMNS FROM `tp_companyman` [ RunTime:0.030002s ]
[ sql ] [ SQL ] SELECT COUNT(*) AS tp_count FROM `tp_companyman` WHERE  `isdelete` = 0 LIMIT 1 [ RunTime:0.001000s ]
[ sql ] [ SQL ] SELECT * FROM `tp_companyman` WHERE  `isdelete` = 0 ORDER BY id desc LIMIT 0,20 [ RunTime:0.001000s ]
[ sql ] [ SQL ] SHOW COLUMNS FROM `tp_web_log_all` [ RunTime:0.017001s ]
[ sql ] [ SQL ] INSERT INTO `tp_web_log_all` (`uid` , `ip` , `location` , `os` , `browser` , `url` , `module` , `controller` , `action` , `method` , `data` , `create_at`) VALUES (1 , '0.0.0.0' , '‰øùÁïôÂú∞ÂùÄ ‰øùÁïôÂú∞ÂùÄ  ' , 'Windows 7' , 'Chrome(64.0.3282.140)' , 'http://localhost:81/jobmana/public/index.php/admin/companyman/index.html' , 'admin' , 'Companyman' , 'index' , 'GET' , 'a:0:{}' , 1533790820) [ RunTime:0.001000s ]

---------------------------------------------------------------
[ 2018-08-09T13:00:26+08:00 ] ::1 ::1 GET /jobmana/public/index.php/admin/companyman/detail/id/1.html
[ log ] localhost:81/jobmana/public/index.php/admin/companyman/detail/id/1.html [ËøêË°åÊó∂Èó¥Ôºö0.964056s][ÂêûÂêêÁéáÔºö1.04req/s] [ÂÜÖÂ≠òÊ∂àËÄóÔºö5,397.52kb] [Êñá‰ª∂Âä†ËΩΩÔºö73]
[ info ] [ LANG ] E:\phpstudy\WWW\jobmana\thinkphp\lang\zh-cn.php
[ info ] [ ROUTE ] array (
  'type' => 'module',
  'module' => 
  array (
    0 => 'admin',
    1 => 'companyman',
    2 => 'detail',
  ),
)
[ info ] [ HEADER ] array (
  'host' => 'localhost:81',
  'connection' => 'keep-alive',
  'upgrade-insecure-requests' => '1',
  'user-agent' => 'Mozilla/5.0 (Windows NT 6.1; WOW64) AppleWebKit/537.36 (KHTML, like Gecko) Chrome/64.0.3282.140 Safari/537.36',
  'accept' => 'text/html,application/xhtml+xml,application/xml;q=0.9,image/webp,image/apng,*/*;q=0.8',
  'referer' => 'http://localhost:81/jobmana/public/index.php/admin/companyman/index.html',
  'accept-encoding' => 'gzip, deflate, br',
  'accept-language' => 'zh-CN,zh;q=0.9',
  'cookie' => 'thinkphp_show_page_trace=0|0; thinkphp_show_page_trace=0|0; PHPSESSID=bnv6eit3sn0lviurhnnrk25j97',
)
[ info ] [ PARAM ] array (
  'id' => '1',
)
[ info ] [ SESSION ] INIT array (
  'id' => '',
  'var_session_id' => '',
  'prefix' => 'think',
  'type' => '',
  'auto_start' => true,
)
[ info ] [ BEHAVIOR ] Run \app\common\behavior\WebLog @module_init [ RunTime:0.069004s ]
[ info ] [ RUN ] app\admin\controller\Companyman->detail[ E:\phpstudy\WWW\jobmana\application\admin\controller\Companyman.php ]
[ info ] [ DB ] INIT mysql
[ info ] [ VIEW ] E:\phpstudy\WWW\jobmana\public/../application/admin\view\companyman\detail.html [ array (
  0 => 'vo',
) ]
[ info ] [ BEHAVIOR ] Run \app\common\behavior\WebLog @app_end [ RunTime:0.020001s ]
[ info ] [ LOG ] INIT File
[ sql ] [ DB ] CONNECT:[ UseTime:0.006000s ] mysql:dbname=tpadmin;host=127.0.0.1;charset=utf8
[ sql ] [ SQL ] SHOW COLUMNS FROM `tp_companyman` [ RunTime:0.018001s ]
[ sql ] [ SQL ] SELECT `w`.* FROM `tp_companyman` `w` WHERE  `w`.`id` = '1' LIMIT 1 [ RunTime:0.001000s ]
[ sql ] [ SQL ] SHOW COLUMNS FROM `tp_web_log_all` [ RunTime:0.018001s ]
[ sql ] [ SQL ] INSERT INTO `tp_web_log_all` (`uid` , `ip` , `location` , `os` , `browser` , `url` , `module` , `controller` , `action` , `method` , `data` , `create_at`) VALUES (1 , '0.0.0.0' , '‰øùÁïôÂú∞ÂùÄ ‰øùÁïôÂú∞ÂùÄ  ' , 'Windows 7' , 'Chrome(64.0.3282.140)' , 'http://localhost:81/jobmana/public/index.php/admin/companyman/detail/id/1.html' , 'admin' , 'Companyman' , 'detail' , 'GET' , 'a:1:{s:2:\"id\";s:1:\"1\";}' , 1533790826) [ RunTime:0.001000s ]

---------------------------------------------------------------
