[ 2018-08-18T09:08:30+08:00 ] ::1 ::1 GET /jobmana/public/
[ log ] localhost:81/jobmana/public/ [运行时间：1.014058s][吞吐率：0.99req/s] [内存消耗：1,175.77kb] [文件加载：41]
[ info ] [ LANG ] E:\phpstudy\WWW\jobmana\thinkphp\lang\zh-cn.php
[ info ] [ ROUTE ] array (
  'type' => 'module',
  'module' => 
  array (
    0 => '',
    1 => NULL,
    2 => NULL,
  ),
)
[ info ] [ HEADER ] array (
  'connection' => 'close',
  'host' => 'localhost:81',
  'referer' => 'http://localhost:81/jobmana/public',
  'accept-encoding' => 'gzip, deflate',
  'accept' => '*/*',
  'user-agent' => 'PostmanRuntime/7.2.0',
  'postman-token' => '385d2d6c-a77f-464a-9ce8-f881c62a4e1d',
  'cache-control' => 'no-cache',
)
[ info ] [ PARAM ] array (
)
[ info ] [ RUN ] app\index\controller\Index->index[ E:\phpstudy\WWW\jobmana\application\index\controller\Index.php ]
[ info ] [ LOG ] INIT File

---------------------------------------------------------------
[ 2018-08-18T09:08:38+08:00 ] ::1 ::1 GET /jobmana/public/index.php
[ log ] localhost:81/jobmana/public/index.php [运行时间：0.076004s][吞吐率：13.16req/s] [内存消耗：1,175.57kb] [文件加载：41]
[ info ] [ LANG ] E:\phpstudy\WWW\jobmana\thinkphp\lang\zh-cn.php
[ info ] [ ROUTE ] array (
  'type' => 'module',
  'module' => 
  array (
    0 => '',
    1 => NULL,
    2 => NULL,
  ),
)
[ info ] [ HEADER ] array (
  'connection' => 'close',
  'accept-encoding' => 'gzip, deflate',
  'host' => 'localhost:81',
  'accept' => '*/*',
  'user-agent' => 'PostmanRuntime/7.2.0',
  'postman-token' => '604f57c4-3fd7-4b6e-9248-a0dc2f0c0a3e',
  'cache-control' => 'no-cache',
)
[ info ] [ PARAM ] array (
)
[ info ] [ RUN ] app\index\controller\Index->index[ E:\phpstudy\WWW\jobmana\application\index\controller\Index.php ]
[ info ] [ LOG ] INIT File

---------------------------------------------------------------
[ 2018-08-18T09:08:39+08:00 ] ::1 ::1 GET /jobmana/public/index.php/admin.html
[ log ] localhost:81/jobmana/public/index.php/admin.html [运行时间：0.494028s][吞吐率：2.02req/s] [内存消耗：4,899.58kb] [文件加载：69]
[ info ] [ LANG ] E:\phpstudy\WWW\jobmana\thinkphp\lang\zh-cn.php
[ info ] [ ROUTE ] array (
  'type' => 'module',
  'module' => 
  array (
    0 => 'admin',
    1 => NULL,
    2 => NULL,
  ),
)
[ info ] [ HEADER ] array (
  'connection' => 'close',
  'host' => 'localhost:81',
  'referer' => 'http://localhost:81/jobmana/public/index.php',
  'accept-encoding' => 'gzip, deflate',
  'accept' => '*/*',
  'user-agent' => 'PostmanRuntime/7.2.0',
  'postman-token' => '604f57c4-3fd7-4b6e-9248-a0dc2f0c0a3e',
  'cache-control' => 'no-cache',
)
[ info ] [ PARAM ] array (
)
[ info ] [ SESSION ] INIT array (
  'id' => '',
  'var_session_id' => '',
  'prefix' => 'think',
  'type' => '',
  'auto_start' => true,
)
[ info ] [ BEHAVIOR ] Run \app\common\behavior\WebLog @module_init [ RunTime:0.169009s ]
[ info ] [ DB ] INIT mysql
[ info ] [ BEHAVIOR ] Run \app\common\behavior\WebLog @app_end [ RunTime:0.160009s ]
[ info ] [ LOG ] INIT File
[ sql ] [ DB ] CONNECT:[ UseTime:0.031002s ] mysql:dbname=tpadmin;host=127.0.0.1;charset=utf8
[ sql ] [ SQL ] SHOW COLUMNS FROM `tp_web_log_all` [ RunTime:0.070004s ]
[ sql ] [ SQL ] INSERT INTO `tp_web_log_all` (`uid` , `ip` , `location` , `os` , `browser` , `url` , `module` , `controller` , `action` , `method` , `data` , `create_at`) VALUES (0 , '0.0.0.0' , '保留地址 保留地址  ' , '未知操作系统' , '未知浏览器()' , 'http://localhost:81/jobmana/public/index.php/admin.html' , 'admin' , 'Index' , 'index' , 'GET' , 'a:0:{}' , 1534554519) [ RunTime:0.002000s ]

---------------------------------------------------------------
[ 2018-08-18T09:08:39+08:00 ] ::1 ::1 GET /jobmana/public/index.php/admin/pub/login.html
[ log ] localhost:81/jobmana/public/index.php/admin/pub/login.html [运行时间：0.236013s][吞吐率：4.24req/s] [内存消耗：4,902.95kb] [文件加载：69]
[ info ] [ LANG ] E:\phpstudy\WWW\jobmana\thinkphp\lang\zh-cn.php
[ info ] [ ROUTE ] array (
  'type' => 'module',
  'module' => 
  array (
    0 => 'admin',
    1 => 'pub',
    2 => 'login',
  ),
)
[ info ] [ HEADER ] array (
  'connection' => 'close',
  'cookie' => 'PHPSESSID=2jcq727vl1haebm6amgf4j2kv5',
  'host' => 'localhost:81',
  'referer' => 'http://localhost:81/jobmana/public/index.php/admin.html',
  'accept-encoding' => 'gzip, deflate',
  'accept' => '*/*',
  'user-agent' => 'PostmanRuntime/7.2.0',
  'postman-token' => '604f57c4-3fd7-4b6e-9248-a0dc2f0c0a3e',
  'cache-control' => 'no-cache',
)
[ info ] [ PARAM ] array (
)
[ info ] [ SESSION ] INIT array (
  'id' => '',
  'var_session_id' => '',
  'prefix' => 'think',
  'type' => '',
  'auto_start' => true,
)
[ info ] [ BEHAVIOR ] Run \app\common\behavior\WebLog @module_init [ RunTime:0.012001s ]
[ info ] [ RUN ] app\admin\controller\Pub->login[ E:\phpstudy\WWW\jobmana\application\admin\controller\Pub.php ]
[ info ] [ VIEW ] E:\phpstudy\WWW\jobmana\public/../application/admin\view\pub\login.html [ array (
) ]
[ info ] [ DB ] INIT mysql
[ info ] [ BEHAVIOR ] Run \app\common\behavior\WebLog @app_end [ RunTime:0.047003s ]
[ info ] [ LOG ] INIT File
[ sql ] [ DB ] CONNECT:[ UseTime:0.013001s ] mysql:dbname=tpadmin;host=127.0.0.1;charset=utf8
[ sql ] [ SQL ] SHOW COLUMNS FROM `tp_web_log_all` [ RunTime:0.014000s ]
[ sql ] [ SQL ] INSERT INTO `tp_web_log_all` (`uid` , `ip` , `location` , `os` , `browser` , `url` , `module` , `controller` , `action` , `method` , `data` , `create_at`) VALUES (0 , '0.0.0.0' , '保留地址 保留地址  ' , '未知操作系统' , '未知浏览器()' , 'http://localhost:81/jobmana/public/index.php/admin/pub/login.html' , 'admin' , 'Pub' , 'login' , 'GET' , 'a:0:{}' , 1534554519) [ RunTime:0.000000s ]

---------------------------------------------------------------
[ 2018-08-18T09:08:49+08:00 ] ::1 ::1 GET /jobmana/public/index.php/login
[ log ] localhost:81/jobmana/public/index.php/login [运行时间：0.130008s][吞吐率：7.69req/s] [内存消耗：1,229.93kb] [文件加载：46]
[ info ] [ LANG ] E:\phpstudy\WWW\jobmana\thinkphp\lang\zh-cn.php
[ info ] [ ROUTE ] array (
  'type' => 'module',
  'module' => 
  array (
    0 => 'login',
    1 => NULL,
    2 => NULL,
  ),
)
[ info ] [ HEADER ] array (
  'connection' => 'close',
  'accept-encoding' => 'gzip, deflate',
  'cookie' => 'PHPSESSID=2jcq727vl1haebm6amgf4j2kv5',
  'host' => 'localhost:81',
  'accept' => '*/*',
  'user-agent' => 'PostmanRuntime/7.2.0',
  'postman-token' => '13c34cdc-259a-4ee0-ab58-e89d252c60b2',
  'cache-control' => 'no-cache',
)
[ info ] [ PARAM ] array (
)
[ info ] [ LOG ] INIT File

---------------------------------------------------------------
[ 2018-08-18T09:10:26+08:00 ] ::1 ::1 GET /jobmana/public/index.php/login
[ log ] localhost:81/jobmana/public/index.php/login [运行时间：0.117006s][吞吐率：8.55req/s] [内存消耗：1,229.93kb] [文件加载：46]
[ info ] [ LANG ] E:\phpstudy\WWW\jobmana\thinkphp\lang\zh-cn.php
[ info ] [ ROUTE ] array (
  'type' => 'module',
  'module' => 
  array (
    0 => 'login',
    1 => NULL,
    2 => NULL,
  ),
)
[ info ] [ HEADER ] array (
  'connection' => 'close',
  'accept-encoding' => 'gzip, deflate',
  'cookie' => 'PHPSESSID=2jcq727vl1haebm6amgf4j2kv5',
  'host' => 'localhost:81',
  'accept' => '*/*',
  'user-agent' => 'PostmanRuntime/7.2.0',
  'postman-token' => '7ca99ce5-bd6d-4797-812b-8a1417573b4a',
  'cache-control' => 'no-cache',
)
[ info ] [ PARAM ] array (
)
[ info ] [ LOG ] INIT File

---------------------------------------------------------------
[ 2018-08-18T09:10:46+08:00 ] ::1 ::1 GET /jobmana/public/index.php/test
[ log ] localhost:81/jobmana/public/index.php/test [运行时间：0.126007s][吞吐率：7.94req/s] [内存消耗：1,229.93kb] [文件加载：46]
[ info ] [ LANG ] E:\phpstudy\WWW\jobmana\thinkphp\lang\zh-cn.php
[ info ] [ ROUTE ] array (
  'type' => 'module',
  'module' => 
  array (
    0 => 'test',
    1 => NULL,
    2 => NULL,
  ),
)
[ info ] [ HEADER ] array (
  'connection' => 'close',
  'accept-encoding' => 'gzip, deflate',
  'cookie' => 'PHPSESSID=2jcq727vl1haebm6amgf4j2kv5',
  'host' => 'localhost:81',
  'accept' => '*/*',
  'user-agent' => 'PostmanRuntime/7.2.0',
  'postman-token' => '65093c97-b1e0-40a8-8f78-1b4f4c67a4cb',
  'cache-control' => 'no-cache',
)
[ info ] [ PARAM ] array (
)
[ info ] [ LOG ] INIT File

---------------------------------------------------------------
[ 2018-08-18T09:10:59+08:00 ] ::1 ::1 POST /jobmana/public/index.php/login
[ log ] localhost:81/jobmana/public/index.php/login [运行时间：0.086005s][吞吐率：11.63req/s] [内存消耗：1,323.02kb] [文件加载：43]
[ info ] [ LANG ] E:\phpstudy\WWW\jobmana\thinkphp\lang\zh-cn.php
[ info ] [ ROUTE ] array (
  'type' => 'module',
  'module' => 
  array (
    0 => 'api',
    1 => 'user',
    2 => 'login',
  ),
  'convert' => false,
)
[ info ] [ HEADER ] array (
  'connection' => 'close',
  'content-length' => '0',
  'accept-encoding' => 'gzip, deflate',
  'cookie' => 'PHPSESSID=2jcq727vl1haebm6amgf4j2kv5',
  'host' => 'localhost:81',
  'accept' => '*/*',
  'user-agent' => 'PostmanRuntime/7.2.0',
  'postman-token' => '4771e60c-3825-42bb-82ca-f9c22aee66cf',
  'cache-control' => 'no-cache',
)
[ info ] [ PARAM ] array (
)
[ info ] [ LOG ] INIT File

---------------------------------------------------------------
[ 2018-08-18T09:11:19+08:00 ] ::1 ::1 POST /jobmana/public/index.php/login
[ log ] localhost:81/jobmana/public/index.php/login [运行时间：0.076004s][吞吐率：13.16req/s] [内存消耗：1,323.02kb] [文件加载：43]
[ info ] [ LANG ] E:\phpstudy\WWW\jobmana\thinkphp\lang\zh-cn.php
[ info ] [ ROUTE ] array (
  'type' => 'module',
  'module' => 
  array (
    0 => 'api',
    1 => 'user',
    2 => 'login',
  ),
  'convert' => false,
)
[ info ] [ HEADER ] array (
  'connection' => 'close',
  'content-length' => '0',
  'accept-encoding' => 'gzip, deflate',
  'cookie' => 'PHPSESSID=2jcq727vl1haebm6amgf4j2kv5',
  'host' => 'localhost:81',
  'accept' => '*/*',
  'user-agent' => 'PostmanRuntime/7.2.0',
  'postman-token' => '37aa4148-dc21-4668-9438-35921396c09d',
  'cache-control' => 'no-cache',
)
[ info ] [ PARAM ] array (
)
[ info ] [ LOG ] INIT File

---------------------------------------------------------------
[ 2018-08-18T09:25:44+08:00 ] ::1 ::1 POST /jobmana/public/index.php/token
[ log ] localhost:81/jobmana/public/index.php/token [运行时间：0.155009s][吞吐率：6.45req/s] [内存消耗：1,263.48kb] [文件加载：48]
[ info ] [ LANG ] E:\phpstudy\WWW\jobmana\thinkphp\lang\zh-cn.php
[ info ] [ ROUTE ] array (
  'type' => 'module',
  'module' => 
  array (
    0 => 'api',
    1 => 'user',
    2 => 'token',
  ),
  'convert' => false,
)
[ info ] [ HEADER ] array (
  'connection' => 'close',
  'content-length' => '0',
  'accept-encoding' => 'gzip, deflate',
  'cookie' => 'PHPSESSID=2jcq727vl1haebm6amgf4j2kv5',
  'host' => 'localhost:81',
  'accept' => '*/*',
  'user-agent' => 'PostmanRuntime/7.2.0',
  'postman-token' => '02e680db-9682-450f-9ad3-eca4937a1239',
  'cache-control' => 'no-cache',
)
[ info ] [ PARAM ] array (
)
[ info ] [ LOG ] INIT File
[ error ] [4]语法错误: unexpected ';', expecting ')'[E:\phpstudy\WWW\jobmana\application\api\controller\Common.php:31]

---------------------------------------------------------------
[ 2018-08-18T09:26:00+08:00 ] ::1 ::1 POST /jobmana/public/index.php/token
[ log ] localhost:81/jobmana/public/index.php/token [运行时间：0.089005s][吞吐率：11.24req/s] [内存消耗：1,326.36kb] [文件加载：43]
[ info ] [ LANG ] E:\phpstudy\WWW\jobmana\thinkphp\lang\zh-cn.php
[ info ] [ ROUTE ] array (
  'type' => 'module',
  'module' => 
  array (
    0 => 'api',
    1 => 'user',
    2 => 'token',
  ),
  'convert' => false,
)
[ info ] [ HEADER ] array (
  'connection' => 'close',
  'content-length' => '0',
  'accept-encoding' => 'gzip, deflate',
  'cookie' => 'PHPSESSID=2jcq727vl1haebm6amgf4j2kv5',
  'host' => 'localhost:81',
  'accept' => '*/*',
  'user-agent' => 'PostmanRuntime/7.2.0',
  'postman-token' => '9f865776-aa0f-4086-8baa-a94d606991f1',
  'cache-control' => 'no-cache',
)
[ info ] [ PARAM ] array (
)
[ info ] [ LOG ] INIT File

---------------------------------------------------------------
[ 2018-08-18T09:26:09+08:00 ] ::1 ::1 POST /jobmana/public/index.php/token
[ log ] localhost:81/jobmana/public/index.php/token [运行时间：0.084005s][吞吐率：11.90req/s] [内存消耗：1,327.35kb] [文件加载：43]
[ info ] [ LANG ] E:\phpstudy\WWW\jobmana\thinkphp\lang\zh-cn.php
[ info ] [ ROUTE ] array (
  'type' => 'module',
  'module' => 
  array (
    0 => 'api',
    1 => 'user',
    2 => 'token',
  ),
  'convert' => false,
)
[ info ] [ HEADER ] array (
  'connection' => 'close',
  'content-length' => '160',
  'content-type' => 'multipart/form-data; boundary=--------------------------278145151182652946431583',
  'accept-encoding' => 'gzip, deflate',
  'cookie' => 'PHPSESSID=2jcq727vl1haebm6amgf4j2kv5',
  'host' => 'localhost:81',
  'accept' => '*/*',
  'user-agent' => 'PostmanRuntime/7.2.0',
  'postman-token' => 'd6d95ffa-2e5a-450c-b6bd-400afececdd9',
  'cache-control' => 'no-cache',
)
[ info ] [ PARAM ] array (
  'phone' => '',
)
[ info ] [ LOG ] INIT File

---------------------------------------------------------------
[ 2018-08-18T09:26:12+08:00 ] ::1 ::1 POST /jobmana/public/index.php/token
[ log ] localhost:81/jobmana/public/index.php/token [运行时间：0.075005s][吞吐率：13.33req/s] [内存消耗：1,327.41kb] [文件加载：43]
[ info ] [ LANG ] E:\phpstudy\WWW\jobmana\thinkphp\lang\zh-cn.php
[ info ] [ ROUTE ] array (
  'type' => 'module',
  'module' => 
  array (
    0 => 'api',
    1 => 'user',
    2 => 'token',
  ),
  'convert' => false,
)
[ info ] [ HEADER ] array (
  'connection' => 'close',
  'content-length' => '161',
  'content-type' => 'multipart/form-data; boundary=--------------------------177951407848193721585448',
  'accept-encoding' => 'gzip, deflate',
  'cookie' => 'PHPSESSID=2jcq727vl1haebm6amgf4j2kv5',
  'host' => 'localhost:81',
  'accept' => '*/*',
  'user-agent' => 'PostmanRuntime/7.2.0',
  'postman-token' => '039177e8-d46e-447e-b597-d85e73942945',
  'cache-control' => 'no-cache',
)
[ info ] [ PARAM ] array (
  'phone' => '1',
)
[ info ] [ LOG ] INIT File

---------------------------------------------------------------
[ 2018-08-18T09:26:20+08:00 ] ::1 ::1 POST /jobmana/public/index.php/token
[ log ] localhost:81/jobmana/public/index.php/token [运行时间：0.142008s][吞吐率：7.04req/s] [内存消耗：1,544.05kb] [文件加载：55]
[ info ] [ LANG ] E:\phpstudy\WWW\jobmana\thinkphp\lang\zh-cn.php
[ info ] [ ROUTE ] array (
  'type' => 'module',
  'module' => 
  array (
    0 => 'api',
    1 => 'user',
    2 => 'token',
  ),
  'convert' => false,
)
[ info ] [ HEADER ] array (
  'connection' => 'close',
  'content-length' => '171',
  'content-type' => 'multipart/form-data; boundary=--------------------------825175338846456418710912',
  'accept-encoding' => 'gzip, deflate',
  'cookie' => 'PHPSESSID=2jcq727vl1haebm6amgf4j2kv5',
  'host' => 'localhost:81',
  'accept' => '*/*',
  'user-agent' => 'PostmanRuntime/7.2.0',
  'postman-token' => '997bdcdf-2b82-4b86-a38f-dc8c41824967',
  'cache-control' => 'no-cache',
)
[ info ] [ PARAM ] array (
  'phone' => '11111111111',
)
[ info ] [ RUN ] app\api\controller\User->token[ E:\phpstudy\WWW\jobmana\application\api\controller\User.php ]
[ info ] [ LOG ] INIT File
[ error ] [1]Call to undefined function app\api\controller\isMobile()[E:\phpstudy\WWW\jobmana\application\api\controller\User.php:17]

---------------------------------------------------------------
[ 2018-08-18T09:26:52+08:00 ] ::1 ::1 POST /jobmana/public/index.php/token
[ log ] localhost:81/jobmana/public/index.php/token [运行时间：0.079004s][吞吐率：12.66req/s] [内存消耗：1,327.78kb] [文件加载：43]
[ info ] [ LANG ] E:\phpstudy\WWW\jobmana\thinkphp\lang\zh-cn.php
[ info ] [ ROUTE ] array (
  'type' => 'module',
  'module' => 
  array (
    0 => 'api',
    1 => 'user',
    2 => 'token',
  ),
  'convert' => false,
)
[ info ] [ HEADER ] array (
  'connection' => 'close',
  'content-length' => '171',
  'content-type' => 'multipart/form-data; boundary=--------------------------437841866749752635400493',
  'accept-encoding' => 'gzip, deflate',
  'cookie' => 'PHPSESSID=2jcq727vl1haebm6amgf4j2kv5',
  'host' => 'localhost:81',
  'accept' => '*/*',
  'user-agent' => 'PostmanRuntime/7.2.0',
  'postman-token' => '83ec271b-14b6-4b44-b128-8fb37176e195',
  'cache-control' => 'no-cache',
)
[ info ] [ PARAM ] array (
  'phone' => '11111111111',
)
[ info ] [ RUN ] app\api\controller\User->token[ E:\phpstudy\WWW\jobmana\application\api\controller\User.php ]
[ info ] [ LOG ] INIT File

---------------------------------------------------------------
[ 2018-08-18T09:27:03+08:00 ] ::1 ::1 POST /jobmana/public/index.php/token
[ log ] localhost:81/jobmana/public/index.php/token [运行时间：0.135007s][吞吐率：7.41req/s] [内存消耗：1,518.85kb] [文件加载：51]
[ info ] [ LANG ] E:\phpstudy\WWW\jobmana\thinkphp\lang\zh-cn.php
[ info ] [ ROUTE ] array (
  'type' => 'module',
  'module' => 
  array (
    0 => 'api',
    1 => 'user',
    2 => 'token',
  ),
  'convert' => false,
)
[ info ] [ HEADER ] array (
  'connection' => 'close',
  'content-length' => '171',
  'content-type' => 'multipart/form-data; boundary=--------------------------303327795072232210885176',
  'accept-encoding' => 'gzip, deflate',
  'cookie' => 'PHPSESSID=2jcq727vl1haebm6amgf4j2kv5',
  'host' => 'localhost:81',
  'accept' => '*/*',
  'user-agent' => 'PostmanRuntime/7.2.0',
  'postman-token' => '7a599ae5-96fb-434a-aecf-d910971c61a1',
  'cache-control' => 'no-cache',
)
[ info ] [ PARAM ] array (
  'phone' => '15032180326',
)
[ info ] [ RUN ] app\api\controller\User->token[ E:\phpstudy\WWW\jobmana\application\api\controller\User.php ]
[ info ] [ LOG ] INIT File

---------------------------------------------------------------
[ 2018-08-18T09:40:48+08:00 ] ::1 ::1 POST /jobmana/public/index.php/token
[ log ] localhost:81/jobmana/public/index.php/token [运行时间：0.149009s][吞吐率：6.71req/s] [内存消耗：1,263.21kb] [文件加载：47]
[ info ] [ LANG ] E:\phpstudy\WWW\jobmana\thinkphp\lang\zh-cn.php
[ info ] [ ROUTE ] array (
  'type' => 'module',
  'module' => 
  array (
    0 => 'api',
    1 => 'user',
    2 => 'token',
  ),
  'convert' => false,
)
[ info ] [ HEADER ] array (
  'connection' => 'close',
  'content-length' => '171',
  'content-type' => 'multipart/form-data; boundary=--------------------------999496168409583779370832',
  'accept-encoding' => 'gzip, deflate',
  'cookie' => 'PHPSESSID=2jcq727vl1haebm6amgf4j2kv5',
  'host' => 'localhost:81',
  'accept' => '*/*',
  'user-agent' => 'PostmanRuntime/7.2.0',
  'postman-token' => '7024a2a6-c170-4cf9-8ec2-9d41b9930cd6',
  'cache-control' => 'no-cache',
)
[ info ] [ PARAM ] array (
  'phone' => '15032180326',
)
[ info ] [ LOG ] INIT File
[ error ] [4]语法错误: unexpected ';', expecting ']'[E:\phpstudy\WWW\jobmana\application\api\controller\User.php:87]

---------------------------------------------------------------
[ 2018-08-18T09:41:06+08:00 ] ::1 ::1 POST /jobmana/public/index.php/token
[ log ] localhost:81/jobmana/public/index.php/token [运行时间：0.134008s][吞吐率：7.46req/s] [内存消耗：1,519.72kb] [文件加载：51]
[ info ] [ LANG ] E:\phpstudy\WWW\jobmana\thinkphp\lang\zh-cn.php
[ info ] [ ROUTE ] array (
  'type' => 'module',
  'module' => 
  array (
    0 => 'api',
    1 => 'user',
    2 => 'token',
  ),
  'convert' => false,
)
[ info ] [ HEADER ] array (
  'connection' => 'close',
  'content-length' => '171',
  'content-type' => 'multipart/form-data; boundary=--------------------------190371955537820771425717',
  'accept-encoding' => 'gzip, deflate',
  'cookie' => 'PHPSESSID=2jcq727vl1haebm6amgf4j2kv5',
  'host' => 'localhost:81',
  'accept' => '*/*',
  'user-agent' => 'PostmanRuntime/7.2.0',
  'postman-token' => 'd1a16c00-73fe-4d69-ae5a-187f756d1d8c',
  'cache-control' => 'no-cache',
)
[ info ] [ PARAM ] array (
  'phone' => '15032180326',
)
[ info ] [ RUN ] app\api\controller\User->token[ E:\phpstudy\WWW\jobmana\application\api\controller\User.php ]
[ info ] [ LOG ] INIT File

---------------------------------------------------------------
[ 2018-08-18T09:41:44+08:00 ] ::1 ::1 GET /jobmana/public/index.php/login
[ log ] localhost:81/jobmana/public/index.php/login [运行时间：0.111006s][吞吐率：9.01req/s] [内存消耗：1,231.21kb] [文件加载：46]
[ info ] [ LANG ] E:\phpstudy\WWW\jobmana\thinkphp\lang\zh-cn.php
[ info ] [ ROUTE ] array (
  'type' => 'module',
  'module' => 
  array (
    0 => 'login',
    1 => NULL,
    2 => NULL,
  ),
)
[ info ] [ HEADER ] array (
  'connection' => 'close',
  'accept-encoding' => 'gzip, deflate',
  'cookie' => 'PHPSESSID=2jcq727vl1haebm6amgf4j2kv5',
  'host' => 'localhost:81',
  'accept' => '*/*',
  'user-agent' => 'PostmanRuntime/7.2.0',
  'postman-token' => 'f85a9c45-0c07-4065-9f20-f2323c35b07d',
  'cache-control' => 'no-cache',
)
[ info ] [ PARAM ] array (
)
[ info ] [ LOG ] INIT File

---------------------------------------------------------------
[ 2018-08-18T09:41:50+08:00 ] ::1 ::1 POST /jobmana/public/index.php/login
[ log ] localhost:81/jobmana/public/index.php/login [运行时间：0.081004s][吞吐率：12.35req/s] [内存消耗：1,327.30kb] [文件加载：43]
[ info ] [ LANG ] E:\phpstudy\WWW\jobmana\thinkphp\lang\zh-cn.php
[ info ] [ ROUTE ] array (
  'type' => 'module',
  'module' => 
  array (
    0 => 'api',
    1 => 'user',
    2 => 'login',
  ),
  'convert' => false,
)
[ info ] [ HEADER ] array (
  'connection' => 'close',
  'content-length' => '0',
  'accept-encoding' => 'gzip, deflate',
  'cookie' => 'PHPSESSID=2jcq727vl1haebm6amgf4j2kv5',
  'host' => 'localhost:81',
  'accept' => '*/*',
  'user-agent' => 'PostmanRuntime/7.2.0',
  'postman-token' => 'e9773f91-7bd8-4ff4-8058-321378532689',
  'cache-control' => 'no-cache',
)
[ info ] [ PARAM ] array (
)
[ info ] [ LOG ] INIT File

---------------------------------------------------------------
[ 2018-08-18T09:44:01+08:00 ] ::1 ::1 POST /jobmana/public/index.php/login
[ log ] localhost:81/jobmana/public/index.php/login [运行时间：0.183011s][吞吐率：5.46req/s] [内存消耗：2,036.09kb] [文件加载：50]
[ info ] [ LANG ] E:\phpstudy\WWW\jobmana\thinkphp\lang\zh-cn.php
[ info ] [ ROUTE ] array (
  'type' => 'module',
  'module' => 
  array (
    0 => 'api',
    1 => 'user',
    2 => 'login',
  ),
  'convert' => false,
)
[ info ] [ HEADER ] array (
  'connection' => 'close',
  'content-length' => '436',
  'content-type' => 'multipart/form-data; boundary=--------------------------459292468766171789299817',
  'accept-encoding' => 'gzip, deflate',
  'cookie' => 'PHPSESSID=2jcq727vl1haebm6amgf4j2kv5',
  'host' => 'localhost:81',
  'accept' => '*/*',
  'user-agent' => 'PostmanRuntime/7.2.0',
  'postman-token' => '4bad2bf5-037c-42ad-ab0a-d033d8df73e8',
  'cache-control' => 'no-cache',
)
[ info ] [ PARAM ] array (
  'username' => '15703276360',
  'password' => '15120801095',
  'token' => '851aff71b5aec344051feb0cd3ee62b605d413f5',
)
[ info ] [ RUN ] app\api\controller\User->login[ E:\phpstudy\WWW\jobmana\application\api\controller\User.php ]
[ info ] [ DB ] INIT mysql
[ info ] [ DB ] INIT mysql
[ info ] [ LOG ] INIT File
[ sql ] [ DB ] CONNECT:[ UseTime:0.006001s ] mysql:dbname=tpadmin;host=127.0.0.1;charset=utf8
[ sql ] [ SQL ] SHOW COLUMNS FROM `tp_perman` [ RunTime:0.022001s ]
[ sql ] [ SQL ] SELECT * FROM `tp_perman` WHERE  `telphone` = '15703276360' LIMIT 1 [ RunTime:0.001000s ]

---------------------------------------------------------------
[ 2018-08-18T09:45:17+08:00 ] ::1 ::1 POST /jobmana/public/index.php/login
[ log ] localhost:81/jobmana/public/index.php/login [运行时间：0.336019s][吞吐率：2.98req/s] [内存消耗：2,210.15kb] [文件加载：60]
[ info ] [ LANG ] E:\phpstudy\WWW\jobmana\thinkphp\lang\zh-cn.php
[ info ] [ ROUTE ] array (
  'type' => 'module',
  'module' => 
  array (
    0 => 'api',
    1 => 'user',
    2 => 'login',
  ),
  'convert' => false,
)
[ info ] [ HEADER ] array (
  'connection' => 'close',
  'content-length' => '436',
  'content-type' => 'multipart/form-data; boundary=--------------------------470386506137544629329427',
  'accept-encoding' => 'gzip, deflate',
  'cookie' => 'PHPSESSID=2jcq727vl1haebm6amgf4j2kv5',
  'host' => 'localhost:81',
  'accept' => '*/*',
  'user-agent' => 'PostmanRuntime/7.2.0',
  'postman-token' => '5c5e8c71-04fd-4a93-b991-81335f4d000b',
  'cache-control' => 'no-cache',
)
[ info ] [ PARAM ] array (
  'username' => '15703276360',
  'password' => '15120801095',
  'token' => '851aff71b5aec344051feb0cd3ee62b605d413f5',
)
[ info ] [ RUN ] app\api\controller\User->login[ E:\phpstudy\WWW\jobmana\application\api\controller\User.php ]
[ info ] [ DB ] INIT mysql
[ info ] [ DB ] INIT mysql
[ info ] [ LOG ] INIT File
[ sql ] [ DB ] CONNECT:[ UseTime:0.004000s ] mysql:dbname=tpadmin;host=127.0.0.1;charset=utf8
[ sql ] [ SQL ] SHOW COLUMNS FROM `tp_perman` [ RunTime:0.014000s ]
[ sql ] [ SQL ] SELECT * FROM `tp_perman` WHERE  `telphone` = '15703276360' LIMIT 1 [ RunTime:0.001000s ]
[ error ] [1]Call to undefined function app\api\controller\getLastsql()[E:\phpstudy\WWW\jobmana\application\api\controller\User.php:95]

---------------------------------------------------------------
[ 2018-08-18T09:45:40+08:00 ] ::1 ::1 POST /jobmana/public/index.php/login
[ log ] localhost:81/jobmana/public/index.php/login [运行时间：0.239013s][吞吐率：4.18req/s] [内存消耗：2,041.63kb] [文件加载：50]
[ info ] [ LANG ] E:\phpstudy\WWW\jobmana\thinkphp\lang\zh-cn.php
[ info ] [ ROUTE ] array (
  'type' => 'module',
  'module' => 
  array (
    0 => 'api',
    1 => 'user',
    2 => 'login',
  ),
  'convert' => false,
)
[ info ] [ HEADER ] array (
  'connection' => 'close',
  'content-length' => '436',
  'content-type' => 'multipart/form-data; boundary=--------------------------334026751135039318563370',
  'accept-encoding' => 'gzip, deflate',
  'cookie' => 'PHPSESSID=2jcq727vl1haebm6amgf4j2kv5',
  'host' => 'localhost:81',
  'accept' => '*/*',
  'user-agent' => 'PostmanRuntime/7.2.0',
  'postman-token' => 'b9a59d73-565e-4027-ba6e-863889c3e928',
  'cache-control' => 'no-cache',
)
[ info ] [ PARAM ] array (
  'username' => '15703276360',
  'password' => '15120801095',
  'token' => '851aff71b5aec344051feb0cd3ee62b605d413f5',
)
[ info ] [ RUN ] app\api\controller\User->login[ E:\phpstudy\WWW\jobmana\application\api\controller\User.php ]
[ info ] [ DB ] INIT mysql
[ info ] [ DB ] INIT mysql
[ info ] [ DB ] INIT mysql
[ info ] [ LOG ] INIT File
[ sql ] [ DB ] CONNECT:[ UseTime:0.004001s ] mysql:dbname=tpadmin;host=127.0.0.1;charset=utf8
[ sql ] [ SQL ] SHOW COLUMNS FROM `tp_perman` [ RunTime:0.014001s ]
[ sql ] [ SQL ] SELECT * FROM `tp_perman` WHERE  `telphone` = '15703276360' LIMIT 1 [ RunTime:0.001000s ]

---------------------------------------------------------------
[ 2018-08-18T09:45:49+08:00 ] ::1 ::1 POST /jobmana/public/index.php/login
[ log ] localhost:81/jobmana/public/index.php/login [运行时间：0.230013s][吞吐率：4.35req/s] [内存消耗：2,036.09kb] [文件加载：50]
[ info ] [ LANG ] E:\phpstudy\WWW\jobmana\thinkphp\lang\zh-cn.php
[ info ] [ ROUTE ] array (
  'type' => 'module',
  'module' => 
  array (
    0 => 'api',
    1 => 'user',
    2 => 'login',
  ),
  'convert' => false,
)
[ info ] [ HEADER ] array (
  'connection' => 'close',
  'content-length' => '436',
  'content-type' => 'multipart/form-data; boundary=--------------------------176303120304748857639648',
  'accept-encoding' => 'gzip, deflate',
  'cookie' => 'PHPSESSID=2jcq727vl1haebm6amgf4j2kv5',
  'host' => 'localhost:81',
  'accept' => '*/*',
  'user-agent' => 'PostmanRuntime/7.2.0',
  'postman-token' => 'cee0046a-3e11-477e-bc02-77073cdd502d',
  'cache-control' => 'no-cache',
)
[ info ] [ PARAM ] array (
  'username' => '15703276360',
  'password' => '15120801095',
  'token' => '851aff71b5aec344051feb0cd3ee62b605d413f5',
)
[ info ] [ RUN ] app\api\controller\User->login[ E:\phpstudy\WWW\jobmana\application\api\controller\User.php ]
[ info ] [ DB ] INIT mysql
[ info ] [ DB ] INIT mysql
[ info ] [ LOG ] INIT File
[ sql ] [ DB ] CONNECT:[ UseTime:0.004000s ] mysql:dbname=tpadmin;host=127.0.0.1;charset=utf8
[ sql ] [ SQL ] SHOW COLUMNS FROM `tp_perman` [ RunTime:0.014001s ]
[ sql ] [ SQL ] SELECT * FROM `tp_perman` WHERE  `telphone` = '15703276360' LIMIT 1 [ RunTime:0.000000s ]

---------------------------------------------------------------
[ 2018-08-18T09:46:06+08:00 ] ::1 ::1 POST /jobmana/public/index.php/login
[ log ] localhost:81/jobmana/public/index.php/login [运行时间：0.224012s][吞吐率：4.46req/s] [内存消耗：2,036.02kb] [文件加载：50]
[ info ] [ LANG ] E:\phpstudy\WWW\jobmana\thinkphp\lang\zh-cn.php
[ info ] [ ROUTE ] array (
  'type' => 'module',
  'module' => 
  array (
    0 => 'api',
    1 => 'user',
    2 => 'login',
  ),
  'convert' => false,
)
[ info ] [ HEADER ] array (
  'connection' => 'close',
  'content-length' => '437',
  'content-type' => 'multipart/form-data; boundary=--------------------------364787764011325075712633',
  'accept-encoding' => 'gzip, deflate',
  'cookie' => 'PHPSESSID=2jcq727vl1haebm6amgf4j2kv5',
  'host' => 'localhost:81',
  'accept' => '*/*',
  'user-agent' => 'PostmanRuntime/7.2.0',
  'postman-token' => '6328cb3d-70d7-4c8f-9527-fd7b433902af',
  'cache-control' => 'no-cache',
)
[ info ] [ PARAM ] array (
  'username' => '15703276360',
  'password' => '15120801095',
  'token' => '851aff71b5aec344051feb0cd3ee62b605d413f51',
)
[ info ] [ RUN ] app\api\controller\User->login[ E:\phpstudy\WWW\jobmana\application\api\controller\User.php ]
[ info ] [ DB ] INIT mysql
[ info ] [ LOG ] INIT File
[ sql ] [ DB ] CONNECT:[ UseTime:0.004000s ] mysql:dbname=tpadmin;host=127.0.0.1;charset=utf8
[ sql ] [ SQL ] SHOW COLUMNS FROM `tp_perman` [ RunTime:0.014001s ]
[ sql ] [ SQL ] SELECT * FROM `tp_perman` WHERE  `telphone` = '15703276360' LIMIT 1 [ RunTime:0.000000s ]

---------------------------------------------------------------
[ 2018-08-18T09:46:10+08:00 ] ::1 ::1 POST /jobmana/public/index.php/login
[ log ] localhost:81/jobmana/public/index.php/login [运行时间：0.186011s][吞吐率：5.38req/s] [内存消耗：2,036.09kb] [文件加载：50]
[ info ] [ LANG ] E:\phpstudy\WWW\jobmana\thinkphp\lang\zh-cn.php
[ info ] [ ROUTE ] array (
  'type' => 'module',
  'module' => 
  array (
    0 => 'api',
    1 => 'user',
    2 => 'login',
  ),
  'convert' => false,
)
[ info ] [ HEADER ] array (
  'connection' => 'close',
  'content-length' => '436',
  'content-type' => 'multipart/form-data; boundary=--------------------------690523141071457603869889',
  'accept-encoding' => 'gzip, deflate',
  'cookie' => 'PHPSESSID=2jcq727vl1haebm6amgf4j2kv5',
  'host' => 'localhost:81',
  'accept' => '*/*',
  'user-agent' => 'PostmanRuntime/7.2.0',
  'postman-token' => '9de21841-c2e4-4e0a-89a1-574a62128f55',
  'cache-control' => 'no-cache',
)
[ info ] [ PARAM ] array (
  'username' => '15703276360',
  'password' => '15120801095',
  'token' => '851aff71b5aec344051feb0cd3ee62b605d413f5',
)
[ info ] [ RUN ] app\api\controller\User->login[ E:\phpstudy\WWW\jobmana\application\api\controller\User.php ]
[ info ] [ DB ] INIT mysql
[ info ] [ DB ] INIT mysql
[ info ] [ LOG ] INIT File
[ sql ] [ DB ] CONNECT:[ UseTime:0.014001s ] mysql:dbname=tpadmin;host=127.0.0.1;charset=utf8
[ sql ] [ SQL ] SHOW COLUMNS FROM `tp_perman` [ RunTime:0.015001s ]
[ sql ] [ SQL ] SELECT * FROM `tp_perman` WHERE  `telphone` = '15703276360' LIMIT 1 [ RunTime:0.001000s ]

---------------------------------------------------------------
[ 2018-08-18T09:46:27+08:00 ] ::1 ::1 POST /jobmana/public/index.php/login
[ log ] localhost:81/jobmana/public/index.php/login [运行时间：0.205011s][吞吐率：4.88req/s] [内存消耗：2,051.16kb] [文件加载：50]
[ info ] [ LANG ] E:\phpstudy\WWW\jobmana\thinkphp\lang\zh-cn.php
[ info ] [ ROUTE ] array (
  'type' => 'module',
  'module' => 
  array (
    0 => 'api',
    1 => 'user',
    2 => 'login',
  ),
  'convert' => false,
)
[ info ] [ HEADER ] array (
  'connection' => 'close',
  'content-length' => '436',
  'content-type' => 'multipart/form-data; boundary=--------------------------033268418551384389181162',
  'accept-encoding' => 'gzip, deflate',
  'cookie' => 'PHPSESSID=2jcq727vl1haebm6amgf4j2kv5',
  'host' => 'localhost:81',
  'accept' => '*/*',
  'user-agent' => 'PostmanRuntime/7.2.0',
  'postman-token' => '44a6562f-acb4-416d-9e9f-141b09ebc98c',
  'cache-control' => 'no-cache',
)
[ info ] [ PARAM ] array (
  'username' => '15703276360',
  'password' => '15120801095',
  'token' => '851aff71b5aec344051feb0cd3ee62b605d413f5',
)
[ info ] [ RUN ] app\api\controller\User->login[ E:\phpstudy\WWW\jobmana\application\api\controller\User.php ]
[ info ] [ DB ] INIT mysql
[ info ] [ DB ] INIT mysql
[ info ] [ LOG ] INIT File
[ sql ] [ DB ] CONNECT:[ UseTime:0.005000s ] mysql:dbname=tpadmin;host=127.0.0.1;charset=utf8
[ sql ] [ SQL ] SHOW COLUMNS FROM `tp_perman` [ RunTime:0.015000s ]
[ sql ] [ SQL ] SELECT * FROM `tp_perman` WHERE  `telphone` = '15703276360' LIMIT 1 [ RunTime:0.001000s ]
[ sql ] [ DB ] CONNECT:[ UseTime:0.003000s ] mysql:dbname=tpadmin;host=127.0.0.1;charset=utf8
[ sql ] [ SQL ] UPDATE `tp_perman`  SET `token`='851aff71b5aec344051feb0cd3ee62b605d413f5',`update_time`=2018  WHERE  `telphone` = '15703276360' [ RunTime:0.021001s ]

---------------------------------------------------------------
[ 2018-08-18T09:48:10+08:00 ] ::1 ::1 POST /jobmana/public/index.php/login
[ log ] localhost:81/jobmana/public/index.php/login [运行时间：0.201012s][吞吐率：4.97req/s] [内存消耗：2,062.02kb] [文件加载：51]
[ info ] [ LANG ] E:\phpstudy\WWW\jobmana\thinkphp\lang\zh-cn.php
[ info ] [ ROUTE ] array (
  'type' => 'module',
  'module' => 
  array (
    0 => 'api',
    1 => 'user',
    2 => 'login',
  ),
  'convert' => false,
)
[ info ] [ HEADER ] array (
  'connection' => 'close',
  'content-length' => '436',
  'content-type' => 'multipart/form-data; boundary=--------------------------415927826955527397498806',
  'accept-encoding' => 'gzip, deflate',
  'cookie' => 'PHPSESSID=2jcq727vl1haebm6amgf4j2kv5',
  'host' => 'localhost:81',
  'accept' => '*/*',
  'user-agent' => 'PostmanRuntime/7.2.0',
  'postman-token' => '555ca5b6-7c81-4b43-b8ad-078a588a9549',
  'cache-control' => 'no-cache',
)
[ info ] [ PARAM ] array (
  'username' => '15703276360',
  'password' => '15120801095',
  'token' => '851aff71b5aec344051feb0cd3ee62b605d413f5',
)
[ info ] [ RUN ] app\api\controller\User->login[ E:\phpstudy\WWW\jobmana\application\api\controller\User.php ]
[ info ] [ DB ] INIT mysql
[ info ] [ DB ] INIT mysql
[ info ] [ LOG ] INIT File
[ sql ] [ DB ] CONNECT:[ UseTime:0.004001s ] mysql:dbname=tpadmin;host=127.0.0.1;charset=utf8
[ sql ] [ SQL ] SHOW COLUMNS FROM `tp_perman` [ RunTime:0.015000s ]
[ sql ] [ SQL ] SELECT * FROM `tp_perman` WHERE  `telphone` = '15703276360' LIMIT 1 [ RunTime:0.001000s ]
[ sql ] [ DB ] CONNECT:[ UseTime:0.004000s ] mysql:dbname=tpadmin;host=127.0.0.1;charset=utf8
[ sql ] [ SQL ] UPDATE `tp_perman`  SET `token`='33862a74c86c9c8dc9a36d3dca845ca782f06859',`update_time`=2018  WHERE  `telphone` = '15703276360' [ RunTime:0.020001s ]

---------------------------------------------------------------
[ 2018-08-18T09:49:00+08:00 ] ::1 ::1 POST /jobmana/public/index.php/login
[ log ] localhost:81/jobmana/public/index.php/login [运行时间：0.164010s][吞吐率：6.10req/s] [内存消耗：2,036.17kb] [文件加载：50]
[ info ] [ LANG ] E:\phpstudy\WWW\jobmana\thinkphp\lang\zh-cn.php
[ info ] [ ROUTE ] array (
  'type' => 'module',
  'module' => 
  array (
    0 => 'api',
    1 => 'user',
    2 => 'login',
  ),
  'convert' => false,
)
[ info ] [ HEADER ] array (
  'connection' => 'close',
  'content-length' => '436',
  'content-type' => 'multipart/form-data; boundary=--------------------------775116708264329276408135',
  'accept-encoding' => 'gzip, deflate',
  'cookie' => 'PHPSESSID=2jcq727vl1haebm6amgf4j2kv5',
  'host' => 'localhost:81',
  'accept' => '*/*',
  'user-agent' => 'PostmanRuntime/7.2.0',
  'postman-token' => 'c8bbee64-6488-46fb-b364-f14b866f2bf6',
  'cache-control' => 'no-cache',
)
[ info ] [ PARAM ] array (
  'username' => '15703276360',
  'password' => '15120801095',
  'token' => '851aff71b5aec344051feb0cd3ee62b605d413f5',
)
[ info ] [ RUN ] app\api\controller\User->login[ E:\phpstudy\WWW\jobmana\application\api\controller\User.php ]
[ info ] [ DB ] INIT mysql
[ info ] [ LOG ] INIT File
[ sql ] [ DB ] CONNECT:[ UseTime:0.004000s ] mysql:dbname=tpadmin;host=127.0.0.1;charset=utf8
[ sql ] [ SQL ] SHOW COLUMNS FROM `tp_perman` [ RunTime:0.014001s ]
[ sql ] [ SQL ] SELECT * FROM `tp_perman` WHERE  `telphone` = '15703276360' LIMIT 1 [ RunTime:0.001000s ]

---------------------------------------------------------------
[ 2018-08-18T10:38:21+08:00 ] ::1 ::1 POST /jobmana/public/index.php/login
[ log ] localhost:81/jobmana/public/index.php/login [运行时间：0.258015s][吞吐率：3.88req/s] [内存消耗：1,263.45kb] [文件加载：47]
[ info ] [ LANG ] E:\phpstudy\WWW\jobmana\thinkphp\lang\zh-cn.php
[ info ] [ ROUTE ] array (
  'type' => 'module',
  'module' => 
  array (
    0 => 'api',
    1 => 'user',
    2 => 'login',
  ),
  'convert' => false,
)
[ info ] [ HEADER ] array (
  'connection' => 'close',
  'content-length' => '443',
  'content-type' => 'multipart/form-data; boundary=--------------------------610018990131832721360167',
  'accept-encoding' => 'gzip, deflate',
  'cookie' => 'PHPSESSID=2jcq727vl1haebm6amgf4j2kv5',
  'host' => 'localhost:81',
  'accept' => '*/*',
  'user-agent' => 'PostmanRuntime/7.2.0',
  'postman-token' => '3d92173a-618f-41c2-8b26-287de85b20f0',
  'cache-control' => 'no-cache',
)
[ info ] [ PARAM ] array (
  'username' => '15703276360',
  'password' => '15120801095',
  'access_token' => '33862a74c86c9c8dc9a36d3dca845ca782f06859',
)
[ info ] [ LOG ] INIT File
[ error ] [4]语法错误: unexpected ';', expecting ']'[E:\phpstudy\WWW\jobmana\application\api\controller\User.php:87]

---------------------------------------------------------------
[ 2018-08-18T10:38:56+08:00 ] ::1 ::1 POST /jobmana/public/index.php/login
[ log ] localhost:81/jobmana/public/index.php/login [运行时间：0.181010s][吞吐率：5.52req/s] [内存消耗：1,339.30kb] [文件加载：44]
[ info ] [ LANG ] E:\phpstudy\WWW\jobmana\thinkphp\lang\zh-cn.php
[ info ] [ ROUTE ] array (
  'type' => 'module',
  'module' => 
  array (
    0 => 'api',
    1 => 'user',
    2 => 'login',
  ),
  'convert' => false,
)
[ info ] [ HEADER ] array (
  'connection' => 'close',
  'content-length' => '443',
  'content-type' => 'multipart/form-data; boundary=--------------------------982030967964882023622632',
  'accept-encoding' => 'gzip, deflate',
  'cookie' => 'PHPSESSID=2jcq727vl1haebm6amgf4j2kv5',
  'host' => 'localhost:81',
  'accept' => '*/*',
  'user-agent' => 'PostmanRuntime/7.2.0',
  'postman-token' => '794a9a1d-f9e4-450f-b160-59c58320b7bb',
  'cache-control' => 'no-cache',
)
[ info ] [ PARAM ] array (
  'username' => '15703276360',
  'password' => '15120801095',
  'access_token' => '33862a74c86c9c8dc9a36d3dca845ca782f06859',
)
[ info ] [ LOG ] INIT File

---------------------------------------------------------------
[ 2018-08-18T10:39:18+08:00 ] ::1 ::1 POST /jobmana/public/index.php/login
[ log ] localhost:81/jobmana/public/index.php/login [运行时间：0.201012s][吞吐率：4.97req/s] [内存消耗：1,339.30kb] [文件加载：44]
[ info ] [ LANG ] E:\phpstudy\WWW\jobmana\thinkphp\lang\zh-cn.php
[ info ] [ ROUTE ] array (
  'type' => 'module',
  'module' => 
  array (
    0 => 'api',
    1 => 'user',
    2 => 'login',
  ),
  'convert' => false,
)
[ info ] [ HEADER ] array (
  'connection' => 'close',
  'content-length' => '443',
  'content-type' => 'multipart/form-data; boundary=--------------------------056612488328225795540108',
  'accept-encoding' => 'gzip, deflate',
  'cookie' => 'PHPSESSID=2jcq727vl1haebm6amgf4j2kv5',
  'host' => 'localhost:81',
  'accept' => '*/*',
  'user-agent' => 'PostmanRuntime/7.2.0',
  'postman-token' => '7c86b92e-86fe-43bb-930a-d17a77efb569',
  'cache-control' => 'no-cache',
)
[ info ] [ PARAM ] array (
  'username' => '15703276360',
  'password' => '15120801095',
  'access_token' => '33862a74c86c9c8dc9a36d3dca845ca782f06859',
)
[ info ] [ LOG ] INIT File

---------------------------------------------------------------
[ 2018-08-18T10:39:33+08:00 ] ::1 ::1 POST /jobmana/public/index.php/login
[ log ] localhost:81/jobmana/public/index.php/login [运行时间：0.413024s][吞吐率：2.42req/s] [内存消耗：2,208.27kb] [文件加载：61]
[ info ] [ LANG ] E:\phpstudy\WWW\jobmana\thinkphp\lang\zh-cn.php
[ info ] [ ROUTE ] array (
  'type' => 'module',
  'module' => 
  array (
    0 => 'api',
    1 => 'user',
    2 => 'login',
  ),
  'convert' => false,
)
[ info ] [ HEADER ] array (
  'connection' => 'close',
  'content-length' => '443',
  'content-type' => 'multipart/form-data; boundary=--------------------------650239665455109854823996',
  'accept-encoding' => 'gzip, deflate',
  'cookie' => 'PHPSESSID=2jcq727vl1haebm6amgf4j2kv5',
  'host' => 'localhost:81',
  'accept' => '*/*',
  'user-agent' => 'PostmanRuntime/7.2.0',
  'postman-token' => '2a11ed94-a266-4c92-b12f-531de829a488',
  'cache-control' => 'no-cache',
)
[ info ] [ PARAM ] array (
  'username' => '15703276360',
  'password' => '15120801095',
  'access_token' => '33862a74c86c9c8dc9a36d3dca845ca782f06859',
)
[ info ] [ DB ] INIT mysql
[ info ] [ LOG ] INIT File
[ sql ] [ DB ] CONNECT:[ UseTime:0.013001s ] mysql:dbname=tpadmin;host=127.0.0.1;charset=utf8
[ sql ] [ SQL ] SHOW COLUMNS FROM `tp_perman` [ RunTime:0.015001s ]
[ sql ] [ SQL ] SELECT * FROM `tp_perman` WHERE  `token` = '33862a74c86c9c8dc9a36d3dca845ca782f06859' LIMIT 1 [ RunTime:0.000000s ]
[ error ] [8]未定义变量: user[E:\phpstudy\WWW\jobmana\application\api\controller\UserAuth.php:30]

---------------------------------------------------------------
[ 2018-08-18T10:39:57+08:00 ] ::1 ::1 POST /jobmana/public/index.php/login
[ log ] localhost:81/jobmana/public/index.php/login [运行时间：0.269015s][吞吐率：3.72req/s] [内存消耗：2,208.27kb] [文件加载：61]
[ info ] [ LANG ] E:\phpstudy\WWW\jobmana\thinkphp\lang\zh-cn.php
[ info ] [ ROUTE ] array (
  'type' => 'module',
  'module' => 
  array (
    0 => 'api',
    1 => 'user',
    2 => 'login',
  ),
  'convert' => false,
)
[ info ] [ HEADER ] array (
  'connection' => 'close',
  'content-length' => '443',
  'content-type' => 'multipart/form-data; boundary=--------------------------654573011503369612222580',
  'accept-encoding' => 'gzip, deflate',
  'cookie' => 'PHPSESSID=2jcq727vl1haebm6amgf4j2kv5',
  'host' => 'localhost:81',
  'accept' => '*/*',
  'user-agent' => 'PostmanRuntime/7.2.0',
  'postman-token' => '6841ccd9-71e1-4f4c-a792-d8b3c8ff9d05',
  'cache-control' => 'no-cache',
)
[ info ] [ PARAM ] array (
  'username' => '15703276360',
  'password' => '15120801095',
  'access_token' => '33862a74c86c9c8dc9a36d3dca845ca782f06859',
)
[ info ] [ DB ] INIT mysql
[ info ] [ LOG ] INIT File
[ sql ] [ DB ] CONNECT:[ UseTime:0.004000s ] mysql:dbname=tpadmin;host=127.0.0.1;charset=utf8
[ sql ] [ SQL ] SHOW COLUMNS FROM `tp_perman` [ RunTime:0.016001s ]
[ sql ] [ SQL ] SELECT * FROM `tp_perman` WHERE  `token` = '33862a74c86c9c8dc9a36d3dca845ca782f06859' LIMIT 1 [ RunTime:0.001000s ]
[ error ] [8]未定义变量: user[E:\phpstudy\WWW\jobmana\application\api\controller\UserAuth.php:30]

---------------------------------------------------------------
[ 2018-08-18T10:40:15+08:00 ] ::1 ::1 POST /jobmana/public/index.php/login
[ log ] localhost:81/jobmana/public/index.php/login [运行时间：0.305017s][吞吐率：3.28req/s] [内存消耗：2,208.30kb] [文件加载：61]
[ info ] [ LANG ] E:\phpstudy\WWW\jobmana\thinkphp\lang\zh-cn.php
[ info ] [ ROUTE ] array (
  'type' => 'module',
  'module' => 
  array (
    0 => 'api',
    1 => 'user',
    2 => 'login',
  ),
  'convert' => false,
)
[ info ] [ HEADER ] array (
  'connection' => 'close',
  'content-length' => '443',
  'content-type' => 'multipart/form-data; boundary=--------------------------795431753137535238195624',
  'accept-encoding' => 'gzip, deflate',
  'cookie' => 'PHPSESSID=2jcq727vl1haebm6amgf4j2kv5',
  'host' => 'localhost:81',
  'accept' => '*/*',
  'user-agent' => 'PostmanRuntime/7.2.0',
  'postman-token' => '15c2565f-8ca5-4d5a-8488-67ae02ab5502',
  'cache-control' => 'no-cache',
)
[ info ] [ PARAM ] array (
  'username' => '15703276360',
  'password' => '15120801095',
  'access_token' => '33862a74c86c9c8dc9a36d3dca845ca782f06859',
)
[ info ] [ DB ] INIT mysql
[ info ] [ LOG ] INIT File
[ sql ] [ DB ] CONNECT:[ UseTime:0.003001s ] mysql:dbname=tpadmin;host=127.0.0.1;charset=utf8
[ sql ] [ SQL ] SHOW COLUMNS FROM `tp_perman` [ RunTime:0.017001s ]
[ sql ] [ SQL ] SELECT * FROM `tp_perman` WHERE  `token` = '33862a74c86c9c8dc9a36d3dca845ca782f06859' LIMIT 1 [ RunTime:0.000000s ]
[ error ] [8]Trying to get property of non-object[E:\phpstudy\WWW\jobmana\application\api\controller\UserAuth.php:30]

---------------------------------------------------------------
[ 2018-08-18T10:40:37+08:00 ] ::1 ::1 POST /jobmana/public/index.php/login
[ log ] localhost:81/jobmana/public/index.php/login [运行时间：0.242014s][吞吐率：4.13req/s] [内存消耗：2,208.15kb] [文件加载：61]
[ info ] [ LANG ] E:\phpstudy\WWW\jobmana\thinkphp\lang\zh-cn.php
[ info ] [ ROUTE ] array (
  'type' => 'module',
  'module' => 
  array (
    0 => 'api',
    1 => 'user',
    2 => 'login',
  ),
  'convert' => false,
)
[ info ] [ HEADER ] array (
  'connection' => 'close',
  'content-length' => '443',
  'content-type' => 'multipart/form-data; boundary=--------------------------546728974056217391768964',
  'accept-encoding' => 'gzip, deflate',
  'cookie' => 'PHPSESSID=2jcq727vl1haebm6amgf4j2kv5',
  'host' => 'localhost:81',
  'accept' => '*/*',
  'user-agent' => 'PostmanRuntime/7.2.0',
  'postman-token' => '83f7ebc2-18ec-49f6-b711-b1128da65e13',
  'cache-control' => 'no-cache',
)
[ info ] [ PARAM ] array (
  'username' => '15703276360',
  'password' => '15120801095',
  'access_token' => '33862a74c86c9c8dc9a36d3dca845ca782f06859',
)
[ info ] [ DB ] INIT mysql
[ info ] [ LOG ] INIT File
[ sql ] [ DB ] CONNECT:[ UseTime:0.004000s ] mysql:dbname=tpadmin;host=127.0.0.1;charset=utf8
[ sql ] [ SQL ] SHOW COLUMNS FROM `tp_perman` [ RunTime:0.015001s ]
[ sql ] [ SQL ] SELECT * FROM `tp_perman` WHERE  `token` = '33862a74c86c9c8dc9a36d3dca845ca782f06859' LIMIT 1 [ RunTime:0.001000s ]
[ error ] [8]Trying to get property of non-object[E:\phpstudy\WWW\jobmana\application\api\controller\UserAuth.php:34]

---------------------------------------------------------------
[ 2018-08-18T10:43:02+08:00 ] ::1 ::1 POST /jobmana/public/index.php/login
[ log ] localhost:81/jobmana/public/index.php/login [运行时间：0.275015s][吞吐率：3.64req/s] [内存消耗：2,208.12kb] [文件加载：61]
[ info ] [ LANG ] E:\phpstudy\WWW\jobmana\thinkphp\lang\zh-cn.php
[ info ] [ ROUTE ] array (
  'type' => 'module',
  'module' => 
  array (
    0 => 'api',
    1 => 'user',
    2 => 'login',
  ),
  'convert' => false,
)
[ info ] [ HEADER ] array (
  'connection' => 'close',
  'content-length' => '443',
  'content-type' => 'multipart/form-data; boundary=--------------------------943458170666545826132315',
  'accept-encoding' => 'gzip, deflate',
  'cookie' => 'PHPSESSID=2jcq727vl1haebm6amgf4j2kv5',
  'host' => 'localhost:81',
  'accept' => '*/*',
  'user-agent' => 'PostmanRuntime/7.2.0',
  'postman-token' => '0a7e47b7-11af-4600-bcf8-f259ed1b894a',
  'cache-control' => 'no-cache',
)
[ info ] [ PARAM ] array (
  'username' => '15703276360',
  'password' => '15120801095',
  'access_token' => '33862a74c86c9c8dc9a36d3dca845ca782f06859',
)
[ info ] [ DB ] INIT mysql
[ info ] [ LOG ] INIT File
[ sql ] [ DB ] CONNECT:[ UseTime:0.013001s ] mysql:dbname=tpadmin;host=127.0.0.1;charset=utf8
[ sql ] [ SQL ] SHOW COLUMNS FROM `tp_perman` [ RunTime:0.014001s ]
[ sql ] [ SQL ] SELECT * FROM `tp_perman` WHERE  `token` = '33862a74c86c9c8dc9a36d3dca845ca782f06859' LIMIT 1 [ RunTime:0.001000s ]
[ error ] [8]Trying to get property of non-object[E:\phpstudy\WWW\jobmana\application\api\controller\UserAuth.php:34]

---------------------------------------------------------------
[ 2018-08-18T10:43:22+08:00 ] ::1 ::1 POST /jobmana/public/index.php/login
[ log ] localhost:81/jobmana/public/index.php/login [运行时间：0.236013s][吞吐率：4.24req/s] [内存消耗：2,100.12kb] [文件加载：52]
[ info ] [ LANG ] E:\phpstudy\WWW\jobmana\thinkphp\lang\zh-cn.php
[ info ] [ ROUTE ] array (
  'type' => 'module',
  'module' => 
  array (
    0 => 'api',
    1 => 'user',
    2 => 'login',
  ),
  'convert' => false,
)
[ info ] [ HEADER ] array (
  'connection' => 'close',
  'content-length' => '443',
  'content-type' => 'multipart/form-data; boundary=--------------------------041239608585845523691368',
  'accept-encoding' => 'gzip, deflate',
  'cookie' => 'PHPSESSID=2jcq727vl1haebm6amgf4j2kv5',
  'host' => 'localhost:81',
  'accept' => '*/*',
  'user-agent' => 'PostmanRuntime/7.2.0',
  'postman-token' => '227c9903-d6cf-408d-aee2-df6bb68c473a',
  'cache-control' => 'no-cache',
)
[ info ] [ PARAM ] array (
  'username' => '15703276360',
  'password' => '15120801095',
  'access_token' => '33862a74c86c9c8dc9a36d3dca845ca782f06859',
)
[ info ] [ DB ] INIT mysql
[ info ] [ RUN ] app\api\controller\User->login[ E:\phpstudy\WWW\jobmana\application\api\controller\User.php ]
[ info ] [ DB ] INIT mysql
[ info ] [ DB ] INIT mysql
[ info ] [ LOG ] INIT File
[ sql ] [ DB ] CONNECT:[ UseTime:0.004000s ] mysql:dbname=tpadmin;host=127.0.0.1;charset=utf8
[ sql ] [ SQL ] SHOW COLUMNS FROM `tp_perman` [ RunTime:0.017001s ]
[ sql ] [ SQL ] SELECT * FROM `tp_perman` WHERE  `token` = '33862a74c86c9c8dc9a36d3dca845ca782f06859' LIMIT 1 [ RunTime:0.000000s ]
[ sql ] [ DB ] CONNECT:[ UseTime:0.013000s ] mysql:dbname=tpadmin;host=127.0.0.1;charset=utf8
[ sql ] [ SQL ] SELECT * FROM `tp_perman` WHERE  `telphone` = '15703276360' LIMIT 1 [ RunTime:0.001000s ]
[ sql ] [ DB ] CONNECT:[ UseTime:0.013000s ] mysql:dbname=tpadmin;host=127.0.0.1;charset=utf8
[ sql ] [ SQL ] UPDATE `tp_perman`  SET `token`='f270bd1ae0b57ddf0719cfebe7a572be3e31923a',`update_time`=1534560202  WHERE  `telphone` = '15703276360' [ RunTime:0.020002s ]

---------------------------------------------------------------
[ 2018-08-18T10:45:54+08:00 ] ::1 ::1 POST /jobmana/public/index.php/login
[ log ] localhost:81/jobmana/public/index.php/login [运行时间：0.226013s][吞吐率：4.42req/s] [内存消耗：2,206.62kb] [文件加载：61]
[ info ] [ LANG ] E:\phpstudy\WWW\jobmana\thinkphp\lang\zh-cn.php
[ info ] [ ROUTE ] array (
  'type' => 'module',
  'module' => 
  array (
    0 => 'api',
    1 => 'user',
    2 => 'login',
  ),
  'convert' => false,
)
[ info ] [ HEADER ] array (
  'connection' => 'close',
  'content-length' => '443',
  'content-type' => 'multipart/form-data; boundary=--------------------------877821480513383427687876',
  'accept-encoding' => 'gzip, deflate',
  'cookie' => 'PHPSESSID=2jcq727vl1haebm6amgf4j2kv5',
  'host' => 'localhost:81',
  'accept' => '*/*',
  'user-agent' => 'PostmanRuntime/7.2.0',
  'postman-token' => '7208be67-2a52-4074-af3d-9d8c01244fdd',
  'cache-control' => 'no-cache',
)
[ info ] [ PARAM ] array (
  'username' => '15703276360',
  'password' => '15120801095',
  'access_token' => '33862a74c86c9c8dc9a36d3dca845ca782f06859',
)
[ info ] [ DB ] INIT mysql
[ info ] [ LOG ] INIT File
[ sql ] [ DB ] CONNECT:[ UseTime:0.005000s ] mysql:dbname=tpadmin;host=127.0.0.1;charset=utf8
[ sql ] [ SQL ] SHOW COLUMNS FROM `tp_perman` [ RunTime:0.014001s ]
[ sql ] [ SQL ] SELECT * FROM `tp_perman` WHERE  `token` = '33862a74c86c9c8dc9a36d3dca845ca782f06859' LIMIT 1 [ RunTime:0.001000s ]
[ error ] [8]Trying to get property of non-object[E:\phpstudy\WWW\jobmana\application\api\controller\UserAuth.php:34]

---------------------------------------------------------------
[ 2018-08-18T10:46:43+08:00 ] ::1 ::1 POST /jobmana/public/index.php/login
[ log ] localhost:81/jobmana/public/index.php/login [运行时间：0.165009s][吞吐率：6.06req/s] [内存消耗：2,163.11kb] [文件加载：60]
[ info ] [ LANG ] E:\phpstudy\WWW\jobmana\thinkphp\lang\zh-cn.php
[ info ] [ ROUTE ] array (
  'type' => 'module',
  'module' => 
  array (
    0 => 'api',
    1 => 'user',
    2 => 'login',
  ),
  'convert' => false,
)
[ info ] [ HEADER ] array (
  'connection' => 'close',
  'content-length' => '443',
  'content-type' => 'multipart/form-data; boundary=--------------------------886144747635704435864514',
  'accept-encoding' => 'gzip, deflate',
  'cookie' => 'PHPSESSID=2jcq727vl1haebm6amgf4j2kv5',
  'host' => 'localhost:81',
  'accept' => '*/*',
  'user-agent' => 'PostmanRuntime/7.2.0',
  'postman-token' => '23d54c1e-debf-476c-aafd-90fc49fa4b5a',
  'cache-control' => 'no-cache',
)
[ info ] [ PARAM ] array (
  'username' => '15703276360',
  'password' => '15120801095',
  'access_token' => '33862a74c86c9c8dc9a36d3dca845ca782f06859',
)
[ info ] [ DB ] INIT mysql
[ info ] [ LOG ] INIT File
[ error ] [0]method not exist:think\db\Query->get[E:\phpstudy\WWW\jobmana\thinkphp\library\think\db\Query.php:93]

---------------------------------------------------------------
[ 2018-08-18T10:47:38+08:00 ] ::1 ::1 POST /jobmana/public/index.php/login
[ log ] localhost:81/jobmana/public/index.php/login [运行时间：0.120007s][吞吐率：8.33req/s] [内存消耗：1,267.93kb] [文件加载：48]
[ info ] [ LANG ] E:\phpstudy\WWW\jobmana\thinkphp\lang\zh-cn.php
[ info ] [ ROUTE ] array (
  'type' => 'module',
  'module' => 
  array (
    0 => 'api',
    1 => 'user',
    2 => 'login',
  ),
  'convert' => false,
)
[ info ] [ HEADER ] array (
  'connection' => 'close',
  'content-length' => '443',
  'content-type' => 'multipart/form-data; boundary=--------------------------768994721969257964216948',
  'accept-encoding' => 'gzip, deflate',
  'cookie' => 'PHPSESSID=2jcq727vl1haebm6amgf4j2kv5',
  'host' => 'localhost:81',
  'accept' => '*/*',
  'user-agent' => 'PostmanRuntime/7.2.0',
  'postman-token' => 'db7b4cf5-6e32-4a86-9b79-ef08dc329736',
  'cache-control' => 'no-cache',
)
[ info ] [ PARAM ] array (
  'username' => '15703276360',
  'password' => '15120801095',
  'access_token' => '33862a74c86c9c8dc9a36d3dca845ca782f06859',
)
[ info ] [ LOG ] INIT File
[ error ] [4]syntax error, unexpected '::' (T_PAAMAYIM_NEKUDOTAYIM)[E:\phpstudy\WWW\jobmana\application\api\controller\UserAuth.php:28]

---------------------------------------------------------------
[ 2018-08-18T10:48:06+08:00 ] ::1 ::1 POST /jobmana/public/index.php/login
[ log ] localhost:81/jobmana/public/index.php/login [运行时间：0.180010s][吞吐率：5.56req/s] [内存消耗：1,555.65kb] [文件加载：56]
[ info ] [ LANG ] E:\phpstudy\WWW\jobmana\thinkphp\lang\zh-cn.php
[ info ] [ ROUTE ] array (
  'type' => 'module',
  'module' => 
  array (
    0 => 'api',
    1 => 'user',
    2 => 'login',
  ),
  'convert' => false,
)
[ info ] [ HEADER ] array (
  'connection' => 'close',
  'content-length' => '443',
  'content-type' => 'multipart/form-data; boundary=--------------------------198179924498218498206164',
  'accept-encoding' => 'gzip, deflate',
  'cookie' => 'PHPSESSID=2jcq727vl1haebm6amgf4j2kv5',
  'host' => 'localhost:81',
  'accept' => '*/*',
  'user-agent' => 'PostmanRuntime/7.2.0',
  'postman-token' => '0e318ae7-95c5-4ca8-9177-04cf08671a81',
  'cache-control' => 'no-cache',
)
[ info ] [ PARAM ] array (
  'username' => '15703276360',
  'password' => '15120801095',
  'access_token' => '33862a74c86c9c8dc9a36d3dca845ca782f06859',
)
[ info ] [ LOG ] INIT File
[ error ] [1]Class 'app\api\controller\Perman' not found[E:\phpstudy\WWW\jobmana\application\api\controller\UserAuth.php:28]

---------------------------------------------------------------
[ 2018-08-18T10:48:28+08:00 ] ::1 ::1 POST /jobmana/public/index.php/login
[ log ] localhost:81/jobmana/public/index.php/login [运行时间：0.140008s][吞吐率：7.14req/s] [内存消耗：2,304.59kb] [文件加载：53]
[ info ] [ LANG ] E:\phpstudy\WWW\jobmana\thinkphp\lang\zh-cn.php
[ info ] [ ROUTE ] array (
  'type' => 'module',
  'module' => 
  array (
    0 => 'api',
    1 => 'user',
    2 => 'login',
  ),
  'convert' => false,
)
[ info ] [ HEADER ] array (
  'connection' => 'close',
  'content-length' => '443',
  'content-type' => 'multipart/form-data; boundary=--------------------------633108072876127471768634',
  'accept-encoding' => 'gzip, deflate',
  'cookie' => 'PHPSESSID=2jcq727vl1haebm6amgf4j2kv5',
  'host' => 'localhost:81',
  'accept' => '*/*',
  'user-agent' => 'PostmanRuntime/7.2.0',
  'postman-token' => '5913aa49-31fd-4f44-a2ee-8d5d940ab907',
  'cache-control' => 'no-cache',
)
[ info ] [ PARAM ] array (
  'username' => '15703276360',
  'password' => '15120801095',
  'access_token' => '33862a74c86c9c8dc9a36d3dca845ca782f06859',
)
[ info ] [ DB ] INIT mysql
[ info ] [ LOG ] INIT File
[ sql ] [ DB ] CONNECT:[ UseTime:0.004000s ] mysql:dbname=tpadmin;host=127.0.0.1;charset=utf8
[ sql ] [ SQL ] SHOW COLUMNS FROM `tp_perman` [ RunTime:0.016001s ]
[ sql ] [ SQL ] SELECT * FROM `tp_perman` WHERE  `token` = '33862a74c86c9c8dc9a36d3dca845ca782f06859' LIMIT 1 [ RunTime:0.000000s ]

---------------------------------------------------------------
[ 2018-08-18T10:48:53+08:00 ] ::1 ::1 POST /jobmana/public/index.php/login
[ log ] localhost:81/jobmana/public/index.php/login [运行时间：0.279016s][吞吐率：3.58req/s] [内存消耗：2,311.06kb] [文件加载：53]
[ info ] [ LANG ] E:\phpstudy\WWW\jobmana\thinkphp\lang\zh-cn.php
[ info ] [ ROUTE ] array (
  'type' => 'module',
  'module' => 
  array (
    0 => 'api',
    1 => 'user',
    2 => 'login',
  ),
  'convert' => false,
)
[ info ] [ HEADER ] array (
  'connection' => 'close',
  'content-length' => '443',
  'content-type' => 'multipart/form-data; boundary=--------------------------134316532369444033292233',
  'accept-encoding' => 'gzip, deflate',
  'cookie' => 'PHPSESSID=2jcq727vl1haebm6amgf4j2kv5',
  'host' => 'localhost:81',
  'accept' => '*/*',
  'user-agent' => 'PostmanRuntime/7.2.0',
  'postman-token' => 'f376ddc7-02a3-432a-a568-f0b856b7fa83',
  'cache-control' => 'no-cache',
)
[ info ] [ PARAM ] array (
  'username' => '15703276360',
  'password' => '15120801095',
  'access_token' => 'f270bd1ae0b57ddf0719cfebe7a572be3e31923a',
)
[ info ] [ DB ] INIT mysql
[ info ] [ LOG ] INIT File
[ sql ] [ DB ] CONNECT:[ UseTime:0.003000s ] mysql:dbname=tpadmin;host=127.0.0.1;charset=utf8
[ sql ] [ SQL ] SHOW COLUMNS FROM `tp_perman` [ RunTime:0.015001s ]
[ sql ] [ SQL ] SELECT * FROM `tp_perman` WHERE  `token` = 'f270bd1ae0b57ddf0719cfebe7a572be3e31923a' LIMIT 1 [ RunTime:0.001000s ]

---------------------------------------------------------------
[ 2018-08-18T10:49:22+08:00 ] ::1 ::1 POST /jobmana/public/index.php/login
[ log ] localhost:81/jobmana/public/index.php/login [运行时间：0.334019s][吞吐率：2.99req/s] [内存消耗：2,363.79kb] [文件加载：54]
[ info ] [ LANG ] E:\phpstudy\WWW\jobmana\thinkphp\lang\zh-cn.php
[ info ] [ ROUTE ] array (
  'type' => 'module',
  'module' => 
  array (
    0 => 'api',
    1 => 'user',
    2 => 'login',
  ),
  'convert' => false,
)
[ info ] [ HEADER ] array (
  'connection' => 'close',
  'content-length' => '443',
  'content-type' => 'multipart/form-data; boundary=--------------------------059049335624450964966060',
  'accept-encoding' => 'gzip, deflate',
  'cookie' => 'PHPSESSID=2jcq727vl1haebm6amgf4j2kv5',
  'host' => 'localhost:81',
  'accept' => '*/*',
  'user-agent' => 'PostmanRuntime/7.2.0',
  'postman-token' => '6193743d-3f7f-437c-a4af-83836b226e69',
  'cache-control' => 'no-cache',
)
[ info ] [ PARAM ] array (
  'username' => '15703276360',
  'password' => '15120801095',
  'access_token' => 'f270bd1ae0b57ddf0719cfebe7a572be3e31923a',
)
[ info ] [ DB ] INIT mysql
[ info ] [ RUN ] app\api\controller\User->login[ E:\phpstudy\WWW\jobmana\application\api\controller\User.php ]
[ info ] [ DB ] INIT mysql
[ info ] [ DB ] INIT mysql
[ info ] [ LOG ] INIT File
[ sql ] [ DB ] CONNECT:[ UseTime:0.004001s ] mysql:dbname=tpadmin;host=127.0.0.1;charset=utf8
[ sql ] [ SQL ] SHOW COLUMNS FROM `tp_perman` [ RunTime:0.016001s ]
[ sql ] [ SQL ] SELECT * FROM `tp_perman` WHERE  `token` = 'f270bd1ae0b57ddf0719cfebe7a572be3e31923a' LIMIT 1 [ RunTime:0.001000s ]
[ sql ] [ DB ] CONNECT:[ UseTime:0.013001s ] mysql:dbname=tpadmin;host=127.0.0.1;charset=utf8
[ sql ] [ SQL ] SELECT * FROM `tp_perman` WHERE  `telphone` = '15703276360' LIMIT 1 [ RunTime:0.000000s ]
[ sql ] [ DB ] CONNECT:[ UseTime:0.004001s ] mysql:dbname=tpadmin;host=127.0.0.1;charset=utf8
[ sql ] [ SQL ] UPDATE `tp_perman`  SET `token`='67539d6992811ea93a2ecccbb61460149ded51ee',`update_time`=1534128562  WHERE  `telphone` = '15703276360' [ RunTime:0.021001s ]

---------------------------------------------------------------
[ 2018-08-18T10:51:36+08:00 ] ::1 ::1 POST /jobmana/public/index.php/login
[ log ] localhost:81/jobmana/public/index.php/login [运行时间：0.220013s][吞吐率：4.55req/s] [内存消耗：2,304.71kb] [文件加载：53]
[ info ] [ LANG ] E:\phpstudy\WWW\jobmana\thinkphp\lang\zh-cn.php
[ info ] [ ROUTE ] array (
  'type' => 'module',
  'module' => 
  array (
    0 => 'api',
    1 => 'user',
    2 => 'login',
  ),
  'convert' => false,
)
[ info ] [ HEADER ] array (
  'connection' => 'close',
  'content-length' => '443',
  'content-type' => 'multipart/form-data; boundary=--------------------------294106701378443829297882',
  'accept-encoding' => 'gzip, deflate',
  'cookie' => 'PHPSESSID=2jcq727vl1haebm6amgf4j2kv5',
  'host' => 'localhost:81',
  'accept' => '*/*',
  'user-agent' => 'PostmanRuntime/7.2.0',
  'postman-token' => '655dea03-3331-4ae2-83c2-071eb42fb154',
  'cache-control' => 'no-cache',
)
[ info ] [ PARAM ] array (
  'username' => '15703276360',
  'password' => '15120801095',
  'access_token' => 'f270bd1ae0b57ddf0719cfebe7a572be3e31923a',
)
[ info ] [ DB ] INIT mysql
[ info ] [ LOG ] INIT File
[ sql ] [ DB ] CONNECT:[ UseTime:0.004001s ] mysql:dbname=tpadmin;host=127.0.0.1;charset=utf8
[ sql ] [ SQL ] SHOW COLUMNS FROM `tp_perman` [ RunTime:0.014000s ]
[ sql ] [ SQL ] SELECT * FROM `tp_perman` WHERE  `token` = 'f270bd1ae0b57ddf0719cfebe7a572be3e31923a' LIMIT 1 [ RunTime:0.001000s ]

---------------------------------------------------------------
[ 2018-08-18T10:52:11+08:00 ] ::1 ::1 POST /jobmana/public/index.php/login
[ log ] localhost:81/jobmana/public/index.php/login [运行时间：0.290017s][吞吐率：3.45req/s] [内存消耗：2,470.09kb] [文件加载：63]
[ info ] [ LANG ] E:\phpstudy\WWW\jobmana\thinkphp\lang\zh-cn.php
[ info ] [ ROUTE ] array (
  'type' => 'module',
  'module' => 
  array (
    0 => 'api',
    1 => 'user',
    2 => 'login',
  ),
  'convert' => false,
)
[ info ] [ HEADER ] array (
  'connection' => 'close',
  'content-length' => '443',
  'content-type' => 'multipart/form-data; boundary=--------------------------701041734888635993256504',
  'accept-encoding' => 'gzip, deflate',
  'cookie' => 'PHPSESSID=2jcq727vl1haebm6amgf4j2kv5',
  'host' => 'localhost:81',
  'accept' => '*/*',
  'user-agent' => 'PostmanRuntime/7.2.0',
  'postman-token' => '566375f0-61a2-4f30-927f-f285b1f5e38b',
  'cache-control' => 'no-cache',
)
[ info ] [ PARAM ] array (
  'username' => '15703276360',
  'password' => '15120801095',
  'access_token' => 'f270bd1ae0b57ddf0719cfebe7a572be3e31923a',
)
[ info ] [ DB ] INIT mysql
[ info ] [ LOG ] INIT File
[ sql ] [ DB ] CONNECT:[ UseTime:0.013001s ] mysql:dbname=tpadmin;host=127.0.0.1;charset=utf8
[ sql ] [ SQL ] SHOW COLUMNS FROM `tp_perman` [ RunTime:0.014001s ]
[ sql ] [ SQL ] SELECT * FROM `tp_perman` WHERE  `token` = 'f270bd1ae0b57ddf0719cfebe7a572be3e31923a' LIMIT 1 [ RunTime:0.001000s ]
[ error ] [8]Trying to get property of non-object[E:\phpstudy\WWW\jobmana\application\api\controller\UserAuth.php:36]

---------------------------------------------------------------
[ 2018-08-18T10:53:52+08:00 ] ::1 ::1 POST /jobmana/public/index.php/login
[ log ] localhost:81/jobmana/public/index.php/login [运行时间：0.189010s][吞吐率：5.29req/s] [内存消耗：2,041.23kb] [文件加载：51]
[ info ] [ LANG ] E:\phpstudy\WWW\jobmana\thinkphp\lang\zh-cn.php
[ info ] [ ROUTE ] array (
  'type' => 'module',
  'module' => 
  array (
    0 => 'api',
    1 => 'user',
    2 => 'login',
  ),
  'convert' => false,
)
[ info ] [ HEADER ] array (
  'connection' => 'close',
  'content-length' => '443',
  'content-type' => 'multipart/form-data; boundary=--------------------------893523990771754427746210',
  'accept-encoding' => 'gzip, deflate',
  'cookie' => 'PHPSESSID=2jcq727vl1haebm6amgf4j2kv5',
  'host' => 'localhost:81',
  'accept' => '*/*',
  'user-agent' => 'PostmanRuntime/7.2.0',
  'postman-token' => '5b2cad6c-f58c-462d-9131-d4e710e195dc',
  'cache-control' => 'no-cache',
)
[ info ] [ PARAM ] array (
  'username' => '15703276360',
  'password' => '15120801095',
  'access_token' => 'f270bd1ae0b57ddf0719cfebe7a572be3e31923a',
)
[ info ] [ DB ] INIT mysql
[ info ] [ LOG ] INIT File
[ sql ] [ DB ] CONNECT:[ UseTime:0.013001s ] mysql:dbname=tpadmin;host=127.0.0.1;charset=utf8
[ sql ] [ SQL ] SHOW COLUMNS FROM `tp_perman` [ RunTime:0.016001s ]
[ sql ] [ SQL ] SELECT * FROM `tp_perman` WHERE  `token` = 'f270bd1ae0b57ddf0719cfebe7a572be3e31923a' LIMIT 1 [ RunTime:0.001000s ]

---------------------------------------------------------------
[ 2018-08-18T10:54:52+08:00 ] ::1 ::1 POST /jobmana/public/index.php/login
[ log ] localhost:81/jobmana/public/index.php/login [运行时间：0.133008s][吞吐率：7.52req/s] [内存消耗：1,368.72kb] [文件加载：45]
[ info ] [ LANG ] E:\phpstudy\WWW\jobmana\thinkphp\lang\zh-cn.php
[ info ] [ ROUTE ] array (
  'type' => 'module',
  'module' => 
  array (
    0 => 'api',
    1 => 'user',
    2 => 'login',
  ),
  'convert' => false,
)
[ info ] [ HEADER ] array (
  'connection' => 'close',
  'content-length' => '443',
  'content-type' => 'multipart/form-data; boundary=--------------------------120240034091558834189962',
  'accept-encoding' => 'gzip, deflate',
  'cookie' => 'PHPSESSID=2jcq727vl1haebm6amgf4j2kv5',
  'host' => 'localhost:81',
  'accept' => '*/*',
  'user-agent' => 'PostmanRuntime/7.2.0',
  'postman-token' => '4fc22671-dc14-42a7-a03e-a00bf168e5e8',
  'cache-control' => 'no-cache',
)
[ info ] [ PARAM ] array (
  'username' => '15703276360',
  'password' => '15120801095',
  'access_token' => 'f270bd1ae0b57ddf0719cfebe7a572be3e31923a',
)
[ info ] [ LOG ] INIT File

---------------------------------------------------------------
[ 2018-08-18T10:55:03+08:00 ] ::1 ::1 POST /jobmana/public/index.php/login
[ log ] localhost:81/jobmana/public/index.php/login [运行时间：0.128008s][吞吐率：7.81req/s] [内存消耗：1,368.78kb] [文件加载：45]
[ info ] [ LANG ] E:\phpstudy\WWW\jobmana\thinkphp\lang\zh-cn.php
[ info ] [ ROUTE ] array (
  'type' => 'module',
  'module' => 
  array (
    0 => 'api',
    1 => 'user',
    2 => 'login',
  ),
  'convert' => false,
)
[ info ] [ HEADER ] array (
  'connection' => 'close',
  'content-length' => '443',
  'content-type' => 'multipart/form-data; boundary=--------------------------976238124893088836771137',
  'accept-encoding' => 'gzip, deflate',
  'cookie' => 'PHPSESSID=2jcq727vl1haebm6amgf4j2kv5',
  'host' => 'localhost:81',
  'accept' => '*/*',
  'user-agent' => 'PostmanRuntime/7.2.0',
  'postman-token' => '2e3214b1-4589-4f11-9f68-a9495baf9b47',
  'cache-control' => 'no-cache',
)
[ info ] [ PARAM ] array (
  'username' => '15703276360',
  'password' => '15120801095',
  'access_token' => 'f270bd1ae0b57ddf0719cfebe7a572be3e31923a',
)
[ info ] [ LOG ] INIT File

---------------------------------------------------------------
[ 2018-08-18T10:55:20+08:00 ] ::1 ::1 POST /jobmana/public/index.php/login
[ log ] localhost:81/jobmana/public/index.php/login [运行时间：0.191011s][吞吐率：5.24req/s] [内存消耗：2,041.23kb] [文件加载：51]
[ info ] [ LANG ] E:\phpstudy\WWW\jobmana\thinkphp\lang\zh-cn.php
[ info ] [ ROUTE ] array (
  'type' => 'module',
  'module' => 
  array (
    0 => 'api',
    1 => 'user',
    2 => 'login',
  ),
  'convert' => false,
)
[ info ] [ HEADER ] array (
  'connection' => 'close',
  'content-length' => '443',
  'content-type' => 'multipart/form-data; boundary=--------------------------267474229920580226479606',
  'accept-encoding' => 'gzip, deflate',
  'cookie' => 'PHPSESSID=2jcq727vl1haebm6amgf4j2kv5',
  'host' => 'localhost:81',
  'accept' => '*/*',
  'user-agent' => 'PostmanRuntime/7.2.0',
  'postman-token' => '20f085b8-635e-486a-b5c5-00cdd62f711e',
  'cache-control' => 'no-cache',
)
[ info ] [ PARAM ] array (
  'username' => '15703276360',
  'password' => '15120801095',
  'access_token' => 'f270bd1ae0b57ddf0719cfebe7a572be3e31923a',
)
[ info ] [ DB ] INIT mysql
[ info ] [ LOG ] INIT File
[ sql ] [ DB ] CONNECT:[ UseTime:0.014000s ] mysql:dbname=tpadmin;host=127.0.0.1;charset=utf8
[ sql ] [ SQL ] SHOW COLUMNS FROM `tp_perman` [ RunTime:0.016001s ]
[ sql ] [ SQL ] SELECT * FROM `tp_perman` WHERE  `token` = 'f270bd1ae0b57ddf0719cfebe7a572be3e31923a' LIMIT 1 [ RunTime:0.001001s ]

---------------------------------------------------------------
[ 2018-08-18T10:55:39+08:00 ] ::1 ::1 POST /jobmana/public/index.php/login
[ log ] localhost:81/jobmana/public/index.php/login [运行时间：0.165010s][吞吐率：6.06req/s] [内存消耗：2,045.55kb] [文件加载：51]
[ info ] [ LANG ] E:\phpstudy\WWW\jobmana\thinkphp\lang\zh-cn.php
[ info ] [ ROUTE ] array (
  'type' => 'module',
  'module' => 
  array (
    0 => 'api',
    1 => 'user',
    2 => 'login',
  ),
  'convert' => false,
)
[ info ] [ HEADER ] array (
  'connection' => 'close',
  'content-length' => '443',
  'content-type' => 'multipart/form-data; boundary=--------------------------872488370498616995997551',
  'accept-encoding' => 'gzip, deflate',
  'cookie' => 'PHPSESSID=2jcq727vl1haebm6amgf4j2kv5',
  'host' => 'localhost:81',
  'accept' => '*/*',
  'user-agent' => 'PostmanRuntime/7.2.0',
  'postman-token' => '2619e973-a487-40b7-9f09-c59e5aae4b65',
  'cache-control' => 'no-cache',
)
[ info ] [ PARAM ] array (
  'username' => '15703276360',
  'password' => '15120801095',
  'access_token' => '67539d6992811ea93a2ecccbb61460149ded51ee',
)
[ info ] [ DB ] INIT mysql
[ info ] [ LOG ] INIT File
[ sql ] [ DB ] CONNECT:[ UseTime:0.004000s ] mysql:dbname=tpadmin;host=127.0.0.1;charset=utf8
[ sql ] [ SQL ] SHOW COLUMNS FROM `tp_perman` [ RunTime:0.013001s ]
[ sql ] [ SQL ] SELECT * FROM `tp_perman` WHERE  `token` = '67539d6992811ea93a2ecccbb61460149ded51ee' LIMIT 1 [ RunTime:0.001000s ]

---------------------------------------------------------------
[ 2018-08-18T10:56:07+08:00 ] ::1 ::1 POST /jobmana/public/index.php/login
[ log ] localhost:81/jobmana/public/index.php/login [运行时间：0.221013s][吞吐率：4.52req/s] [内存消耗：2,208.27kb] [文件加载：61]
[ info ] [ LANG ] E:\phpstudy\WWW\jobmana\thinkphp\lang\zh-cn.php
[ info ] [ ROUTE ] array (
  'type' => 'module',
  'module' => 
  array (
    0 => 'api',
    1 => 'user',
    2 => 'login',
  ),
  'convert' => false,
)
[ info ] [ HEADER ] array (
  'connection' => 'close',
  'content-length' => '443',
  'content-type' => 'multipart/form-data; boundary=--------------------------687942480423981454434673',
  'accept-encoding' => 'gzip, deflate',
  'cookie' => 'PHPSESSID=2jcq727vl1haebm6amgf4j2kv5',
  'host' => 'localhost:81',
  'accept' => '*/*',
  'user-agent' => 'PostmanRuntime/7.2.0',
  'postman-token' => 'e24c2597-c900-479e-8197-4fd61de68df6',
  'cache-control' => 'no-cache',
)
[ info ] [ PARAM ] array (
  'username' => '15703276360',
  'password' => '15120801095',
  'access_token' => '67539d6992811ea93a2ecccbb61460149ded51ee',
)
[ info ] [ DB ] INIT mysql
[ info ] [ LOG ] INIT File
[ sql ] [ DB ] CONNECT:[ UseTime:0.005001s ] mysql:dbname=tpadmin;host=127.0.0.1;charset=utf8
[ sql ] [ SQL ] SHOW COLUMNS FROM `tp_perman` [ RunTime:0.014001s ]
[ sql ] [ SQL ] SELECT * FROM `tp_perman` WHERE  `token` = '67539d6992811ea93a2ecccbb61460149ded51ee' LIMIT 1 [ RunTime:0.001000s ]
[ error ] [8]Trying to get property of non-object[E:\phpstudy\WWW\jobmana\application\api\controller\UserAuth.php:35]

---------------------------------------------------------------
[ 2018-08-18T10:56:11+08:00 ] ::1 ::1 POST /jobmana/public/index.php/login
[ log ] localhost:81/jobmana/public/index.php/login [运行时间：0.206012s][吞吐率：4.85req/s] [内存消耗：2,098.63kb] [文件加载：52]
[ info ] [ LANG ] E:\phpstudy\WWW\jobmana\thinkphp\lang\zh-cn.php
[ info ] [ ROUTE ] array (
  'type' => 'module',
  'module' => 
  array (
    0 => 'api',
    1 => 'user',
    2 => 'login',
  ),
  'convert' => false,
)
[ info ] [ HEADER ] array (
  'connection' => 'close',
  'content-length' => '444',
  'content-type' => 'multipart/form-data; boundary=--------------------------872872344021293918419975',
  'accept-encoding' => 'gzip, deflate',
  'cookie' => 'PHPSESSID=2jcq727vl1haebm6amgf4j2kv5',
  'host' => 'localhost:81',
  'accept' => '*/*',
  'user-agent' => 'PostmanRuntime/7.2.0',
  'postman-token' => 'd5a076a3-f8a0-4058-a219-bcd054ff3bea',
  'cache-control' => 'no-cache',
)
[ info ] [ PARAM ] array (
  'username' => '15703276360',
  'password' => '15120801095',
  'access_token' => '67539d6992811ea93a2ecccbb61460149ded51ee1',
)
[ info ] [ DB ] INIT mysql
[ info ] [ RUN ] app\api\controller\User->login[ E:\phpstudy\WWW\jobmana\application\api\controller\User.php ]
[ info ] [ DB ] INIT mysql
[ info ] [ DB ] INIT mysql
[ info ] [ LOG ] INIT File
[ sql ] [ DB ] CONNECT:[ UseTime:0.013001s ] mysql:dbname=tpadmin;host=127.0.0.1;charset=utf8
[ sql ] [ SQL ] SHOW COLUMNS FROM `tp_perman` [ RunTime:0.019001s ]
[ sql ] [ SQL ] SELECT * FROM `tp_perman` WHERE  `token` = '67539d6992811ea93a2ecccbb61460149ded51ee1' LIMIT 1 [ RunTime:0.004001s ]
[ sql ] [ DB ] CONNECT:[ UseTime:0.015001s ] mysql:dbname=tpadmin;host=127.0.0.1;charset=utf8
[ sql ] [ SQL ] SELECT * FROM `tp_perman` WHERE  `telphone` = '15703276360' LIMIT 1 [ RunTime:0.001000s ]
[ sql ] [ DB ] CONNECT:[ UseTime:0.004000s ] mysql:dbname=tpadmin;host=127.0.0.1;charset=utf8
[ sql ] [ SQL ] UPDATE `tp_perman`  SET `token`='076c4006f827923b211d43ba428236d60c6f1bc0',`update_time`=1534128971  WHERE  `telphone` = '15703276360' [ RunTime:0.021001s ]

---------------------------------------------------------------
[ 2018-08-18T10:57:15+08:00 ] ::1 ::1 POST /jobmana/public/index.php/login
[ log ] localhost:81/jobmana/public/index.php/login [运行时间：0.131008s][吞吐率：7.63req/s] [内存消耗：2,041.23kb] [文件加载：51]
[ info ] [ LANG ] E:\phpstudy\WWW\jobmana\thinkphp\lang\zh-cn.php
[ info ] [ ROUTE ] array (
  'type' => 'module',
  'module' => 
  array (
    0 => 'api',
    1 => 'user',
    2 => 'login',
  ),
  'convert' => false,
)
[ info ] [ HEADER ] array (
  'connection' => 'close',
  'content-length' => '443',
  'content-type' => 'multipart/form-data; boundary=--------------------------375598945300127474763740',
  'accept-encoding' => 'gzip, deflate',
  'cookie' => 'PHPSESSID=2jcq727vl1haebm6amgf4j2kv5',
  'host' => 'localhost:81',
  'accept' => '*/*',
  'user-agent' => 'PostmanRuntime/7.2.0',
  'postman-token' => '9e308b87-a022-460e-9aca-db682de08b22',
  'cache-control' => 'no-cache',
)
[ info ] [ PARAM ] array (
  'username' => '15703276360',
  'password' => '15120801095',
  'access_token' => '67539d6992811ea93a2ecccbb61460149ded51ee',
)
[ info ] [ DB ] INIT mysql
[ info ] [ LOG ] INIT File
[ sql ] [ DB ] CONNECT:[ UseTime:0.005001s ] mysql:dbname=tpadmin;host=127.0.0.1;charset=utf8
[ sql ] [ SQL ] SHOW COLUMNS FROM `tp_perman` [ RunTime:0.014000s ]
[ sql ] [ SQL ] SELECT * FROM `tp_perman` WHERE  `token` = '67539d6992811ea93a2ecccbb61460149ded51ee' LIMIT 1 [ RunTime:0.001000s ]

---------------------------------------------------------------
[ 2018-08-18T10:57:42+08:00 ] ::1 ::1 POST /jobmana/public/index.php/login
[ log ] localhost:81/jobmana/public/index.php/login [运行时间：0.158009s][吞吐率：6.33req/s] [内存消耗：2,098.56kb] [文件加载：52]
[ info ] [ LANG ] E:\phpstudy\WWW\jobmana\thinkphp\lang\zh-cn.php
[ info ] [ ROUTE ] array (
  'type' => 'module',
  'module' => 
  array (
    0 => 'api',
    1 => 'user',
    2 => 'login',
  ),
  'convert' => false,
)
[ info ] [ HEADER ] array (
  'connection' => 'close',
  'content-length' => '443',
  'content-type' => 'multipart/form-data; boundary=--------------------------106546934652378083027238',
  'accept-encoding' => 'gzip, deflate',
  'cookie' => 'PHPSESSID=2jcq727vl1haebm6amgf4j2kv5',
  'host' => 'localhost:81',
  'accept' => '*/*',
  'user-agent' => 'PostmanRuntime/7.2.0',
  'postman-token' => 'aca0d388-34a6-48c7-b44c-cfdc74c958ad',
  'cache-control' => 'no-cache',
)
[ info ] [ PARAM ] array (
  'username' => '15703276360',
  'password' => '15120801095',
  'access_token' => '67539d6992811ea93a2ecccbb61460149ded51ee',
)
[ info ] [ DB ] INIT mysql
[ info ] [ RUN ] app\api\controller\User->login[ E:\phpstudy\WWW\jobmana\application\api\controller\User.php ]
[ info ] [ DB ] INIT mysql
[ info ] [ DB ] INIT mysql
[ info ] [ LOG ] INIT File
[ sql ] [ DB ] CONNECT:[ UseTime:0.004000s ] mysql:dbname=tpadmin;host=127.0.0.1;charset=utf8
[ sql ] [ SQL ] SHOW COLUMNS FROM `tp_perman` [ RunTime:0.016001s ]
[ sql ] [ SQL ] SELECT * FROM `tp_perman` WHERE  `token` = '67539d6992811ea93a2ecccbb61460149ded51ee' LIMIT 1 [ RunTime:0.001000s ]
[ sql ] [ DB ] CONNECT:[ UseTime:0.003001s ] mysql:dbname=tpadmin;host=127.0.0.1;charset=utf8
[ sql ] [ SQL ] SELECT * FROM `tp_perman` WHERE  `telphone` = '15703276360' LIMIT 1 [ RunTime:0.001000s ]
[ sql ] [ DB ] CONNECT:[ UseTime:0.004000s ] mysql:dbname=tpadmin;host=127.0.0.1;charset=utf8
[ sql ] [ SQL ] UPDATE `tp_perman`  SET `token`='a2a29d460379585c221b463961f20e44f4391a7f',`update_time`=1534129062  WHERE  `telphone` = '15703276360' [ RunTime:0.020001s ]

---------------------------------------------------------------
[ 2018-08-18T10:57:56+08:00 ] ::1 ::1 POST /jobmana/public/index.php/login
[ log ] localhost:81/jobmana/public/index.php/login [运行时间：0.160009s][吞吐率：6.25req/s] [内存消耗：2,098.67kb] [文件加载：52]
[ info ] [ LANG ] E:\phpstudy\WWW\jobmana\thinkphp\lang\zh-cn.php
[ info ] [ ROUTE ] array (
  'type' => 'module',
  'module' => 
  array (
    0 => 'api',
    1 => 'user',
    2 => 'login',
  ),
  'convert' => false,
)
[ info ] [ HEADER ] array (
  'connection' => 'close',
  'content-length' => '444',
  'content-type' => 'multipart/form-data; boundary=--------------------------260881901556170677800767',
  'accept-encoding' => 'gzip, deflate',
  'cookie' => 'PHPSESSID=2jcq727vl1haebm6amgf4j2kv5',
  'host' => 'localhost:81',
  'accept' => '*/*',
  'user-agent' => 'PostmanRuntime/7.2.0',
  'postman-token' => '37f3545f-16bb-43fd-8dc0-cfcebf1c1755',
  'cache-control' => 'no-cache',
)
[ info ] [ PARAM ] array (
  'username' => '15703276360',
  'password' => '15120801095',
  'access_token' => '67539d6992811ea93a2ecccbb61460149ded51ee1',
)
[ info ] [ DB ] INIT mysql
[ info ] [ RUN ] app\api\controller\User->login[ E:\phpstudy\WWW\jobmana\application\api\controller\User.php ]
[ info ] [ DB ] INIT mysql
[ info ] [ DB ] INIT mysql
[ info ] [ LOG ] INIT File
[ sql ] [ DB ] CONNECT:[ UseTime:0.003000s ] mysql:dbname=tpadmin;host=127.0.0.1;charset=utf8
[ sql ] [ SQL ] SHOW COLUMNS FROM `tp_perman` [ RunTime:0.019001s ]
[ sql ] [ SQL ] SELECT * FROM `tp_perman` WHERE  `token` = '67539d6992811ea93a2ecccbb61460149ded51ee1' LIMIT 1 [ RunTime:0.001000s ]
[ sql ] [ DB ] CONNECT:[ UseTime:0.004000s ] mysql:dbname=tpadmin;host=127.0.0.1;charset=utf8
[ sql ] [ SQL ] SELECT * FROM `tp_perman` WHERE  `telphone` = '15703276360' LIMIT 1 [ RunTime:0.001000s ]
[ sql ] [ DB ] CONNECT:[ UseTime:0.003001s ] mysql:dbname=tpadmin;host=127.0.0.1;charset=utf8
[ sql ] [ SQL ] UPDATE `tp_perman`  SET `token`='cd64a13295665c6ac3d12d2b48d9a4f7a41268ad',`update_time`=1534129076  WHERE  `telphone` = '15703276360' [ RunTime:0.007000s ]

---------------------------------------------------------------
[ 2018-08-18T10:58:27+08:00 ] ::1 ::1 POST /jobmana/public/index.php/login
[ log ] localhost:81/jobmana/public/index.php/login [运行时间：0.199011s][吞吐率：5.02req/s] [内存消耗：2,098.33kb] [文件加载：52]
[ info ] [ LANG ] E:\phpstudy\WWW\jobmana\thinkphp\lang\zh-cn.php
[ info ] [ ROUTE ] array (
  'type' => 'module',
  'module' => 
  array (
    0 => 'api',
    1 => 'user',
    2 => 'login',
  ),
  'convert' => false,
)
[ info ] [ HEADER ] array (
  'connection' => 'close',
  'content-length' => '444',
  'content-type' => 'multipart/form-data; boundary=--------------------------389359726986714724087879',
  'accept-encoding' => 'gzip, deflate',
  'cookie' => 'PHPSESSID=2jcq727vl1haebm6amgf4j2kv5',
  'host' => 'localhost:81',
  'accept' => '*/*',
  'user-agent' => 'PostmanRuntime/7.2.0',
  'postman-token' => '8fd772e5-bc04-4573-b4a1-bffd811031a1',
  'cache-control' => 'no-cache',
)
[ info ] [ PARAM ] array (
  'username' => '15703276360',
  'password' => '15120801095',
  'access_token' => '67539d6992811ea93a2ecccbb61460149ded51ee1',
)
[ info ] [ DB ] INIT mysql
[ info ] [ RUN ] app\api\controller\User->login[ E:\phpstudy\WWW\jobmana\application\api\controller\User.php ]
[ info ] [ DB ] INIT mysql
[ info ] [ DB ] INIT mysql
[ info ] [ LOG ] INIT File
[ sql ] [ DB ] CONNECT:[ UseTime:0.004000s ] mysql:dbname=tpadmin;host=127.0.0.1;charset=utf8
[ sql ] [ SQL ] SHOW COLUMNS FROM `tp_perman` [ RunTime:0.015000s ]
[ sql ] [ SQL ] SELECT * FROM `tp_perman` WHERE  `token` = '67539d6992811ea93a2ecccbb61460149ded51ee1' LIMIT 1 [ RunTime:0.001001s ]
[ sql ] [ DB ] CONNECT:[ UseTime:0.004000s ] mysql:dbname=tpadmin;host=127.0.0.1;charset=utf8
[ sql ] [ SQL ] SELECT * FROM `tp_perman` WHERE  `telphone` = '15703276360' LIMIT 1 [ RunTime:0.001000s ]
[ sql ] [ DB ] CONNECT:[ UseTime:0.004000s ] mysql:dbname=tpadmin;host=127.0.0.1;charset=utf8
[ sql ] [ SQL ] UPDATE `tp_perman`  SET `token`='3e6b3d887700caba9a837d22d27266dadf6be4db',`update_time`=1534129107  WHERE  `telphone` = '15703276360' [ RunTime:0.021002s ]

---------------------------------------------------------------
[ 2018-08-18T11:11:57+08:00 ] ::1 ::1 POST /jobmana/public/index.php/login
[ log ] localhost:81/jobmana/public/index.php/login [运行时间：0.189011s][吞吐率：5.29req/s] [内存消耗：2,063.20kb] [文件加载：51]
[ info ] [ LANG ] E:\phpstudy\WWW\jobmana\thinkphp\lang\zh-cn.php
[ info ] [ ROUTE ] array (
  'type' => 'module',
  'module' => 
  array (
    0 => 'api',
    1 => 'user',
    2 => 'login',
  ),
  'convert' => false,
)
[ info ] [ HEADER ] array (
  'connection' => 'close',
  'content-length' => '444',
  'content-type' => 'multipart/form-data; boundary=--------------------------842654403948921651108075',
  'accept-encoding' => 'gzip, deflate',
  'cookie' => 'PHPSESSID=2jcq727vl1haebm6amgf4j2kv5',
  'host' => 'localhost:81',
  'accept' => '*/*',
  'user-agent' => 'PostmanRuntime/7.2.0',
  'postman-token' => '87e9aad4-9213-4fbf-8d76-10433d4de026',
  'cache-control' => 'no-cache',
)
[ info ] [ PARAM ] array (
  'username' => '15703276360',
  'password' => '15120801095',
  'access_token' => '67539d6992811ea93a2ecccbb61460149ded51ee1',
)
[ info ] [ RUN ] app\api\controller\User->login[ E:\phpstudy\WWW\jobmana\application\api\controller\User.php ]
[ info ] [ DB ] INIT mysql
[ info ] [ DB ] INIT mysql
[ info ] [ LOG ] INIT File
[ sql ] [ DB ] CONNECT:[ UseTime:0.005000s ] mysql:dbname=tpadmin;host=127.0.0.1;charset=utf8
[ sql ] [ SQL ] SHOW COLUMNS FROM `tp_perman` [ RunTime:0.019002s ]
[ sql ] [ SQL ] SELECT * FROM `tp_perman` WHERE  `telphone` = '15703276360' LIMIT 1 [ RunTime:0.000000s ]
[ sql ] [ DB ] CONNECT:[ UseTime:0.004000s ] mysql:dbname=tpadmin;host=127.0.0.1;charset=utf8
[ sql ] [ SQL ] UPDATE `tp_perman`  SET `token`='3e5d776a862f0cd6d6faddf27bcb65b13cf02585',`update_time`=1534129917  WHERE  `telphone` = '15703276360' [ RunTime:0.020001s ]

---------------------------------------------------------------
[ 2018-08-18T11:12:59+08:00 ] ::1 ::1 POST /jobmana/public/index.php/login
[ log ] localhost:81/jobmana/public/index.php/login [运行时间：0.330019s][吞吐率：3.03req/s] [内存消耗：2,063.27kb] [文件加载：51]
[ info ] [ LANG ] E:\phpstudy\WWW\jobmana\thinkphp\lang\zh-cn.php
[ info ] [ ROUTE ] array (
  'type' => 'module',
  'module' => 
  array (
    0 => 'api',
    1 => 'user',
    2 => 'login',
  ),
  'convert' => false,
)
[ info ] [ HEADER ] array (
  'connection' => 'close',
  'content-length' => '443',
  'content-type' => 'multipart/form-data; boundary=--------------------------442098524526122220335619',
  'accept-encoding' => 'gzip, deflate',
  'cookie' => 'PHPSESSID=2jcq727vl1haebm6amgf4j2kv5',
  'host' => 'localhost:81',
  'accept' => '*/*',
  'user-agent' => 'PostmanRuntime/7.2.0',
  'postman-token' => 'b5068c28-f656-4261-8ef5-1fab80356df7',
  'cache-control' => 'no-cache',
)
[ info ] [ PARAM ] array (
  'username' => '15703276360',
  'password' => '15120801095',
  'access_token' => '3e5d776a862f0cd6d6faddf27bcb65b13cf02585',
)
[ info ] [ RUN ] app\api\controller\User->login[ E:\phpstudy\WWW\jobmana\application\api\controller\User.php ]
[ info ] [ DB ] INIT mysql
[ info ] [ DB ] INIT mysql
[ info ] [ LOG ] INIT File
[ sql ] [ DB ] CONNECT:[ UseTime:0.003000s ] mysql:dbname=tpadmin;host=127.0.0.1;charset=utf8
[ sql ] [ SQL ] SHOW COLUMNS FROM `tp_perman` [ RunTime:0.015001s ]
[ sql ] [ SQL ] SELECT * FROM `tp_perman` WHERE  `telphone` = '15703276360' LIMIT 1 [ RunTime:0.001000s ]
[ sql ] [ DB ] CONNECT:[ UseTime:0.004000s ] mysql:dbname=tpadmin;host=127.0.0.1;charset=utf8
[ sql ] [ SQL ] UPDATE `tp_perman`  SET `token`='605679b343342163d8d2e560c2b9940bcb076bb3',`update_time`=1534129979  WHERE  `telphone` = '15703276360' [ RunTime:0.020001s ]

---------------------------------------------------------------
[ 2018-08-18T11:14:09+08:00 ] ::1 ::1 POST /jobmana/public/index.php/login
[ log ] localhost:81/jobmana/public/index.php/login [运行时间：0.231013s][吞吐率：4.33req/s] [内存消耗：2,063.45kb] [文件加载：51]
[ info ] [ LANG ] E:\phpstudy\WWW\jobmana\thinkphp\lang\zh-cn.php
[ info ] [ ROUTE ] array (
  'type' => 'module',
  'module' => 
  array (
    0 => 'api',
    1 => 'user',
    2 => 'login',
  ),
  'convert' => false,
)
[ info ] [ HEADER ] array (
  'connection' => 'close',
  'content-length' => '443',
  'content-type' => 'multipart/form-data; boundary=--------------------------249588626787272840572308',
  'accept-encoding' => 'gzip, deflate',
  'cookie' => 'PHPSESSID=2jcq727vl1haebm6amgf4j2kv5',
  'host' => 'localhost:81',
  'accept' => '*/*',
  'user-agent' => 'PostmanRuntime/7.2.0',
  'postman-token' => '2e59fd9f-a410-4b32-ad8f-bce40f670b4d',
  'cache-control' => 'no-cache',
)
[ info ] [ PARAM ] array (
  'username' => '15703276360',
  'password' => '15120801095',
  'access_token' => '605679b343342163d8d2e560c2b9940bcb076bb3',
)
[ info ] [ RUN ] app\api\controller\User->login[ E:\phpstudy\WWW\jobmana\application\api\controller\User.php ]
[ info ] [ DB ] INIT mysql
[ info ] [ DB ] INIT mysql
[ info ] [ LOG ] INIT File
[ sql ] [ DB ] CONNECT:[ UseTime:0.004000s ] mysql:dbname=tpadmin;host=127.0.0.1;charset=utf8
[ sql ] [ SQL ] SHOW COLUMNS FROM `tp_perman` [ RunTime:0.014001s ]
[ sql ] [ SQL ] SELECT * FROM `tp_perman` WHERE  `telphone` = '15703276360' LIMIT 1 [ RunTime:0.000000s ]
[ sql ] [ DB ] CONNECT:[ UseTime:0.004000s ] mysql:dbname=tpadmin;host=127.0.0.1;charset=utf8
[ sql ] [ SQL ] UPDATE `tp_perman`  SET `token`='d4ad05813fb8c82e92a5d8f043f944858618232e',`update_time`=1534130049  WHERE  `telphone` = '15703276360' [ RunTime:0.020001s ]

---------------------------------------------------------------
[ 2018-08-18T11:15:34+08:00 ] ::1 ::1 POST /jobmana/public/index.php/login
[ log ] localhost:81/jobmana/public/index.php/login [运行时间：0.203011s][吞吐率：4.93req/s] [内存消耗：2,061.86kb] [文件加载：51]
[ info ] [ LANG ] E:\phpstudy\WWW\jobmana\thinkphp\lang\zh-cn.php
[ info ] [ ROUTE ] array (
  'type' => 'module',
  'module' => 
  array (
    0 => 'api',
    1 => 'user',
    2 => 'login',
  ),
  'convert' => false,
)
[ info ] [ HEADER ] array (
  'connection' => 'close',
  'content-length' => '443',
  'content-type' => 'multipart/form-data; boundary=--------------------------604351223262638220647695',
  'accept-encoding' => 'gzip, deflate',
  'cookie' => 'PHPSESSID=2jcq727vl1haebm6amgf4j2kv5',
  'host' => 'localhost:81',
  'accept' => '*/*',
  'user-agent' => 'PostmanRuntime/7.2.0',
  'postman-token' => 'f23c1c39-8336-400c-bdc7-437f656d5734',
  'cache-control' => 'no-cache',
)
[ info ] [ PARAM ] array (
  'username' => '15703276360',
  'password' => '15120801095',
  'access_token' => '605679b343342163d8d2e560c2b9940bcb076bb3',
)
[ info ] [ RUN ] app\api\controller\User->login[ E:\phpstudy\WWW\jobmana\application\api\controller\User.php ]
[ info ] [ DB ] INIT mysql
[ info ] [ DB ] INIT mysql
[ info ] [ LOG ] INIT File
[ sql ] [ DB ] CONNECT:[ UseTime:0.004001s ] mysql:dbname=tpadmin;host=127.0.0.1;charset=utf8
[ sql ] [ SQL ] SHOW COLUMNS FROM `tp_perman` [ RunTime:0.014001s ]
[ sql ] [ SQL ] SELECT * FROM `tp_perman` WHERE  `telphone` = '15703276360' LIMIT 1 [ RunTime:0.000000s ]
[ sql ] [ DB ] CONNECT:[ UseTime:0.004000s ] mysql:dbname=tpadmin;host=127.0.0.1;charset=utf8
[ sql ] [ SQL ] UPDATE `tp_perman`  SET `token`='b656ff1de0223f49a67508ae93efc334cbfe7c9e',`update_time`=1534130134  WHERE  `telphone` = '15703276360' [ RunTime:0.014001s ]

---------------------------------------------------------------
[ 2018-08-18T11:15:49+08:00 ] ::1 ::1 POST /jobmana/public/index.php/login
[ log ] localhost:81/jobmana/public/index.php/login [运行时间：0.119007s][吞吐率：8.40req/s] [内存消耗：1,326.43kb] [文件加载：43]
[ info ] [ LANG ] E:\phpstudy\WWW\jobmana\thinkphp\lang\zh-cn.php
[ info ] [ ROUTE ] array (
  'type' => 'module',
  'module' => 
  array (
    0 => 'api',
    1 => 'user',
    2 => 'login',
  ),
  'convert' => false,
)
[ info ] [ HEADER ] array (
  'connection' => 'close',
  'content-length' => '444',
  'content-type' => 'multipart/form-data; boundary=--------------------------292162286610155597189394',
  'accept-encoding' => 'gzip, deflate',
  'cookie' => 'PHPSESSID=2jcq727vl1haebm6amgf4j2kv5',
  'host' => 'localhost:81',
  'accept' => '*/*',
  'user-agent' => 'PostmanRuntime/7.2.0',
  'postman-token' => '0f99cd46-95a2-49c4-aff5-f75e7e3ae31a',
  'cache-control' => 'no-cache',
)
[ info ] [ PARAM ] array (
  'username' => '157032763601',
  'password' => '15120801095',
  'access_token' => '605679b343342163d8d2e560c2b9940bcb076bb3',
)
[ info ] [ LOG ] INIT File

---------------------------------------------------------------
[ 2018-08-18T11:15:55+08:00 ] ::1 ::1 POST /jobmana/public/index.php/login
[ log ] localhost:81/jobmana/public/index.php/login [运行时间：0.160009s][吞吐率：6.25req/s] [内存消耗：2,028.70kb] [文件加载：50]
[ info ] [ LANG ] E:\phpstudy\WWW\jobmana\thinkphp\lang\zh-cn.php
[ info ] [ ROUTE ] array (
  'type' => 'module',
  'module' => 
  array (
    0 => 'api',
    1 => 'user',
    2 => 'login',
  ),
  'convert' => false,
)
[ info ] [ HEADER ] array (
  'connection' => 'close',
  'content-length' => '443',
  'content-type' => 'multipart/form-data; boundary=--------------------------662394452430359736882602',
  'accept-encoding' => 'gzip, deflate',
  'cookie' => 'PHPSESSID=2jcq727vl1haebm6amgf4j2kv5',
  'host' => 'localhost:81',
  'accept' => '*/*',
  'user-agent' => 'PostmanRuntime/7.2.0',
  'postman-token' => 'c74979d5-9437-46d7-8e13-f32fec6ceeca',
  'cache-control' => 'no-cache',
)
[ info ] [ PARAM ] array (
  'username' => '15703276361',
  'password' => '15120801095',
  'access_token' => '605679b343342163d8d2e560c2b9940bcb076bb3',
)
[ info ] [ RUN ] app\api\controller\User->login[ E:\phpstudy\WWW\jobmana\application\api\controller\User.php ]
[ info ] [ DB ] INIT mysql
[ info ] [ LOG ] INIT File
[ sql ] [ DB ] CONNECT:[ UseTime:0.004001s ] mysql:dbname=tpadmin;host=127.0.0.1;charset=utf8
[ sql ] [ SQL ] SHOW COLUMNS FROM `tp_perman` [ RunTime:0.015000s ]
[ sql ] [ SQL ] SELECT * FROM `tp_perman` WHERE  `telphone` = '15703276361' LIMIT 1 [ RunTime:0.001000s ]

---------------------------------------------------------------
[ 2018-08-18T11:16:02+08:00 ] ::1 ::1 POST /jobmana/public/index.php/login
[ log ] localhost:81/jobmana/public/index.php/login [运行时间：0.122007s][吞吐率：8.20req/s] [内存消耗：1,326.48kb] [文件加载：43]
[ info ] [ LANG ] E:\phpstudy\WWW\jobmana\thinkphp\lang\zh-cn.php
[ info ] [ ROUTE ] array (
  'type' => 'module',
  'module' => 
  array (
    0 => 'api',
    1 => 'user',
    2 => 'login',
  ),
  'convert' => false,
)
[ info ] [ HEADER ] array (
  'connection' => 'close',
  'content-length' => '443',
  'content-type' => 'multipart/form-data; boundary=--------------------------657825852940619408429942',
  'accept-encoding' => 'gzip, deflate',
  'cookie' => 'PHPSESSID=2jcq727vl1haebm6amgf4j2kv5',
  'host' => 'localhost:81',
  'accept' => '*/*',
  'user-agent' => 'PostmanRuntime/7.2.0',
  'postman-token' => '1ec4e29d-5815-4df4-ac04-2aecdfd77df6',
  'cache-control' => 'no-cache',
)
[ info ] [ PARAM ] array (
  'username' => '15703276360',
  'password' => '1512080109e',
  'access_token' => '605679b343342163d8d2e560c2b9940bcb076bb3',
)
[ info ] [ LOG ] INIT File

---------------------------------------------------------------
[ 2018-08-18T11:16:06+08:00 ] ::1 ::1 POST /jobmana/public/index.php/login
[ log ] localhost:81/jobmana/public/index.php/login [运行时间：0.175010s][吞吐率：5.71req/s] [内存消耗：2,033.02kb] [文件加载：50]
[ info ] [ LANG ] E:\phpstudy\WWW\jobmana\thinkphp\lang\zh-cn.php
[ info ] [ ROUTE ] array (
  'type' => 'module',
  'module' => 
  array (
    0 => 'api',
    1 => 'user',
    2 => 'login',
  ),
  'convert' => false,
)
[ info ] [ HEADER ] array (
  'connection' => 'close',
  'content-length' => '443',
  'content-type' => 'multipart/form-data; boundary=--------------------------027370457748956895970468',
  'accept-encoding' => 'gzip, deflate',
  'cookie' => 'PHPSESSID=2jcq727vl1haebm6amgf4j2kv5',
  'host' => 'localhost:81',
  'accept' => '*/*',
  'user-agent' => 'PostmanRuntime/7.2.0',
  'postman-token' => 'b087120c-7028-4a82-bbff-0199c276f748',
  'cache-control' => 'no-cache',
)
[ info ] [ PARAM ] array (
  'username' => '15703276360',
  'password' => '15120801094',
  'access_token' => '605679b343342163d8d2e560c2b9940bcb076bb3',
)
[ info ] [ RUN ] app\api\controller\User->login[ E:\phpstudy\WWW\jobmana\application\api\controller\User.php ]
[ info ] [ DB ] INIT mysql
[ info ] [ LOG ] INIT File
[ sql ] [ DB ] CONNECT:[ UseTime:0.004001s ] mysql:dbname=tpadmin;host=127.0.0.1;charset=utf8
[ sql ] [ SQL ] SHOW COLUMNS FROM `tp_perman` [ RunTime:0.015001s ]
[ sql ] [ SQL ] SELECT * FROM `tp_perman` WHERE  `telphone` = '15703276360' LIMIT 1 [ RunTime:0.001000s ]

---------------------------------------------------------------
[ 2018-08-18T11:16:20+08:00 ] ::1 ::1 POST /jobmana/public/index.php/login
[ log ] localhost:81/jobmana/public/index.php/login [运行时间：0.177011s][吞吐率：5.65req/s] [内存消耗：2,061.86kb] [文件加载：51]
[ info ] [ LANG ] E:\phpstudy\WWW\jobmana\thinkphp\lang\zh-cn.php
[ info ] [ ROUTE ] array (
  'type' => 'module',
  'module' => 
  array (
    0 => 'api',
    1 => 'user',
    2 => 'login',
  ),
  'convert' => false,
)
[ info ] [ HEADER ] array (
  'connection' => 'close',
  'content-length' => '443',
  'content-type' => 'multipart/form-data; boundary=--------------------------664253339233837717410905',
  'accept-encoding' => 'gzip, deflate',
  'cookie' => 'PHPSESSID=2jcq727vl1haebm6amgf4j2kv5',
  'host' => 'localhost:81',
  'accept' => '*/*',
  'user-agent' => 'PostmanRuntime/7.2.0',
  'postman-token' => '8d0a382f-9a14-471c-b8ef-b8adfda45bce',
  'cache-control' => 'no-cache',
)
[ info ] [ PARAM ] array (
  'username' => '15703276360',
  'password' => '15120801095',
  'access_token' => '605679b343342163d8d2e560c2b9940bcb076bb3',
)
[ info ] [ RUN ] app\api\controller\User->login[ E:\phpstudy\WWW\jobmana\application\api\controller\User.php ]
[ info ] [ DB ] INIT mysql
[ info ] [ DB ] INIT mysql
[ info ] [ LOG ] INIT File
[ sql ] [ DB ] CONNECT:[ UseTime:0.004000s ] mysql:dbname=tpadmin;host=127.0.0.1;charset=utf8
[ sql ] [ SQL ] SHOW COLUMNS FROM `tp_perman` [ RunTime:0.014001s ]
[ sql ] [ SQL ] SELECT * FROM `tp_perman` WHERE  `telphone` = '15703276360' LIMIT 1 [ RunTime:0.001000s ]
[ sql ] [ DB ] CONNECT:[ UseTime:0.003000s ] mysql:dbname=tpadmin;host=127.0.0.1;charset=utf8
[ sql ] [ SQL ] UPDATE `tp_perman`  SET `token`='1a38597933c93ef45ec369650c581b26b48ba38d',`update_time`=1534130180  WHERE  `telphone` = '15703276360' [ RunTime:0.006000s ]

---------------------------------------------------------------
[ 2018-08-18T11:17:17+08:00 ] [ sql ] [ DB ] CONNECT:[ UseTime:0.006000s ] mysql:dbname=tpadmin;host=127.0.0.1;charset=utf8
[ sql ] [ SQL ] SHOW COLUMNS FROM `tp_perman` [ RunTime:0.014001s ]
[ sql ] [ SQL ] SELECT * FROM `tp_perman` WHERE  `telphone` = '15703276364' LIMIT 1 [ RunTime:0.000000s ]

---------------------------------------------------------------
[ 2018-08-18T11:17:25+08:00 ] [ sql ] [ DB ] CONNECT:[ UseTime:0.005000s ] mysql:dbname=tpadmin;host=127.0.0.1;charset=utf8
[ sql ] [ SQL ] SHOW COLUMNS FROM `tp_perman` [ RunTime:0.015001s ]
[ sql ] [ SQL ] SELECT * FROM `tp_perman` WHERE  `telphone` = '15703276360' LIMIT 1 [ RunTime:0.000000s ]
[ sql ] [ DB ] CONNECT:[ UseTime:0.004000s ] mysql:dbname=tpadmin;host=127.0.0.1;charset=utf8
[ sql ] [ SQL ] UPDATE `tp_perman`  SET `token`='3b2f2b11d758dd991792e4fb07e0c237c476d80c',`update_time`=1534130245  WHERE  `telphone` = '15703276360' [ RunTime:0.021001s ]

---------------------------------------------------------------
[ 2018-08-18T11:18:59+08:00 ] [ error ] [0]数据不合法哦

---------------------------------------------------------------
[ 2018-08-18T11:19:35+08:00 ] [ sql ] [ DB ] CONNECT:[ UseTime:0.007000s ] mysql:dbname=tpadmin;host=127.0.0.1;charset=utf8
[ sql ] [ SQL ] SHOW COLUMNS FROM `tp_perman` [ RunTime:0.013000s ]
[ sql ] [ SQL ] SELECT * FROM `tp_perman` WHERE  `telphone` = '15703276361' LIMIT 1 [ RunTime:0.000000s ]

---------------------------------------------------------------
[ 2018-08-18T11:19:41+08:00 ] [ sql ] [ DB ] CONNECT:[ UseTime:0.006000s ] mysql:dbname=tpadmin;host=127.0.0.1;charset=utf8
[ sql ] [ SQL ] SHOW COLUMNS FROM `tp_perman` [ RunTime:0.015001s ]
[ sql ] [ SQL ] SELECT * FROM `tp_perman` WHERE  `telphone` = '15703276360' LIMIT 1 [ RunTime:0.001000s ]
[ sql ] [ DB ] CONNECT:[ UseTime:0.004001s ] mysql:dbname=tpadmin;host=127.0.0.1;charset=utf8
[ sql ] [ SQL ] UPDATE `tp_perman`  SET `token`='8cb1fe8ae8da8820f93185459383f3b2f6f5792e',`update_time`=1534130380  WHERE  `telphone` = '15703276360' [ RunTime:0.013000s ]

---------------------------------------------------------------
[ 2018-08-18T11:21:13+08:00 ] [ sql ] [ DB ] CONNECT:[ UseTime:0.006000s ] mysql:dbname=tpadmin;host=127.0.0.1;charset=utf8
[ sql ] [ SQL ] SHOW COLUMNS FROM `tp_perman` [ RunTime:0.014001s ]
[ sql ] [ SQL ] SELECT * FROM `tp_perman` WHERE  `telphone` = '15703276360' LIMIT 1 [ RunTime:0.000000s ]
[ sql ] [ DB ] CONNECT:[ UseTime:0.004001s ] mysql:dbname=tpadmin;host=127.0.0.1;charset=utf8
[ sql ] [ SQL ] UPDATE `tp_perman`  SET `token`='c08b9dcbaeb09bc16abd59615dc5d23ba8107861',`update_time`=1534130473  WHERE  `telphone` = '15703276360' [ RunTime:0.013000s ]

---------------------------------------------------------------
[ 2018-08-18T11:21:37+08:00 ] [ error ] [0]数据不合法哦

---------------------------------------------------------------
[ 2018-08-18T11:21:47+08:00 ] [ error ] [0]数据不合法哦

---------------------------------------------------------------
[ 2018-08-18T11:22:38+08:00 ] [ error ] [0]数据不合法哦

---------------------------------------------------------------
[ 2018-08-18T11:22:48+08:00 ] [ sql ] [ DB ] CONNECT:[ UseTime:0.006001s ] mysql:dbname=tpadmin;host=127.0.0.1;charset=utf8
[ sql ] [ SQL ] SHOW COLUMNS FROM `tp_perman` [ RunTime:0.015001s ]
[ sql ] [ SQL ] SELECT * FROM `tp_perman` WHERE  `telphone` = '15703276360' LIMIT 1 [ RunTime:0.000000s ]
[ sql ] [ DB ] CONNECT:[ UseTime:0.004000s ] mysql:dbname=tpadmin;host=127.0.0.1;charset=utf8
[ sql ] [ SQL ] UPDATE `tp_perman`  SET `token`='67d53ef6feac46cd3a25f472a6e7614ada166746',`update_time`=1534130568  WHERE  `telphone` = '15703276360' [ RunTime:0.013001s ]

---------------------------------------------------------------
[ 2018-08-18T12:48:46+08:00 ] [ sql ] [ DB ] CONNECT:[ UseTime:0.022001s ] mysql:dbname=tpadmin;host=127.0.0.1;charset=utf8
[ sql ] [ SQL ] SHOW COLUMNS FROM `tp_perman` [ RunTime:0.041003s ]
[ sql ] [ SQL ] SELECT * FROM `tp_perman` WHERE  `telphone` = '15703276360' LIMIT 1 [ RunTime:0.002000s ]
[ sql ] [ DB ] CONNECT:[ UseTime:0.005000s ] mysql:dbname=tpadmin;host=127.0.0.1;charset=utf8
[ sql ] [ SQL ] UPDATE `tp_perman`  SET `token`='37150cfb2ada179f6b9a5de70ab4514ea7427396',`update_time`=1534135723  WHERE  `telphone` = '15703276360' [ RunTime:1.444083s ]

---------------------------------------------------------------
[ 2018-08-18T12:54:09+08:00 ] [ sql ] [ DB ] CONNECT:[ UseTime:0.006000s ] mysql:dbname=tpadmin;host=127.0.0.1;charset=utf8
[ sql ] [ SQL ] SHOW COLUMNS FROM `tp_perman` [ RunTime:0.014000s ]
[ sql ] [ SQL ] SELECT * FROM `tp_perman` WHERE  `telphone` = '15703276360' LIMIT 1 [ RunTime:0.001001s ]
[ sql ] [ DB ] CONNECT:[ UseTime:0.004000s ] mysql:dbname=tpadmin;host=127.0.0.1;charset=utf8
[ sql ] [ SQL ] UPDATE `tp_perman`  SET `token`='ded08d1b1cf99fb11a228c1167e69f0f4f1e0716',`update_time`=1534136049  WHERE  `telphone` = '15703276360' [ RunTime:0.020001s ]

---------------------------------------------------------------
